<?xml version="1.0" encoding="UTF-8"?>
<!-- Generated by org.testng.reporters.JUnitXMLReporter -->
<testsuite ignored="0" hostname="WIN-JD5AAM1B6TV" failures="0" tests="7" name="Default test" time="0.073" errors="0" timestamp="2021-12-05T20:17:03 MSK">
  <testcase classname="test.jwd.task01basic.service.TriangleAreaTest" name="testAreaCalculationNeg" time="0.012"/>
  <testcase classname="test.jwd.task01basic.service.TriangleAreaTest" name="testAreaCalculationNeg" time="0.002"/>
  <testcase classname="test.jwd.task01basic.service.TriangleAreaTest" name="testAreaCalculationNeg" time="0.002"/>
  <testcase classname="test.jwd.task01basic.service.TriangleAreaTest" name="testAreaCalculationPos" time="0.006"/>
  <testcase classname="test.jwd.task01basic.service.TriangleAreaTest" name="testAreaCalculationPos" time="0.001"/>
  <testcase classname="test.jwd.task01basic.service.TriangleAreaTest" name="testAreaCalculationPos" time="0.001"/>
  <testcase classname="test.jwd.task01basic.service.TriangleAreaTest" name="testAreaCalculationPos" time="0.001"/>
</testsuite> <!-- Default test -->
