<?xml version="1.0" encoding="UTF-8"?>
<!-- Generated by org.testng.reporters.JUnitXMLReporter -->
<testsuite ignored="0" hostname="WIN-JD5AAM1B6TV" failures="0" tests="7" name="Default test" time="0.057" errors="0" timestamp="2021-11-25T12:31:26 MSK">
  <testcase classname="test.jwd.task01basic.service.ConverToIntServiceTest" name="testConvertToInt" time="0.006"/>
  <testcase classname="test.jwd.task01basic.service.ConverToIntServiceTest" name="testConvertToInt" time="0.0"/>
  <testcase classname="test.jwd.task01basic.service.ConverToIntServiceTest" name="testConvertToInt" time="0.001"/>
  <testcase classname="test.jwd.task01basic.service.ConverToIntServiceTest" name="testConvertToInt" time="0.001"/>
  <testcase classname="test.jwd.task01basic.service.ConverToIntServiceTest" name="testConvertToInt" time="0.001"/>
  <testcase classname="test.jwd.task01basic.service.ConverToIntServiceTest" name="testConvertToInt" time="0.001"/>
  <testcase classname="test.jwd.task01basic.service.ConverToIntServiceTest" name="testConvertToInt" time="0.0"/>
</testsuite> <!-- Default test -->
