<?xml version="1.0" encoding="UTF-8"?>
<testng-results ignored="0" total="55" passed="55" failed="0" skipped="0">
  <reporter-output>
  </reporter-output>
  <suite started-at="2021-11-29T17:05:52 MSK" name="Default suite" finished-at="2021-11-29T17:05:52 MSK" duration-ms="153">
    <groups>
      <group name="service">
        <method signature="AverageOfTwoNumberTest.testCalculationAverage([D,double)[pri:0, instance:test.jwd.task01basic.service.AverageOfTwoNumberTest@2f8dad04]" name="testCalculationAverage" class="test.jwd.task01basic.service.AverageOfTwoNumberTest"/>
        <method signature="ConvertToCharTest.testConvertToChar([C,int)[pri:0, instance:test.jwd.task01basic.service.ConvertToCharTest@20f5239f]" name="testConvertToChar" class="test.jwd.task01basic.service.ConvertToCharTest"/>
        <method signature="ConvertToIntTest.testConvertToInt(char,int)[pri:0, instance:test.jwd.task01basic.service.ConvertToIntTest@3514a4c0]" name="testConvertToInt" class="test.jwd.task01basic.service.ConvertToIntTest"/>
        <method signature="PhysicsTest.testDistance([I,int)[pri:0, instance:test.jwd.task01basic.service.PhysicsTest@5f9b2141]" name="testDistance" class="test.jwd.task01basic.service.PhysicsTest"/>
        <method signature="RectangleAreaTest.testAreaCalculation([D,double)[pri:0, instance:test.jwd.task01basic.service.RectangleAreaTest@6c130c45]" name="testAreaCalculation" class="test.jwd.task01basic.service.RectangleAreaTest"/>
        <method signature="TriangleAreaTest.testAreaCalculation(double,double)[pri:0, instance:test.jwd.task01basic.service.TriangleAreaTest@446293d]" name="testAreaCalculation" class="test.jwd.task01basic.service.TriangleAreaTest"/>
        <method signature="TriangleHeightTest.testHeightCalculation(double,double)[pri:0, instance:test.jwd.task01basic.service.TriangleHeightTest@223aa2f7]" name="testHeightCalculation" class="test.jwd.task01basic.service.TriangleHeightTest"/>
        <method signature="TriangleRadiusInTest.testRadiusInCalculation(double,double)[pri:0, instance:test.jwd.task01basic.service.TriangleRadiusInTest@6bedbc4d]" name="testRadiusInCalculation" class="test.jwd.task01basic.service.TriangleRadiusInTest"/>
        <method signature="TriangleRadiusOutTest.testRadiusOutCalculation(double,double)[pri:0, instance:test.jwd.task01basic.service.TriangleRadiusOutTest@10163d6]" name="testRadiusOutCalculation" class="test.jwd.task01basic.service.TriangleRadiusOutTest"/>
      </group> <!-- service -->
    </groups>
    <test started-at="2021-11-29T17:05:52 MSK" name="Default test" finished-at="2021-11-29T17:05:52 MSK" duration-ms="153">
      <class name="test.jwd.task01basic.service.TriangleRadiusOutTest">
        <test-method signature="testRadiusOutCalculation(double,double)[pri:0, instance:test.jwd.task01basic.service.TriangleRadiusOutTest@10163d6]" started-at="2021-11-29T17:05:52 MSK" name="testRadiusOutCalculation" data-provider="DataForRadiusOut" finished-at="2021-11-29T17:05:52 MSK" duration-ms="1" status="PASS">
          <params>
            <param index="0">
              <value>
                <![CDATA[5.0]]>
              </value>
            </param>
            <param index="1">
              <value>
                <![CDATA[2.886751]]>
              </value>
            </param>
          </params>
          <reporter-output>
          </reporter-output>
        </test-method> <!-- testRadiusOutCalculation -->
        <test-method signature="testRadiusOutCalculation(double,double)[pri:0, instance:test.jwd.task01basic.service.TriangleRadiusOutTest@10163d6]" started-at="2021-11-29T17:05:52 MSK" name="testRadiusOutCalculation" data-provider="DataForRadiusOut" finished-at="2021-11-29T17:05:52 MSK" duration-ms="1" status="PASS">
          <params>
            <param index="0">
              <value>
                <![CDATA[1.0]]>
              </value>
            </param>
            <param index="1">
              <value>
                <![CDATA[0.57735]]>
              </value>
            </param>
          </params>
          <reporter-output>
          </reporter-output>
        </test-method> <!-- testRadiusOutCalculation -->
        <test-method signature="testRadiusOutCalculation(double,double)[pri:0, instance:test.jwd.task01basic.service.TriangleRadiusOutTest@10163d6]" started-at="2021-11-29T17:05:52 MSK" name="testRadiusOutCalculation" data-provider="DataForRadiusOut" finished-at="2021-11-29T17:05:52 MSK" duration-ms="1" status="PASS">
          <params>
            <param index="0">
              <value>
                <![CDATA[2.0]]>
              </value>
            </param>
            <param index="1">
              <value>
                <![CDATA[1.154701]]>
              </value>
            </param>
          </params>
          <reporter-output>
          </reporter-output>
        </test-method> <!-- testRadiusOutCalculation -->
        <test-method signature="testRadiusOutCalculation(double,double)[pri:0, instance:test.jwd.task01basic.service.TriangleRadiusOutTest@10163d6]" started-at="2021-11-29T17:05:52 MSK" name="testRadiusOutCalculation" data-provider="DataForRadiusOut" finished-at="2021-11-29T17:05:52 MSK" duration-ms="1" status="PASS">
          <params>
            <param index="0">
              <value>
                <![CDATA[100]]>
              </value>
            </param>
            <param index="1">
              <value>
                <![CDATA[57.735027]]>
              </value>
            </param>
          </params>
          <reporter-output>
          </reporter-output>
        </test-method> <!-- testRadiusOutCalculation -->
        <test-method signature="testRadiusOutCalculation(double,double)[pri:0, instance:test.jwd.task01basic.service.TriangleRadiusOutTest@10163d6]" started-at="2021-11-29T17:05:52 MSK" name="testRadiusOutCalculation" data-provider="DataForRadiusOut" finished-at="2021-11-29T17:05:52 MSK" duration-ms="1" status="PASS">
          <params>
            <param index="0">
              <value>
                <![CDATA[2147483647]]>
              </value>
            </param>
            <param index="1">
              <value>
                <![CDATA[1.239850261675769E9]]>
              </value>
            </param>
          </params>
          <reporter-output>
          </reporter-output>
        </test-method> <!-- testRadiusOutCalculation -->
      </class> <!-- test.jwd.task01basic.service.TriangleRadiusOutTest -->
      <class name="test.jwd.task01basic.service.AverageOfTwoNumberTest">
        <test-method signature="testCalculationAverage([D,double)[pri:0, instance:test.jwd.task01basic.service.AverageOfTwoNumberTest@2f8dad04]" started-at="2021-11-29T17:05:52 MSK" name="testCalculationAverage" data-provider="DataForAverage" finished-at="2021-11-29T17:05:52 MSK" duration-ms="8" status="PASS">
          <params>
            <param index="0">
              <value>
                <![CDATA[[D@71075444]]>
              </value>
            </param>
            <param index="1">
              <value>
                <![CDATA[0.0]]>
              </value>
            </param>
          </params>
          <reporter-output>
          </reporter-output>
        </test-method> <!-- testCalculationAverage -->
        <test-method signature="testCalculationAverage([D,double)[pri:0, instance:test.jwd.task01basic.service.AverageOfTwoNumberTest@2f8dad04]" started-at="2021-11-29T17:05:52 MSK" name="testCalculationAverage" data-provider="DataForAverage" finished-at="2021-11-29T17:05:52 MSK" duration-ms="3" status="PASS">
          <params>
            <param index="0">
              <value>
                <![CDATA[[D@5965d37]]>
              </value>
            </param>
            <param index="1">
              <value>
                <![CDATA[1.0]]>
              </value>
            </param>
          </params>
          <reporter-output>
          </reporter-output>
        </test-method> <!-- testCalculationAverage -->
        <test-method signature="testCalculationAverage([D,double)[pri:0, instance:test.jwd.task01basic.service.AverageOfTwoNumberTest@2f8dad04]" started-at="2021-11-29T17:05:52 MSK" name="testCalculationAverage" data-provider="DataForAverage" finished-at="2021-11-29T17:05:52 MSK" duration-ms="1" status="PASS">
          <params>
            <param index="0">
              <value>
                <![CDATA[[D@4d1bf319]]>
              </value>
            </param>
            <param index="1">
              <value>
                <![CDATA[3.0]]>
              </value>
            </param>
          </params>
          <reporter-output>
          </reporter-output>
        </test-method> <!-- testCalculationAverage -->
        <test-method signature="testCalculationAverage([D,double)[pri:0, instance:test.jwd.task01basic.service.AverageOfTwoNumberTest@2f8dad04]" started-at="2021-11-29T17:05:52 MSK" name="testCalculationAverage" data-provider="DataForAverage" finished-at="2021-11-29T17:05:52 MSK" duration-ms="2" status="PASS">
          <params>
            <param index="0">
              <value>
                <![CDATA[[D@2a8448fa]]>
              </value>
            </param>
            <param index="1">
              <value>
                <![CDATA[6.0]]>
              </value>
            </param>
          </params>
          <reporter-output>
          </reporter-output>
        </test-method> <!-- testCalculationAverage -->
        <test-method signature="testCalculationAverage([D,double)[pri:0, instance:test.jwd.task01basic.service.AverageOfTwoNumberTest@2f8dad04]" started-at="2021-11-29T17:05:52 MSK" name="testCalculationAverage" data-provider="DataForAverage" finished-at="2021-11-29T17:05:52 MSK" duration-ms="1" status="PASS">
          <params>
            <param index="0">
              <value>
                <![CDATA[[D@673fdbce]]>
              </value>
            </param>
            <param index="1">
              <value>
                <![CDATA[0.0]]>
              </value>
            </param>
          </params>
          <reporter-output>
          </reporter-output>
        </test-method> <!-- testCalculationAverage -->
        <test-method signature="testCalculationAverage([D,double)[pri:0, instance:test.jwd.task01basic.service.AverageOfTwoNumberTest@2f8dad04]" started-at="2021-11-29T17:05:52 MSK" name="testCalculationAverage" data-provider="DataForAverage" finished-at="2021-11-29T17:05:52 MSK" duration-ms="1" status="PASS">
          <params>
            <param index="0">
              <value>
                <![CDATA[[D@6f01b95f]]>
              </value>
            </param>
            <param index="1">
              <value>
                <![CDATA[-1.5]]>
              </value>
            </param>
          </params>
          <reporter-output>
          </reporter-output>
        </test-method> <!-- testCalculationAverage -->
        <test-method signature="testCalculationAverage([D,double)[pri:0, instance:test.jwd.task01basic.service.AverageOfTwoNumberTest@2f8dad04]" started-at="2021-11-29T17:05:52 MSK" name="testCalculationAverage" data-provider="DataForAverage" finished-at="2021-11-29T17:05:52 MSK" duration-ms="2" status="PASS">
          <params>
            <param index="0">
              <value>
                <![CDATA[[D@65987993]]>
              </value>
            </param>
            <param index="1">
              <value>
                <![CDATA[1.5]]>
              </value>
            </param>
          </params>
          <reporter-output>
          </reporter-output>
        </test-method> <!-- testCalculationAverage -->
        <test-method signature="testCalculationAverage([D,double)[pri:0, instance:test.jwd.task01basic.service.AverageOfTwoNumberTest@2f8dad04]" started-at="2021-11-29T17:05:52 MSK" name="testCalculationAverage" data-provider="DataForAverage" finished-at="2021-11-29T17:05:52 MSK" duration-ms="2" status="PASS">
          <params>
            <param index="0">
              <value>
                <![CDATA[[D@6f53b8a]]>
              </value>
            </param>
            <param index="1">
              <value>
                <![CDATA[-4.5]]>
              </value>
            </param>
          </params>
          <reporter-output>
          </reporter-output>
        </test-method> <!-- testCalculationAverage -->
        <test-method signature="testCalculationAverage([D,double)[pri:0, instance:test.jwd.task01basic.service.AverageOfTwoNumberTest@2f8dad04]" started-at="2021-11-29T17:05:52 MSK" name="testCalculationAverage" data-provider="DataForAverage" finished-at="2021-11-29T17:05:52 MSK" duration-ms="1" status="PASS">
          <params>
            <param index="0">
              <value>
                <![CDATA[[D@4007f65e]]>
              </value>
            </param>
            <param index="1">
              <value>
                <![CDATA[2147483647]]>
              </value>
            </param>
          </params>
          <reporter-output>
          </reporter-output>
        </test-method> <!-- testCalculationAverage -->
        <test-method signature="testCalculationAverage([D,double)[pri:0, instance:test.jwd.task01basic.service.AverageOfTwoNumberTest@2f8dad04]" started-at="2021-11-29T17:05:52 MSK" name="testCalculationAverage" data-provider="DataForAverage" finished-at="2021-11-29T17:05:52 MSK" duration-ms="1" status="PASS">
          <params>
            <param index="0">
              <value>
                <![CDATA[[D@710636b0]]>
              </value>
            </param>
            <param index="1">
              <value>
                <![CDATA[0]]>
              </value>
            </param>
          </params>
          <reporter-output>
          </reporter-output>
        </test-method> <!-- testCalculationAverage -->
        <test-method signature="testCalculationAverage([D,double)[pri:0, instance:test.jwd.task01basic.service.AverageOfTwoNumberTest@2f8dad04]" started-at="2021-11-29T17:05:52 MSK" name="testCalculationAverage" data-provider="DataForAverage" finished-at="2021-11-29T17:05:52 MSK" duration-ms="0" status="PASS">
          <params>
            <param index="0">
              <value>
                <![CDATA[[D@2ab4bc72]]>
              </value>
            </param>
            <param index="1">
              <value>
                <![CDATA[-2147483647]]>
              </value>
            </param>
          </params>
          <reporter-output>
          </reporter-output>
        </test-method> <!-- testCalculationAverage -->
      </class> <!-- test.jwd.task01basic.service.AverageOfTwoNumberTest -->
      <class name="test.jwd.task01basic.service.PhysicsTest">
        <test-method signature="testDistance([I,int)[pri:0, instance:test.jwd.task01basic.service.PhysicsTest@5f9b2141]" started-at="2021-11-29T17:05:52 MSK" name="testDistance" data-provider="DataForPhysics" finished-at="2021-11-29T17:05:52 MSK" duration-ms="0" status="PASS">
          <params>
            <param index="0">
              <value>
                <![CDATA[[I@6c4906d3]]>
              </value>
            </param>
            <param index="1">
              <value>
                <![CDATA[0]]>
              </value>
            </param>
          </params>
          <reporter-output>
          </reporter-output>
        </test-method> <!-- testDistance -->
        <test-method signature="testDistance([I,int)[pri:0, instance:test.jwd.task01basic.service.PhysicsTest@5f9b2141]" started-at="2021-11-29T17:05:52 MSK" name="testDistance" data-provider="DataForPhysics" finished-at="2021-11-29T17:05:52 MSK" duration-ms="1" status="PASS">
          <params>
            <param index="0">
              <value>
                <![CDATA[[I@3de8f619]]>
              </value>
            </param>
            <param index="1">
              <value>
                <![CDATA[1]]>
              </value>
            </param>
          </params>
          <reporter-output>
          </reporter-output>
        </test-method> <!-- testDistance -->
        <test-method signature="testDistance([I,int)[pri:0, instance:test.jwd.task01basic.service.PhysicsTest@5f9b2141]" started-at="2021-11-29T17:05:52 MSK" name="testDistance" data-provider="DataForPhysics" finished-at="2021-11-29T17:05:52 MSK" duration-ms="1" status="PASS">
          <params>
            <param index="0">
              <value>
                <![CDATA[[I@239a307b]]>
              </value>
            </param>
            <param index="1">
              <value>
                <![CDATA[19]]>
              </value>
            </param>
          </params>
          <reporter-output>
          </reporter-output>
        </test-method> <!-- testDistance -->
        <test-method signature="testDistance([I,int)[pri:0, instance:test.jwd.task01basic.service.PhysicsTest@5f9b2141]" started-at="2021-11-29T17:05:52 MSK" name="testDistance" data-provider="DataForPhysics" finished-at="2021-11-29T17:05:52 MSK" duration-ms="1" status="PASS">
          <params>
            <param index="0">
              <value>
                <![CDATA[[I@7d900ecf]]>
              </value>
            </param>
            <param index="1">
              <value>
                <![CDATA[0]]>
              </value>
            </param>
          </params>
          <reporter-output>
          </reporter-output>
        </test-method> <!-- testDistance -->
        <test-method signature="testDistance([I,int)[pri:0, instance:test.jwd.task01basic.service.PhysicsTest@5f9b2141]" started-at="2021-11-29T17:05:52 MSK" name="testDistance" data-provider="DataForPhysics" finished-at="2021-11-29T17:05:52 MSK" duration-ms="0" status="PASS">
          <params>
            <param index="0">
              <value>
                <![CDATA[[I@6b695b06]]>
              </value>
            </param>
            <param index="1">
              <value>
                <![CDATA[5]]>
              </value>
            </param>
          </params>
          <reporter-output>
          </reporter-output>
        </test-method> <!-- testDistance -->
        <test-method signature="testDistance([I,int)[pri:0, instance:test.jwd.task01basic.service.PhysicsTest@5f9b2141]" started-at="2021-11-29T17:05:52 MSK" name="testDistance" data-provider="DataForPhysics" finished-at="2021-11-29T17:05:52 MSK" duration-ms="1" status="PASS">
          <params>
            <param index="0">
              <value>
                <![CDATA[[I@1a245833]]>
              </value>
            </param>
            <param index="1">
              <value>
                <![CDATA[2147483647]]>
              </value>
            </param>
          </params>
          <reporter-output>
          </reporter-output>
        </test-method> <!-- testDistance -->
        <test-method signature="testDistance([I,int)[pri:0, instance:test.jwd.task01basic.service.PhysicsTest@5f9b2141]" started-at="2021-11-29T17:05:52 MSK" name="testDistance" data-provider="DataForPhysics" finished-at="2021-11-29T17:05:52 MSK" duration-ms="0" status="PASS">
          <params>
            <param index="0">
              <value>
                <![CDATA[[I@5b799640]]>
              </value>
            </param>
            <param index="1">
              <value>
                <![CDATA[-2]]>
              </value>
            </param>
          </params>
          <reporter-output>
          </reporter-output>
        </test-method> <!-- testDistance -->
      </class> <!-- test.jwd.task01basic.service.PhysicsTest -->
      <class name="test.jwd.task01basic.service.RectangleAreaTest">
        <test-method signature="testAreaCalculation([D,double)[pri:0, instance:test.jwd.task01basic.service.RectangleAreaTest@6c130c45]" started-at="2021-11-29T17:05:52 MSK" name="testAreaCalculation" data-provider="DataForArea" finished-at="2021-11-29T17:05:52 MSK" duration-ms="1" status="PASS">
          <params>
            <param index="0">
              <value>
                <![CDATA[[D@7a5ceedd]]>
              </value>
            </param>
            <param index="1">
              <value>
                <![CDATA[0.5]]>
              </value>
            </param>
          </params>
          <reporter-output>
          </reporter-output>
        </test-method> <!-- testAreaCalculation -->
        <test-method signature="testAreaCalculation([D,double)[pri:0, instance:test.jwd.task01basic.service.RectangleAreaTest@6c130c45]" started-at="2021-11-29T17:05:52 MSK" name="testAreaCalculation" data-provider="DataForArea" finished-at="2021-11-29T17:05:52 MSK" duration-ms="1" status="PASS">
          <params>
            <param index="0">
              <value>
                <![CDATA[[D@6cb107fd]]>
              </value>
            </param>
            <param index="1">
              <value>
                <![CDATA[2.0]]>
              </value>
            </param>
          </params>
          <reporter-output>
          </reporter-output>
        </test-method> <!-- testAreaCalculation -->
        <test-method signature="testAreaCalculation([D,double)[pri:0, instance:test.jwd.task01basic.service.RectangleAreaTest@6c130c45]" started-at="2021-11-29T17:05:52 MSK" name="testAreaCalculation" data-provider="DataForArea" finished-at="2021-11-29T17:05:52 MSK" duration-ms="0" status="PASS">
          <params>
            <param index="0">
              <value>
                <![CDATA[[D@7bd7d6d6]]>
              </value>
            </param>
            <param index="1">
              <value>
                <![CDATA[5000.0]]>
              </value>
            </param>
          </params>
          <reporter-output>
          </reporter-output>
        </test-method> <!-- testAreaCalculation -->
        <test-method signature="testAreaCalculation([D,double)[pri:0, instance:test.jwd.task01basic.service.RectangleAreaTest@6c130c45]" started-at="2021-11-29T17:05:52 MSK" name="testAreaCalculation" data-provider="DataForArea" finished-at="2021-11-29T17:05:52 MSK" duration-ms="1" status="PASS">
          <params>
            <param index="0">
              <value>
                <![CDATA[[D@eadd4fb]]>
              </value>
            </param>
            <param index="1">
              <value>
                <![CDATA[2147483647]]>
              </value>
            </param>
          </params>
          <reporter-output>
          </reporter-output>
        </test-method> <!-- testAreaCalculation -->
        <test-method signature="testAreaCalculation([D,double)[pri:0, instance:test.jwd.task01basic.service.RectangleAreaTest@6c130c45]" started-at="2021-11-29T17:05:52 MSK" name="testAreaCalculation" data-provider="DataForArea" finished-at="2021-11-29T17:05:52 MSK" duration-ms="1" status="PASS">
          <params>
            <param index="0">
              <value>
                <![CDATA[[D@43f02ef2]]>
              </value>
            </param>
            <param index="1">
              <value>
                <![CDATA[2147483647]]>
              </value>
            </param>
          </params>
          <reporter-output>
          </reporter-output>
        </test-method> <!-- testAreaCalculation -->
      </class> <!-- test.jwd.task01basic.service.RectangleAreaTest -->
      <class name="test.jwd.task01basic.service.TriangleHeightTest">
        <test-method signature="testHeightCalculation(double,double)[pri:0, instance:test.jwd.task01basic.service.TriangleHeightTest@223aa2f7]" started-at="2021-11-29T17:05:52 MSK" name="testHeightCalculation" data-provider="DataForHeight" finished-at="2021-11-29T17:05:52 MSK" duration-ms="0" status="PASS">
          <params>
            <param index="0">
              <value>
                <![CDATA[5.0]]>
              </value>
            </param>
            <param index="1">
              <value>
                <![CDATA[4.33]]>
              </value>
            </param>
          </params>
          <reporter-output>
          </reporter-output>
        </test-method> <!-- testHeightCalculation -->
        <test-method signature="testHeightCalculation(double,double)[pri:0, instance:test.jwd.task01basic.service.TriangleHeightTest@223aa2f7]" started-at="2021-11-29T17:05:52 MSK" name="testHeightCalculation" data-provider="DataForHeight" finished-at="2021-11-29T17:05:52 MSK" duration-ms="1" status="PASS">
          <params>
            <param index="0">
              <value>
                <![CDATA[1.0]]>
              </value>
            </param>
            <param index="1">
              <value>
                <![CDATA[0.866]]>
              </value>
            </param>
          </params>
          <reporter-output>
          </reporter-output>
        </test-method> <!-- testHeightCalculation -->
        <test-method signature="testHeightCalculation(double,double)[pri:0, instance:test.jwd.task01basic.service.TriangleHeightTest@223aa2f7]" started-at="2021-11-29T17:05:52 MSK" name="testHeightCalculation" data-provider="DataForHeight" finished-at="2021-11-29T17:05:52 MSK" duration-ms="1" status="PASS">
          <params>
            <param index="0">
              <value>
                <![CDATA[2.0]]>
              </value>
            </param>
            <param index="1">
              <value>
                <![CDATA[1.732]]>
              </value>
            </param>
          </params>
          <reporter-output>
          </reporter-output>
        </test-method> <!-- testHeightCalculation -->
        <test-method signature="testHeightCalculation(double,double)[pri:0, instance:test.jwd.task01basic.service.TriangleHeightTest@223aa2f7]" started-at="2021-11-29T17:05:52 MSK" name="testHeightCalculation" data-provider="DataForHeight" finished-at="2021-11-29T17:05:52 MSK" duration-ms="0" status="PASS">
          <params>
            <param index="0">
              <value>
                <![CDATA[100]]>
              </value>
            </param>
            <param index="1">
              <value>
                <![CDATA[86.603]]>
              </value>
            </param>
          </params>
          <reporter-output>
          </reporter-output>
        </test-method> <!-- testHeightCalculation -->
        <test-method signature="testHeightCalculation(double,double)[pri:0, instance:test.jwd.task01basic.service.TriangleHeightTest@223aa2f7]" started-at="2021-11-29T17:05:52 MSK" name="testHeightCalculation" data-provider="DataForHeight" finished-at="2021-11-29T17:05:52 MSK" duration-ms="1" status="PASS">
          <params>
            <param index="0">
              <value>
                <![CDATA[2147483647]]>
              </value>
            </param>
            <param index="1">
              <value>
                <![CDATA[1.8597753925136538E9]]>
              </value>
            </param>
          </params>
          <reporter-output>
          </reporter-output>
        </test-method> <!-- testHeightCalculation -->
      </class> <!-- test.jwd.task01basic.service.TriangleHeightTest -->
      <class name="test.jwd.task01basic.service.ConvertToCharTest">
        <test-method signature="testConvertToChar([C,int)[pri:0, instance:test.jwd.task01basic.service.ConvertToCharTest@20f5239f]" started-at="2021-11-29T17:05:52 MSK" name="testConvertToChar" data-provider="DataForConvertToChar" finished-at="2021-11-29T17:05:52 MSK" duration-ms="1" status="PASS">
          <params>
            <param index="0">
              <value>
                <![CDATA[[C@4e5ed836]]>
              </value>
            </param>
            <param index="1">
              <value>
                <![CDATA[91]]>
              </value>
            </param>
          </params>
          <reporter-output>
          </reporter-output>
        </test-method> <!-- testConvertToChar -->
        <test-method signature="testConvertToChar([C,int)[pri:0, instance:test.jwd.task01basic.service.ConvertToCharTest@20f5239f]" started-at="2021-11-29T17:05:52 MSK" name="testConvertToChar" data-provider="DataForConvertToChar" finished-at="2021-11-29T17:05:52 MSK" duration-ms="1" status="PASS">
          <params>
            <param index="0">
              <value>
                <![CDATA[[C@5c80cf32]]>
              </value>
            </param>
            <param index="1">
              <value>
                <![CDATA[32]]>
              </value>
            </param>
          </params>
          <reporter-output>
          </reporter-output>
        </test-method> <!-- testConvertToChar -->
        <test-method signature="testConvertToChar([C,int)[pri:0, instance:test.jwd.task01basic.service.ConvertToCharTest@20f5239f]" started-at="2021-11-29T17:05:52 MSK" name="testConvertToChar" data-provider="DataForConvertToChar" finished-at="2021-11-29T17:05:52 MSK" duration-ms="10" status="PASS">
          <params>
            <param index="0">
              <value>
                <![CDATA[[C@4201c465]]>
              </value>
            </param>
            <param index="1">
              <value>
                <![CDATA[99]]>
              </value>
            </param>
          </params>
          <reporter-output>
          </reporter-output>
        </test-method> <!-- testConvertToChar -->
        <test-method signature="testConvertToChar([C,int)[pri:0, instance:test.jwd.task01basic.service.ConvertToCharTest@20f5239f]" started-at="2021-11-29T17:05:52 MSK" name="testConvertToChar" data-provider="DataForConvertToChar" finished-at="2021-11-29T17:05:52 MSK" duration-ms="1" status="PASS">
          <params>
            <param index="0">
              <value>
                <![CDATA[[C@6f204a1a]]>
              </value>
            </param>
            <param index="1">
              <value>
                <![CDATA[78]]>
              </value>
            </param>
          </params>
          <reporter-output>
          </reporter-output>
        </test-method> <!-- testConvertToChar -->
        <test-method signature="testConvertToChar([C,int)[pri:0, instance:test.jwd.task01basic.service.ConvertToCharTest@20f5239f]" started-at="2021-11-29T17:05:52 MSK" name="testConvertToChar" data-provider="DataForConvertToChar" finished-at="2021-11-29T17:05:52 MSK" duration-ms="1" status="PASS">
          <params>
            <param index="0">
              <value>
                <![CDATA[[C@740fb309]]>
              </value>
            </param>
            <param index="1">
              <value>
                <![CDATA[125]]>
              </value>
            </param>
          </params>
          <reporter-output>
          </reporter-output>
        </test-method> <!-- testConvertToChar -->
        <test-method signature="testConvertToChar([C,int)[pri:0, instance:test.jwd.task01basic.service.ConvertToCharTest@20f5239f]" started-at="2021-11-29T17:05:52 MSK" name="testConvertToChar" data-provider="DataForConvertToChar" finished-at="2021-11-29T17:05:52 MSK" duration-ms="0" status="PASS">
          <params>
            <param index="0">
              <value>
                <![CDATA[[C@4f32a3ad]]>
              </value>
            </param>
            <param index="1">
              <value>
                <![CDATA[126]]>
              </value>
            </param>
          </params>
          <reporter-output>
          </reporter-output>
        </test-method> <!-- testConvertToChar -->
      </class> <!-- test.jwd.task01basic.service.ConvertToCharTest -->
      <class name="test.jwd.task01basic.service.TriangleRadiusInTest">
        <test-method signature="testRadiusInCalculation(double,double)[pri:0, instance:test.jwd.task01basic.service.TriangleRadiusInTest@6bedbc4d]" started-at="2021-11-29T17:05:52 MSK" name="testRadiusInCalculation" data-provider="DataForRadiusIn" finished-at="2021-11-29T17:05:52 MSK" duration-ms="1" status="PASS">
          <params>
            <param index="0">
              <value>
                <![CDATA[5.0]]>
              </value>
            </param>
            <param index="1">
              <value>
                <![CDATA[1.443376]]>
              </value>
            </param>
          </params>
          <reporter-output>
          </reporter-output>
        </test-method> <!-- testRadiusInCalculation -->
        <test-method signature="testRadiusInCalculation(double,double)[pri:0, instance:test.jwd.task01basic.service.TriangleRadiusInTest@6bedbc4d]" started-at="2021-11-29T17:05:52 MSK" name="testRadiusInCalculation" data-provider="DataForRadiusIn" finished-at="2021-11-29T17:05:52 MSK" duration-ms="1" status="PASS">
          <params>
            <param index="0">
              <value>
                <![CDATA[1.0]]>
              </value>
            </param>
            <param index="1">
              <value>
                <![CDATA[0.288675]]>
              </value>
            </param>
          </params>
          <reporter-output>
          </reporter-output>
        </test-method> <!-- testRadiusInCalculation -->
        <test-method signature="testRadiusInCalculation(double,double)[pri:0, instance:test.jwd.task01basic.service.TriangleRadiusInTest@6bedbc4d]" started-at="2021-11-29T17:05:52 MSK" name="testRadiusInCalculation" data-provider="DataForRadiusIn" finished-at="2021-11-29T17:05:52 MSK" duration-ms="0" status="PASS">
          <params>
            <param index="0">
              <value>
                <![CDATA[2.0]]>
              </value>
            </param>
            <param index="1">
              <value>
                <![CDATA[0.57735]]>
              </value>
            </param>
          </params>
          <reporter-output>
          </reporter-output>
        </test-method> <!-- testRadiusInCalculation -->
        <test-method signature="testRadiusInCalculation(double,double)[pri:0, instance:test.jwd.task01basic.service.TriangleRadiusInTest@6bedbc4d]" started-at="2021-11-29T17:05:52 MSK" name="testRadiusInCalculation" data-provider="DataForRadiusIn" finished-at="2021-11-29T17:05:52 MSK" duration-ms="1" status="PASS">
          <params>
            <param index="0">
              <value>
                <![CDATA[100]]>
              </value>
            </param>
            <param index="1">
              <value>
                <![CDATA[28.867513]]>
              </value>
            </param>
          </params>
          <reporter-output>
          </reporter-output>
        </test-method> <!-- testRadiusInCalculation -->
        <test-method signature="testRadiusInCalculation(double,double)[pri:0, instance:test.jwd.task01basic.service.TriangleRadiusInTest@6bedbc4d]" started-at="2021-11-29T17:05:52 MSK" name="testRadiusInCalculation" data-provider="DataForRadiusIn" finished-at="2021-11-29T17:05:52 MSK" duration-ms="1" status="PASS">
          <params>
            <param index="0">
              <value>
                <![CDATA[2147483647]]>
              </value>
            </param>
            <param index="1">
              <value>
                <![CDATA[6.19925130837885E8]]>
              </value>
            </param>
          </params>
          <reporter-output>
          </reporter-output>
        </test-method> <!-- testRadiusInCalculation -->
      </class> <!-- test.jwd.task01basic.service.TriangleRadiusInTest -->
      <class name="test.jwd.task01basic.service.ConvertToIntTest">
        <test-method signature="testConvertToInt(char,int)[pri:0, instance:test.jwd.task01basic.service.ConvertToIntTest@3514a4c0]" started-at="2021-11-29T17:05:52 MSK" name="testConvertToInt" data-provider="DataForConvertToInt" finished-at="2021-11-29T17:05:52 MSK" duration-ms="0" status="PASS">
          <params>
            <param index="0">
              <value>
                <![CDATA[[]]>
              </value>
            </param>
            <param index="1">
              <value>
                <![CDATA[91]]>
              </value>
            </param>
          </params>
          <reporter-output>
          </reporter-output>
        </test-method> <!-- testConvertToInt -->
        <test-method signature="testConvertToInt(char,int)[pri:0, instance:test.jwd.task01basic.service.ConvertToIntTest@3514a4c0]" started-at="2021-11-29T17:05:52 MSK" name="testConvertToInt" data-provider="DataForConvertToInt" finished-at="2021-11-29T17:05:52 MSK" duration-ms="0" status="PASS">
          <params>
            <param index="0">
              <value>
                <![CDATA[!]]>
              </value>
            </param>
            <param index="1">
              <value>
                <![CDATA[33]]>
              </value>
            </param>
          </params>
          <reporter-output>
          </reporter-output>
        </test-method> <!-- testConvertToInt -->
        <test-method signature="testConvertToInt(char,int)[pri:0, instance:test.jwd.task01basic.service.ConvertToIntTest@3514a4c0]" started-at="2021-11-29T17:05:52 MSK" name="testConvertToInt" data-provider="DataForConvertToInt" finished-at="2021-11-29T17:05:52 MSK" duration-ms="1" status="PASS">
          <params>
            <param index="0">
              <value>
                <![CDATA[=]]>
              </value>
            </param>
            <param index="1">
              <value>
                <![CDATA[61]]>
              </value>
            </param>
          </params>
          <reporter-output>
          </reporter-output>
        </test-method> <!-- testConvertToInt -->
        <test-method signature="testConvertToInt(char,int)[pri:0, instance:test.jwd.task01basic.service.ConvertToIntTest@3514a4c0]" started-at="2021-11-29T17:05:52 MSK" name="testConvertToInt" data-provider="DataForConvertToInt" finished-at="2021-11-29T17:05:52 MSK" duration-ms="0" status="PASS">
          <params>
            <param index="0">
              <value>
                <![CDATA[M]]>
              </value>
            </param>
            <param index="1">
              <value>
                <![CDATA[77]]>
              </value>
            </param>
          </params>
          <reporter-output>
          </reporter-output>
        </test-method> <!-- testConvertToInt -->
        <test-method signature="testConvertToInt(char,int)[pri:0, instance:test.jwd.task01basic.service.ConvertToIntTest@3514a4c0]" started-at="2021-11-29T17:05:52 MSK" name="testConvertToInt" data-provider="DataForConvertToInt" finished-at="2021-11-29T17:05:52 MSK" duration-ms="1" status="PASS">
          <params>
            <param index="0">
              <value>
                <![CDATA[k]]>
              </value>
            </param>
            <param index="1">
              <value>
                <![CDATA[107]]>
              </value>
            </param>
          </params>
          <reporter-output>
          </reporter-output>
        </test-method> <!-- testConvertToInt -->
        <test-method signature="testConvertToInt(char,int)[pri:0, instance:test.jwd.task01basic.service.ConvertToIntTest@3514a4c0]" started-at="2021-11-29T17:05:52 MSK" name="testConvertToInt" data-provider="DataForConvertToInt" finished-at="2021-11-29T17:05:52 MSK" duration-ms="0" status="PASS">
          <params>
            <param index="0">
              <value>
                <![CDATA[ ]]>
              </value>
            </param>
            <param index="1">
              <value>
                <![CDATA[32]]>
              </value>
            </param>
          </params>
          <reporter-output>
          </reporter-output>
        </test-method> <!-- testConvertToInt -->
        <test-method signature="testConvertToInt(char,int)[pri:0, instance:test.jwd.task01basic.service.ConvertToIntTest@3514a4c0]" started-at="2021-11-29T17:05:52 MSK" name="testConvertToInt" data-provider="DataForConvertToInt" finished-at="2021-11-29T17:05:52 MSK" duration-ms="0" status="PASS">
          <params>
            <param index="0">
              <value>
                <![CDATA[~]]>
              </value>
            </param>
            <param index="1">
              <value>
                <![CDATA[126]]>
              </value>
            </param>
          </params>
          <reporter-output>
          </reporter-output>
        </test-method> <!-- testConvertToInt -->
      </class> <!-- test.jwd.task01basic.service.ConvertToIntTest -->
      <class name="test.jwd.task01basic.service.TriangleAreaTest">
        <test-method signature="testAreaCalculation(double,double)[pri:0, instance:test.jwd.task01basic.service.TriangleAreaTest@446293d]" started-at="2021-11-29T17:05:52 MSK" name="testAreaCalculation" data-provider="DataForArea" finished-at="2021-11-29T17:05:52 MSK" duration-ms="0" status="PASS">
          <params>
            <param index="0">
              <value>
                <![CDATA[10.0]]>
              </value>
            </param>
            <param index="1">
              <value>
                <![CDATA[43.30127018922193]]>
              </value>
            </param>
          </params>
          <reporter-output>
          </reporter-output>
        </test-method> <!-- testAreaCalculation -->
        <test-method signature="testAreaCalculation(double,double)[pri:0, instance:test.jwd.task01basic.service.TriangleAreaTest@446293d]" started-at="2021-11-29T17:05:52 MSK" name="testAreaCalculation" data-provider="DataForArea" finished-at="2021-11-29T17:05:52 MSK" duration-ms="0" status="PASS">
          <params>
            <param index="0">
              <value>
                <![CDATA[1.0]]>
              </value>
            </param>
            <param index="1">
              <value>
                <![CDATA[0.4330127018922193]]>
              </value>
            </param>
          </params>
          <reporter-output>
          </reporter-output>
        </test-method> <!-- testAreaCalculation -->
        <test-method signature="testAreaCalculation(double,double)[pri:0, instance:test.jwd.task01basic.service.TriangleAreaTest@446293d]" started-at="2021-11-29T17:05:52 MSK" name="testAreaCalculation" data-provider="DataForArea" finished-at="2021-11-29T17:05:52 MSK" duration-ms="0" status="PASS">
          <params>
            <param index="0">
              <value>
                <![CDATA[2.0]]>
              </value>
            </param>
            <param index="1">
              <value>
                <![CDATA[1.7320508075688772]]>
              </value>
            </param>
          </params>
          <reporter-output>
          </reporter-output>
        </test-method> <!-- testAreaCalculation -->
        <test-method signature="testAreaCalculation(double,double)[pri:0, instance:test.jwd.task01basic.service.TriangleAreaTest@446293d]" started-at="2021-11-29T17:05:52 MSK" name="testAreaCalculation" data-provider="DataForArea" finished-at="2021-11-29T17:05:52 MSK" duration-ms="0" status="PASS">
          <params>
            <param index="0">
              <value>
                <![CDATA[2147483647]]>
              </value>
            </param>
            <param index="1">
              <value>
                <![CDATA[1.99691862125803878E18]]>
              </value>
            </param>
          </params>
          <reporter-output>
          </reporter-output>
        </test-method> <!-- testAreaCalculation -->
      </class> <!-- test.jwd.task01basic.service.TriangleAreaTest -->
    </test> <!-- Default test -->
  </suite> <!-- Default suite -->
</testng-results>
