<?xml version="1.0" encoding="UTF-8"?>
<testng-results ignored="0" total="121" passed="121" failed="0" skipped="0">
  <reporter-output>
  </reporter-output>
  <suite started-at="2021-12-05T20:58:15 MSK" name="Suite1" finished-at="2021-12-05T20:58:15 MSK" duration-ms="268">
    <groups>
      <group name="service">
        <method signature="AbsValueOfExpressionTest.testAbsValueOfExpression([D,double)[pri:0, instance:test.jwd.task01basic.service.AbsValueOfExpressionTest@75e91545]" name="testAbsValueOfExpression" class="test.jwd.task01basic.service.AbsValueOfExpressionTest"/>
        <method signature="AccessByPasswordTest.testAccessByPassword(java.lang.String,java.lang.String)[pri:0, instance:test.jwd.task01basic.service.AccessByPasswordTest@7b324585]" name="testAccessByPassword" class="test.jwd.task01basic.service.AccessByPasswordTest"/>
        <method signature="AverageOfTwoNumberTest.testCalculationAverage([D,double)[pri:0, instance:test.jwd.task01basic.service.AverageOfTwoNumberTest@d29f28]" name="testCalculationAverage" class="test.jwd.task01basic.service.AverageOfTwoNumberTest"/>
        <method signature="ConvertToCharTest.testConvertToChar([C,int)[pri:0, instance:test.jwd.task01basic.service.ConvertToCharTest@4a7f959b]" name="testConvertToChar" class="test.jwd.task01basic.service.ConvertToCharTest"/>
        <method signature="ConvertToIntTest.testConvertToInt(char,int)[pri:0, instance:test.jwd.task01basic.service.ConvertToIntTest@10d307f1]" name="testConvertToInt" class="test.jwd.task01basic.service.ConvertToIntTest"/>
        <method signature="DoesBrickFitRectangleTest.testNegBrickAndRectangle([D,boolean)[pri:0, instance:test.jwd.task01basic.service.DoesBrickFitRectangleTest@56bca85b]" name="testNegBrickAndRectangle" class="test.jwd.task01basic.service.DoesBrickFitRectangleTest"/>
        <method signature="DoesBrickFitRectangleTest.testPosBrickAndRectangle([D,boolean)[pri:0, instance:test.jwd.task01basic.service.DoesBrickFitRectangleTest@56bca85b]" name="testPosBrickAndRectangle" class="test.jwd.task01basic.service.DoesBrickFitRectangleTest"/>
        <method signature="FunctionValueTest.test1FunctionValue()[pri:0, instance:test.jwd.task01basic.service.FunctionValueTest@a8e6492]" name="test1FunctionValue" class="test.jwd.task01basic.service.FunctionValueTest"/>
        <method signature="FunctionValueTest.test2FunctionValue()[pri:0, instance:test.jwd.task01basic.service.FunctionValueTest@a8e6492]" name="test2FunctionValue" class="test.jwd.task01basic.service.FunctionValueTest"/>
        <method signature="FunctionValueTest.test3FunctionValue()[pri:0, instance:test.jwd.task01basic.service.FunctionValueTest@a8e6492]" name="test3FunctionValue" class="test.jwd.task01basic.service.FunctionValueTest"/>
        <method signature="MaxDigitOfNumberTest.testMaxDigitOfNumberNeg(int,int)[pri:0, instance:test.jwd.task01basic.service.MaxDigitOfNumberTest@60dce7ea]" name="testMaxDigitOfNumberNeg" class="test.jwd.task01basic.service.MaxDigitOfNumberTest"/>
        <method signature="MaxDigitOfNumberTest.testMaxDigitOfNumberPos(int,int)[pri:0, instance:test.jwd.task01basic.service.MaxDigitOfNumberTest@60dce7ea]" name="testMaxDigitOfNumberPos" class="test.jwd.task01basic.service.MaxDigitOfNumberTest"/>
        <method signature="MinOfTwoNumberTest.testMinOfTwo([D,double)[pri:0, instance:test.jwd.task01basic.service.MinOfTwoNumberTest@ed3068a]" name="testMinOfTwo" class="test.jwd.task01basic.service.MinOfTwoNumberTest"/>
        <method signature="PhysicsTest.testDistance([I,int)[pri:0, instance:test.jwd.task01basic.service.PhysicsTest@19ae6bb]" name="testDistance" class="test.jwd.task01basic.service.PhysicsTest"/>
        <method signature="QuantityOfPositiveNumberTest.testDataForQuantityOfPositiveNumber([I,int)[pri:0, instance:test.jwd.task01basic.service.QuantityOfPositiveNumberTest@40c80397]" name="testDataForQuantityOfPositiveNumber" class="test.jwd.task01basic.service.QuantityOfPositiveNumberTest"/>
        <method signature="RectangleAreaTest.testAreaCalculation([D,double)[pri:0, instance:test.jwd.task01basic.service.RectangleAreaTest@505a9d7c]" name="testAreaCalculation" class="test.jwd.task01basic.service.RectangleAreaTest"/>
        <method signature="SumOfOddNumberTest.testSumOfOddNumber()[pri:0, instance:test.jwd.task01basic.service.SumOfOddNumberTest@1fcb4808]" name="testSumOfOddNumber" class="test.jwd.task01basic.service.SumOfOddNumberTest"/>
        <method signature="SumOfPositiveRowMemberTest.testSumOfPositive([D,double)[pri:0, instance:test.jwd.task01basic.service.SumOfPositiveRowMemberTest@ea9b7c6]" name="testSumOfPositive" class="test.jwd.task01basic.service.SumOfPositiveRowMemberTest"/>
        <method signature="SwapExtraTaskTest.testSwapExtraTask1()[pri:0, instance:test.jwd.task01basic.service.SwapExtraTaskTest@fd8294b]" name="testSwapExtraTask1" class="test.jwd.task01basic.service.SwapExtraTaskTest"/>
        <method signature="SwapExtraTaskTest.testSwapExtraTask2()[pri:0, instance:test.jwd.task01basic.service.SwapExtraTaskTest@fd8294b]" name="testSwapExtraTask2" class="test.jwd.task01basic.service.SwapExtraTaskTest"/>
        <method signature="SwapExtraTaskTest.testSwapExtraTask3()[pri:0, instance:test.jwd.task01basic.service.SwapExtraTaskTest@fd8294b]" name="testSwapExtraTask3" class="test.jwd.task01basic.service.SwapExtraTaskTest"/>
        <method signature="TriangleAreaTest.testAreaCalculationNeg(double,double)[pri:0, instance:test.jwd.task01basic.service.TriangleAreaTest@72cf2de5]" name="testAreaCalculationNeg" class="test.jwd.task01basic.service.TriangleAreaTest"/>
        <method signature="TriangleAreaTest.testAreaCalculationPos(double,double)[pri:0, instance:test.jwd.task01basic.service.TriangleAreaTest@72cf2de5]" name="testAreaCalculationPos" class="test.jwd.task01basic.service.TriangleAreaTest"/>
        <method signature="TriangleHeightTest.testHeightCalculation(double,double)[pri:0, instance:test.jwd.task01basic.service.TriangleHeightTest@45c8d09f]" name="testHeightCalculation" class="test.jwd.task01basic.service.TriangleHeightTest"/>
        <method signature="TriangleRadiusInTest.testRadiusInCalculation(double,double)[pri:0, instance:test.jwd.task01basic.service.TriangleRadiusInTest@14b030a0]" name="testRadiusInCalculation" class="test.jwd.task01basic.service.TriangleRadiusInTest"/>
        <method signature="TriangleRadiusOutTest.testRadiusOutCalculation(double,double)[pri:0, instance:test.jwd.task01basic.service.TriangleRadiusOutTest@422c3c7a]" name="testRadiusOutCalculation" class="test.jwd.task01basic.service.TriangleRadiusOutTest"/>
      </group> <!-- service -->
    </groups>
    <test started-at="2021-12-05T20:58:15 MSK" name="CheckGroup" finished-at="2021-12-05T20:58:15 MSK" duration-ms="268">
      <class name="test.jwd.task01basic.service.AbsValueOfExpressionTest">
        <test-method signature="testAbsValueOfExpression([D,double)[pri:0, instance:test.jwd.task01basic.service.AbsValueOfExpressionTest@75e91545]" started-at="2021-12-05T20:58:15 MSK" name="testAbsValueOfExpression" data-provider="AbsValueOfExpression" finished-at="2021-12-05T20:58:15 MSK" duration-ms="1" status="PASS">
          <params>
            <param index="0">
              <value>
                <![CDATA[[D@71104a4]]>
              </value>
            </param>
            <param index="1">
              <value>
                <![CDATA[2.0]]>
              </value>
            </param>
          </params>
          <reporter-output>
          </reporter-output>
        </test-method> <!-- testAbsValueOfExpression -->
        <test-method signature="testAbsValueOfExpression([D,double)[pri:0, instance:test.jwd.task01basic.service.AbsValueOfExpressionTest@75e91545]" started-at="2021-12-05T20:58:15 MSK" name="testAbsValueOfExpression" data-provider="AbsValueOfExpression" finished-at="2021-12-05T20:58:15 MSK" duration-ms="0" status="PASS">
          <params>
            <param index="0">
              <value>
                <![CDATA[[D@29cfd92b]]>
              </value>
            </param>
            <param index="1">
              <value>
                <![CDATA[36.0]]>
              </value>
            </param>
          </params>
          <reporter-output>
          </reporter-output>
        </test-method> <!-- testAbsValueOfExpression -->
        <test-method signature="testAbsValueOfExpression([D,double)[pri:0, instance:test.jwd.task01basic.service.AbsValueOfExpressionTest@75e91545]" started-at="2021-12-05T20:58:15 MSK" name="testAbsValueOfExpression" data-provider="AbsValueOfExpression" finished-at="2021-12-05T20:58:15 MSK" duration-ms="1" status="PASS">
          <params>
            <param index="0">
              <value>
                <![CDATA[[D@1bdf8190]]>
              </value>
            </param>
            <param index="1">
              <value>
                <![CDATA[1.0]]>
              </value>
            </param>
          </params>
          <reporter-output>
          </reporter-output>
        </test-method> <!-- testAbsValueOfExpression -->
        <test-method signature="testAbsValueOfExpression([D,double)[pri:0, instance:test.jwd.task01basic.service.AbsValueOfExpressionTest@75e91545]" started-at="2021-12-05T20:58:15 MSK" name="testAbsValueOfExpression" data-provider="AbsValueOfExpression" finished-at="2021-12-05T20:58:15 MSK" duration-ms="1" status="PASS">
          <params>
            <param index="0">
              <value>
                <![CDATA[[D@7859e786]]>
              </value>
            </param>
            <param index="1">
              <value>
                <![CDATA[23.0]]>
              </value>
            </param>
          </params>
          <reporter-output>
          </reporter-output>
        </test-method> <!-- testAbsValueOfExpression -->
        <test-method signature="testAbsValueOfExpression([D,double)[pri:0, instance:test.jwd.task01basic.service.AbsValueOfExpressionTest@75e91545]" started-at="2021-12-05T20:58:15 MSK" name="testAbsValueOfExpression" data-provider="AbsValueOfExpression" finished-at="2021-12-05T20:58:15 MSK" duration-ms="0" status="PASS">
          <params>
            <param index="0">
              <value>
                <![CDATA[[D@4f8969b0]]>
              </value>
            </param>
            <param index="1">
              <value>
                <![CDATA[18.0]]>
              </value>
            </param>
          </params>
          <reporter-output>
          </reporter-output>
        </test-method> <!-- testAbsValueOfExpression -->
        <test-method signature="testAbsValueOfExpression([D,double)[pri:0, instance:test.jwd.task01basic.service.AbsValueOfExpressionTest@75e91545]" started-at="2021-12-05T20:58:15 MSK" name="testAbsValueOfExpression" data-provider="AbsValueOfExpression" finished-at="2021-12-05T20:58:15 MSK" duration-ms="0" status="PASS">
          <params>
            <param index="0">
              <value>
                <![CDATA[[D@192f2f27]]>
              </value>
            </param>
            <param index="1">
              <value>
                <![CDATA[0]]>
              </value>
            </param>
          </params>
          <reporter-output>
          </reporter-output>
        </test-method> <!-- testAbsValueOfExpression -->
        <test-method signature="testAbsValueOfExpression([D,double)[pri:0, instance:test.jwd.task01basic.service.AbsValueOfExpressionTest@75e91545]" started-at="2021-12-05T20:58:15 MSK" name="testAbsValueOfExpression" data-provider="AbsValueOfExpression" finished-at="2021-12-05T20:58:15 MSK" duration-ms="1" status="PASS">
          <params>
            <param index="0">
              <value>
                <![CDATA[[D@3a1d593e]]>
              </value>
            </param>
            <param index="1">
              <value>
                <![CDATA[2]]>
              </value>
            </param>
          </params>
          <reporter-output>
          </reporter-output>
        </test-method> <!-- testAbsValueOfExpression -->
      </class> <!-- test.jwd.task01basic.service.AbsValueOfExpressionTest -->
      <class name="test.jwd.task01basic.service.SumOfPositiveRowMemberTest">
        <test-method signature="testSumOfPositive([D,double)[pri:0, instance:test.jwd.task01basic.service.SumOfPositiveRowMemberTest@ea9b7c6]" started-at="2021-12-05T20:58:15 MSK" name="testSumOfPositive" data-provider="SumOfPositive" finished-at="2021-12-05T20:58:15 MSK" duration-ms="1" status="PASS">
          <params>
            <param index="0">
              <value>
                <![CDATA[[D@293bb8a5]]>
              </value>
            </param>
            <param index="1">
              <value>
                <![CDATA[0.8333333333333333]]>
              </value>
            </param>
          </params>
          <reporter-output>
          </reporter-output>
        </test-method> <!-- testSumOfPositive -->
        <test-method signature="testSumOfPositive([D,double)[pri:0, instance:test.jwd.task01basic.service.SumOfPositiveRowMemberTest@ea9b7c6]" started-at="2021-12-05T20:58:15 MSK" name="testSumOfPositive" data-provider="SumOfPositive" finished-at="2021-12-05T20:58:15 MSK" duration-ms="0" status="PASS">
          <params>
            <param index="0">
              <value>
                <![CDATA[[D@11acdc30]]>
              </value>
            </param>
            <param index="1">
              <value>
                <![CDATA[0.0]]>
              </value>
            </param>
          </params>
          <reporter-output>
          </reporter-output>
        </test-method> <!-- testSumOfPositive -->
        <test-method signature="testSumOfPositive([D,double)[pri:0, instance:test.jwd.task01basic.service.SumOfPositiveRowMemberTest@ea9b7c6]" started-at="2021-12-05T20:58:15 MSK" name="testSumOfPositive" data-provider="SumOfPositive" finished-at="2021-12-05T20:58:15 MSK" duration-ms="0" status="PASS">
          <params>
            <param index="0">
              <value>
                <![CDATA[[D@74bdc168]]>
              </value>
            </param>
            <param index="1">
              <value>
                <![CDATA[0.0]]>
              </value>
            </param>
          </params>
          <reporter-output>
          </reporter-output>
        </test-method> <!-- testSumOfPositive -->
        <test-method signature="testSumOfPositive([D,double)[pri:0, instance:test.jwd.task01basic.service.SumOfPositiveRowMemberTest@ea9b7c6]" started-at="2021-12-05T20:58:15 MSK" name="testSumOfPositive" data-provider="SumOfPositive" finished-at="2021-12-05T20:58:15 MSK" duration-ms="0" status="PASS">
          <params>
            <param index="0">
              <value>
                <![CDATA[[D@c65a5ef]]>
              </value>
            </param>
            <param index="1">
              <value>
                <![CDATA[1.1944444444444444]]>
              </value>
            </param>
          </params>
          <reporter-output>
          </reporter-output>
        </test-method> <!-- testSumOfPositive -->
        <test-method signature="testSumOfPositive([D,double)[pri:0, instance:test.jwd.task01basic.service.SumOfPositiveRowMemberTest@ea9b7c6]" started-at="2021-12-05T20:58:15 MSK" name="testSumOfPositive" data-provider="SumOfPositive" finished-at="2021-12-05T20:58:15 MSK" duration-ms="0" status="PASS">
          <params>
            <param index="0">
              <value>
                <![CDATA[[D@460f76a6]]>
              </value>
            </param>
            <param index="1">
              <value>
                <![CDATA[1.1944444444444444]]>
              </value>
            </param>
          </params>
          <reporter-output>
          </reporter-output>
        </test-method> <!-- testSumOfPositive -->
        <test-method signature="testSumOfPositive([D,double)[pri:0, instance:test.jwd.task01basic.service.SumOfPositiveRowMemberTest@ea9b7c6]" started-at="2021-12-05T20:58:15 MSK" name="testSumOfPositive" data-provider="SumOfPositive" finished-at="2021-12-05T20:58:15 MSK" duration-ms="0" status="PASS">
          <params>
            <param index="0">
              <value>
                <![CDATA[[D@54361a9]]>
              </value>
            </param>
            <param index="1">
              <value>
                <![CDATA[1.3564814814814814]]>
              </value>
            </param>
          </params>
          <reporter-output>
          </reporter-output>
        </test-method> <!-- testSumOfPositive -->
        <test-method signature="testSumOfPositive([D,double)[pri:0, instance:test.jwd.task01basic.service.SumOfPositiveRowMemberTest@ea9b7c6]" started-at="2021-12-05T20:58:15 MSK" name="testSumOfPositive" data-provider="SumOfPositive" finished-at="2021-12-05T20:58:15 MSK" duration-ms="2" status="PASS">
          <params>
            <param index="0">
              <value>
                <![CDATA[[D@403132fc]]>
              </value>
            </param>
            <param index="1">
              <value>
                <![CDATA[0.0]]>
              </value>
            </param>
          </params>
          <reporter-output>
          </reporter-output>
        </test-method> <!-- testSumOfPositive -->
      </class> <!-- test.jwd.task01basic.service.SumOfPositiveRowMemberTest -->
      <class name="test.jwd.task01basic.service.MinOfTwoNumberTest">
        <test-method signature="testMinOfTwo([D,double)[pri:0, instance:test.jwd.task01basic.service.MinOfTwoNumberTest@ed3068a]" started-at="2021-12-05T20:58:15 MSK" name="testMinOfTwo" data-provider="MinOfTwo" finished-at="2021-12-05T20:58:15 MSK" duration-ms="0" status="PASS">
          <params>
            <param index="0">
              <value>
                <![CDATA[[D@4985cbcb]]>
              </value>
            </param>
            <param index="1">
              <value>
                <![CDATA[0]]>
              </value>
            </param>
          </params>
          <reporter-output>
          </reporter-output>
        </test-method> <!-- testMinOfTwo -->
        <test-method signature="testMinOfTwo([D,double)[pri:0, instance:test.jwd.task01basic.service.MinOfTwoNumberTest@ed3068a]" started-at="2021-12-05T20:58:15 MSK" name="testMinOfTwo" data-provider="MinOfTwo" finished-at="2021-12-05T20:58:15 MSK" duration-ms="1" status="PASS">
          <params>
            <param index="0">
              <value>
                <![CDATA[[D@72f46e16]]>
              </value>
            </param>
            <param index="1">
              <value>
                <![CDATA[-1]]>
              </value>
            </param>
          </params>
          <reporter-output>
          </reporter-output>
        </test-method> <!-- testMinOfTwo -->
        <test-method signature="testMinOfTwo([D,double)[pri:0, instance:test.jwd.task01basic.service.MinOfTwoNumberTest@ed3068a]" started-at="2021-12-05T20:58:15 MSK" name="testMinOfTwo" data-provider="MinOfTwo" finished-at="2021-12-05T20:58:15 MSK" duration-ms="2" status="PASS">
          <params>
            <param index="0">
              <value>
                <![CDATA[[D@77307458]]>
              </value>
            </param>
            <param index="1">
              <value>
                <![CDATA[-5]]>
              </value>
            </param>
          </params>
          <reporter-output>
          </reporter-output>
        </test-method> <!-- testMinOfTwo -->
        <test-method signature="testMinOfTwo([D,double)[pri:0, instance:test.jwd.task01basic.service.MinOfTwoNumberTest@ed3068a]" started-at="2021-12-05T20:58:15 MSK" name="testMinOfTwo" data-provider="MinOfTwo" finished-at="2021-12-05T20:58:15 MSK" duration-ms="0" status="PASS">
          <params>
            <param index="0">
              <value>
                <![CDATA[[D@7997b197]]>
              </value>
            </param>
            <param index="1">
              <value>
                <![CDATA[-6]]>
              </value>
            </param>
          </params>
          <reporter-output>
          </reporter-output>
        </test-method> <!-- testMinOfTwo -->
        <test-method signature="testMinOfTwo([D,double)[pri:0, instance:test.jwd.task01basic.service.MinOfTwoNumberTest@ed3068a]" started-at="2021-12-05T20:58:15 MSK" name="testMinOfTwo" data-provider="MinOfTwo" finished-at="2021-12-05T20:58:15 MSK" duration-ms="1" status="PASS">
          <params>
            <param index="0">
              <value>
                <![CDATA[[D@ec0c838]]>
              </value>
            </param>
            <param index="1">
              <value>
                <![CDATA[-2147483647]]>
              </value>
            </param>
          </params>
          <reporter-output>
          </reporter-output>
        </test-method> <!-- testMinOfTwo -->
        <test-method signature="testMinOfTwo([D,double)[pri:0, instance:test.jwd.task01basic.service.MinOfTwoNumberTest@ed3068a]" started-at="2021-12-05T20:58:15 MSK" name="testMinOfTwo" data-provider="MinOfTwo" finished-at="2021-12-05T20:58:15 MSK" duration-ms="1" status="PASS">
          <params>
            <param index="0">
              <value>
                <![CDATA[[D@285d851a]]>
              </value>
            </param>
            <param index="1">
              <value>
                <![CDATA[-2147483647]]>
              </value>
            </param>
          </params>
          <reporter-output>
          </reporter-output>
        </test-method> <!-- testMinOfTwo -->
      </class> <!-- test.jwd.task01basic.service.MinOfTwoNumberTest -->
      <class name="test.jwd.task01basic.service.RectangleAreaTest">
        <test-method signature="testAreaCalculation([D,double)[pri:0, instance:test.jwd.task01basic.service.RectangleAreaTest@505a9d7c]" started-at="2021-12-05T20:58:15 MSK" name="testAreaCalculation" data-provider="DataForArea" finished-at="2021-12-05T20:58:15 MSK" duration-ms="1" status="PASS">
          <params>
            <param index="0">
              <value>
                <![CDATA[[D@7876d598]]>
              </value>
            </param>
            <param index="1">
              <value>
                <![CDATA[0.5]]>
              </value>
            </param>
          </params>
          <reporter-output>
          </reporter-output>
        </test-method> <!-- testAreaCalculation -->
        <test-method signature="testAreaCalculation([D,double)[pri:0, instance:test.jwd.task01basic.service.RectangleAreaTest@505a9d7c]" started-at="2021-12-05T20:58:15 MSK" name="testAreaCalculation" data-provider="DataForArea" finished-at="2021-12-05T20:58:15 MSK" duration-ms="0" status="PASS">
          <params>
            <param index="0">
              <value>
                <![CDATA[[D@644c78d4]]>
              </value>
            </param>
            <param index="1">
              <value>
                <![CDATA[2.0]]>
              </value>
            </param>
          </params>
          <reporter-output>
          </reporter-output>
        </test-method> <!-- testAreaCalculation -->
        <test-method signature="testAreaCalculation([D,double)[pri:0, instance:test.jwd.task01basic.service.RectangleAreaTest@505a9d7c]" started-at="2021-12-05T20:58:15 MSK" name="testAreaCalculation" data-provider="DataForArea" finished-at="2021-12-05T20:58:15 MSK" duration-ms="1" status="PASS">
          <params>
            <param index="0">
              <value>
                <![CDATA[[D@18e7143f]]>
              </value>
            </param>
            <param index="1">
              <value>
                <![CDATA[5000.0]]>
              </value>
            </param>
          </params>
          <reporter-output>
          </reporter-output>
        </test-method> <!-- testAreaCalculation -->
        <test-method signature="testAreaCalculation([D,double)[pri:0, instance:test.jwd.task01basic.service.RectangleAreaTest@505a9d7c]" started-at="2021-12-05T20:58:15 MSK" name="testAreaCalculation" data-provider="DataForArea" finished-at="2021-12-05T20:58:15 MSK" duration-ms="0" status="PASS">
          <params>
            <param index="0">
              <value>
                <![CDATA[[D@32232e55]]>
              </value>
            </param>
            <param index="1">
              <value>
                <![CDATA[1.7976931348623157E308]]>
              </value>
            </param>
          </params>
          <reporter-output>
          </reporter-output>
        </test-method> <!-- testAreaCalculation -->
        <test-method signature="testAreaCalculation([D,double)[pri:0, instance:test.jwd.task01basic.service.RectangleAreaTest@505a9d7c]" started-at="2021-12-05T20:58:15 MSK" name="testAreaCalculation" data-provider="DataForArea" finished-at="2021-12-05T20:58:15 MSK" duration-ms="1" status="PASS">
          <params>
            <param index="0">
              <value>
                <![CDATA[[D@1922e6d]]>
              </value>
            </param>
            <param index="1">
              <value>
                <![CDATA[1.7976931348623157E308]]>
              </value>
            </param>
          </params>
          <reporter-output>
          </reporter-output>
        </test-method> <!-- testAreaCalculation -->
      </class> <!-- test.jwd.task01basic.service.RectangleAreaTest -->
      <class name="test.jwd.task01basic.service.SumOfOddNumberTest">
        <test-method signature="testSumOfOddNumber()[pri:0, instance:test.jwd.task01basic.service.SumOfOddNumberTest@1fcb4808]" started-at="2021-12-05T20:58:15 MSK" name="testSumOfOddNumber" description="Sum of odd numbers from 1 to 99" finished-at="2021-12-05T20:58:15 MSK" duration-ms="0" status="PASS">
          <reporter-output>
          </reporter-output>
        </test-method> <!-- testSumOfOddNumber -->
      </class> <!-- test.jwd.task01basic.service.SumOfOddNumberTest -->
      <class name="test.jwd.task01basic.service.FunctionValueTest">
        <test-method signature="test1FunctionValue()[pri:0, instance:test.jwd.task01basic.service.FunctionValueTest@a8e6492]" started-at="2021-12-05T20:58:15 MSK" name="test1FunctionValue" description="FunctionValueTest1" finished-at="2021-12-05T20:58:15 MSK" duration-ms="2" status="PASS">
          <reporter-output>
          </reporter-output>
        </test-method> <!-- test1FunctionValue -->
        <test-method signature="test2FunctionValue()[pri:0, instance:test.jwd.task01basic.service.FunctionValueTest@a8e6492]" started-at="2021-12-05T20:58:15 MSK" name="test2FunctionValue" description="FunctionValueTest2" finished-at="2021-12-05T20:58:15 MSK" duration-ms="0" status="PASS">
          <reporter-output>
          </reporter-output>
        </test-method> <!-- test2FunctionValue -->
        <test-method signature="test3FunctionValue()[pri:0, instance:test.jwd.task01basic.service.FunctionValueTest@a8e6492]" started-at="2021-12-05T20:58:15 MSK" name="test3FunctionValue" description="FunctionValueTest3" finished-at="2021-12-05T20:58:15 MSK" duration-ms="1" status="PASS">
          <reporter-output>
          </reporter-output>
        </test-method> <!-- test3FunctionValue -->
      </class> <!-- test.jwd.task01basic.service.FunctionValueTest -->
      <class name="test.jwd.task01basic.service.QuantityOfPositiveNumberTest">
        <test-method signature="testDataForQuantityOfPositiveNumber([I,int)[pri:0, instance:test.jwd.task01basic.service.QuantityOfPositiveNumberTest@40c80397]" started-at="2021-12-05T20:58:15 MSK" name="testDataForQuantityOfPositiveNumber" data-provider="DataForQuantityOfPositiveNumber" finished-at="2021-12-05T20:58:15 MSK" duration-ms="0" status="PASS">
          <params>
            <param index="0">
              <value>
                <![CDATA[[I@5cc69cfe]]>
              </value>
            </param>
            <param index="1">
              <value>
                <![CDATA[0]]>
              </value>
            </param>
          </params>
          <reporter-output>
          </reporter-output>
        </test-method> <!-- testDataForQuantityOfPositiveNumber -->
        <test-method signature="testDataForQuantityOfPositiveNumber([I,int)[pri:0, instance:test.jwd.task01basic.service.QuantityOfPositiveNumberTest@40c80397]" started-at="2021-12-05T20:58:15 MSK" name="testDataForQuantityOfPositiveNumber" data-provider="DataForQuantityOfPositiveNumber" finished-at="2021-12-05T20:58:15 MSK" duration-ms="0" status="PASS">
          <params>
            <param index="0">
              <value>
                <![CDATA[[I@4a8ab068]]>
              </value>
            </param>
            <param index="1">
              <value>
                <![CDATA[3]]>
              </value>
            </param>
          </params>
          <reporter-output>
          </reporter-output>
        </test-method> <!-- testDataForQuantityOfPositiveNumber -->
        <test-method signature="testDataForQuantityOfPositiveNumber([I,int)[pri:0, instance:test.jwd.task01basic.service.QuantityOfPositiveNumberTest@40c80397]" started-at="2021-12-05T20:58:15 MSK" name="testDataForQuantityOfPositiveNumber" data-provider="DataForQuantityOfPositiveNumber" finished-at="2021-12-05T20:58:15 MSK" duration-ms="0" status="PASS">
          <params>
            <param index="0">
              <value>
                <![CDATA[[I@6e46d9f4]]>
              </value>
            </param>
            <param index="1">
              <value>
                <![CDATA[2]]>
              </value>
            </param>
          </params>
          <reporter-output>
          </reporter-output>
        </test-method> <!-- testDataForQuantityOfPositiveNumber -->
        <test-method signature="testDataForQuantityOfPositiveNumber([I,int)[pri:0, instance:test.jwd.task01basic.service.QuantityOfPositiveNumberTest@40c80397]" started-at="2021-12-05T20:58:15 MSK" name="testDataForQuantityOfPositiveNumber" data-provider="DataForQuantityOfPositiveNumber" finished-at="2021-12-05T20:58:15 MSK" duration-ms="0" status="PASS">
          <params>
            <param index="0">
              <value>
                <![CDATA[[I@2f7a7219]]>
              </value>
            </param>
            <param index="1">
              <value>
                <![CDATA[2]]>
              </value>
            </param>
          </params>
          <reporter-output>
          </reporter-output>
        </test-method> <!-- testDataForQuantityOfPositiveNumber -->
        <test-method signature="testDataForQuantityOfPositiveNumber([I,int)[pri:0, instance:test.jwd.task01basic.service.QuantityOfPositiveNumberTest@40c80397]" started-at="2021-12-05T20:58:15 MSK" name="testDataForQuantityOfPositiveNumber" data-provider="DataForQuantityOfPositiveNumber" finished-at="2021-12-05T20:58:15 MSK" duration-ms="1" status="PASS">
          <params>
            <param index="0">
              <value>
                <![CDATA[[I@21c64522]]>
              </value>
            </param>
            <param index="1">
              <value>
                <![CDATA[2]]>
              </value>
            </param>
          </params>
          <reporter-output>
          </reporter-output>
        </test-method> <!-- testDataForQuantityOfPositiveNumber -->
        <test-method signature="testDataForQuantityOfPositiveNumber([I,int)[pri:0, instance:test.jwd.task01basic.service.QuantityOfPositiveNumberTest@40c80397]" started-at="2021-12-05T20:58:15 MSK" name="testDataForQuantityOfPositiveNumber" data-provider="DataForQuantityOfPositiveNumber" finished-at="2021-12-05T20:58:15 MSK" duration-ms="0" status="PASS">
          <params>
            <param index="0">
              <value>
                <![CDATA[[I@332a7fce]]>
              </value>
            </param>
            <param index="1">
              <value>
                <![CDATA[1]]>
              </value>
            </param>
          </params>
          <reporter-output>
          </reporter-output>
        </test-method> <!-- testDataForQuantityOfPositiveNumber -->
        <test-method signature="testDataForQuantityOfPositiveNumber([I,int)[pri:0, instance:test.jwd.task01basic.service.QuantityOfPositiveNumberTest@40c80397]" started-at="2021-12-05T20:58:15 MSK" name="testDataForQuantityOfPositiveNumber" data-provider="DataForQuantityOfPositiveNumber" finished-at="2021-12-05T20:58:15 MSK" duration-ms="1" status="PASS">
          <params>
            <param index="0">
              <value>
                <![CDATA[[I@2c177f9e]]>
              </value>
            </param>
            <param index="1">
              <value>
                <![CDATA[1]]>
              </value>
            </param>
          </params>
          <reporter-output>
          </reporter-output>
        </test-method> <!-- testDataForQuantityOfPositiveNumber -->
        <test-method signature="testDataForQuantityOfPositiveNumber([I,int)[pri:0, instance:test.jwd.task01basic.service.QuantityOfPositiveNumberTest@40c80397]" started-at="2021-12-05T20:58:15 MSK" name="testDataForQuantityOfPositiveNumber" data-provider="DataForQuantityOfPositiveNumber" finished-at="2021-12-05T20:58:15 MSK" duration-ms="1" status="PASS">
          <params>
            <param index="0">
              <value>
                <![CDATA[[I@532a02d9]]>
              </value>
            </param>
            <param index="1">
              <value>
                <![CDATA[1]]>
              </value>
            </param>
          </params>
          <reporter-output>
          </reporter-output>
        </test-method> <!-- testDataForQuantityOfPositiveNumber -->
        <test-method signature="testDataForQuantityOfPositiveNumber([I,int)[pri:0, instance:test.jwd.task01basic.service.QuantityOfPositiveNumberTest@40c80397]" started-at="2021-12-05T20:58:15 MSK" name="testDataForQuantityOfPositiveNumber" data-provider="DataForQuantityOfPositiveNumber" finished-at="2021-12-05T20:58:15 MSK" duration-ms="1" status="PASS">
          <params>
            <param index="0">
              <value>
                <![CDATA[[I@f9b7332]]>
              </value>
            </param>
            <param index="1">
              <value>
                <![CDATA[0]]>
              </value>
            </param>
          </params>
          <reporter-output>
          </reporter-output>
        </test-method> <!-- testDataForQuantityOfPositiveNumber -->
        <test-method signature="testDataForQuantityOfPositiveNumber([I,int)[pri:0, instance:test.jwd.task01basic.service.QuantityOfPositiveNumberTest@40c80397]" started-at="2021-12-05T20:58:15 MSK" name="testDataForQuantityOfPositiveNumber" data-provider="DataForQuantityOfPositiveNumber" finished-at="2021-12-05T20:58:15 MSK" duration-ms="0" status="PASS">
          <params>
            <param index="0">
              <value>
                <![CDATA[[I@4a8a60bc]]>
              </value>
            </param>
            <param index="1">
              <value>
                <![CDATA[3]]>
              </value>
            </param>
          </params>
          <reporter-output>
          </reporter-output>
        </test-method> <!-- testDataForQuantityOfPositiveNumber -->
        <test-method signature="testDataForQuantityOfPositiveNumber([I,int)[pri:0, instance:test.jwd.task01basic.service.QuantityOfPositiveNumberTest@40c80397]" started-at="2021-12-05T20:58:15 MSK" name="testDataForQuantityOfPositiveNumber" data-provider="DataForQuantityOfPositiveNumber" finished-at="2021-12-05T20:58:15 MSK" duration-ms="0" status="PASS">
          <params>
            <param index="0">
              <value>
                <![CDATA[[I@76a82f33]]>
              </value>
            </param>
            <param index="1">
              <value>
                <![CDATA[1]]>
              </value>
            </param>
          </params>
          <reporter-output>
          </reporter-output>
        </test-method> <!-- testDataForQuantityOfPositiveNumber -->
      </class> <!-- test.jwd.task01basic.service.QuantityOfPositiveNumberTest -->
      <class name="test.jwd.task01basic.service.TriangleAreaTest">
        <test-method signature="testAreaCalculationNeg(double,double)[pri:0, instance:test.jwd.task01basic.service.TriangleAreaTest@72cf2de5]" started-at="2021-12-05T20:58:15 MSK" name="testAreaCalculationNeg" description="Negative scenario" data-provider="DataForAreaNeg" finished-at="2021-12-05T20:58:15 MSK" duration-ms="7" status="PASS">
          <params>
            <param index="0">
              <value>
                <![CDATA[0.0]]>
              </value>
            </param>
            <param index="1">
              <value>
                <![CDATA[0]]>
              </value>
            </param>
          </params>
          <exception class="by.jwd.task01basic.service.ServiceException">
            <full-stacktrace>
              <![CDATA[by.jwd.task01basic.service.ServiceException
at by.jwd.task01basic.service.impl.TriangleAreaServiceImpl.doCalculation(TriangleAreaServiceImpl.java:40)
at test.jwd.task01basic.service.TriangleAreaTest.testAreaCalculationNeg(TriangleAreaTest.java:41)
at java.base/jdk.internal.reflect.NativeMethodAccessorImpl.invoke0(Native Method)
at java.base/jdk.internal.reflect.NativeMethodAccessorImpl.invoke(NativeMethodAccessorImpl.java:64)
at java.base/jdk.internal.reflect.DelegatingMethodAccessorImpl.invoke(DelegatingMethodAccessorImpl.java:43)
at java.base/java.lang.reflect.Method.invoke(Method.java:564)
at org.testng.internal.MethodInvocationHelper.invokeMethod(MethodInvocationHelper.java:133)
at org.testng.internal.TestInvoker.invokeMethod(TestInvoker.java:598)
at org.testng.internal.TestInvoker.invokeTestMethod(TestInvoker.java:173)
at org.testng.internal.MethodRunner.runInSequence(MethodRunner.java:46)
at org.testng.internal.TestInvoker$MethodInvocationAgent.invoke(TestInvoker.java:824)
at org.testng.internal.TestInvoker.invokeTestMethods(TestInvoker.java:146)
at org.testng.internal.TestMethodWorker.invokeTestMethods(TestMethodWorker.java:146)
at org.testng.internal.TestMethodWorker.run(TestMethodWorker.java:128)
at java.base/java.util.ArrayList.forEach(ArrayList.java:1511)
at org.testng.TestRunner.privateRun(TestRunner.java:794)
at org.testng.TestRunner.run(TestRunner.java:596)
at org.testng.SuiteRunner.runTest(SuiteRunner.java:377)
at org.testng.SuiteRunner.runSequentially(SuiteRunner.java:371)
at org.testng.SuiteRunner.privateRun(SuiteRunner.java:332)
at org.testng.SuiteRunner.run(SuiteRunner.java:276)
at org.testng.SuiteRunnerWorker.runSuite(SuiteRunnerWorker.java:53)
at org.testng.SuiteRunnerWorker.run(SuiteRunnerWorker.java:96)
at org.testng.TestNG.runSuitesSequentially(TestNG.java:1212)
at org.testng.TestNG.runSuitesLocally(TestNG.java:1134)
at org.testng.TestNG.runSuites(TestNG.java:1063)
at org.testng.TestNG.run(TestNG.java:1031)
at org.testng.remote.AbstractRemoteTestNG.run(AbstractRemoteTestNG.java:115)
at org.testng.remote.RemoteTestNG.initAndRun(RemoteTestNG.java:251)
at org.testng.remote.RemoteTestNG.main(RemoteTestNG.java:77)
]]>
            </full-stacktrace>
          </exception> <!-- by.jwd.task01basic.service.ServiceException -->
          <reporter-output>
          </reporter-output>
        </test-method> <!-- testAreaCalculationNeg -->
        <test-method signature="testAreaCalculationNeg(double,double)[pri:0, instance:test.jwd.task01basic.service.TriangleAreaTest@72cf2de5]" started-at="2021-12-05T20:58:15 MSK" name="testAreaCalculationNeg" description="Negative scenario" data-provider="DataForAreaNeg" finished-at="2021-12-05T20:58:15 MSK" duration-ms="1" status="PASS">
          <params>
            <param index="0">
              <value>
                <![CDATA[-5]]>
              </value>
            </param>
            <param index="1">
              <value>
                <![CDATA[0.0]]>
              </value>
            </param>
          </params>
          <exception class="by.jwd.task01basic.service.ServiceException">
            <full-stacktrace>
              <![CDATA[by.jwd.task01basic.service.ServiceException
at by.jwd.task01basic.service.impl.TriangleAreaServiceImpl.doCalculation(TriangleAreaServiceImpl.java:40)
at test.jwd.task01basic.service.TriangleAreaTest.testAreaCalculationNeg(TriangleAreaTest.java:41)
at java.base/jdk.internal.reflect.NativeMethodAccessorImpl.invoke0(Native Method)
at java.base/jdk.internal.reflect.NativeMethodAccessorImpl.invoke(NativeMethodAccessorImpl.java:64)
at java.base/jdk.internal.reflect.DelegatingMethodAccessorImpl.invoke(DelegatingMethodAccessorImpl.java:43)
at java.base/java.lang.reflect.Method.invoke(Method.java:564)
at org.testng.internal.MethodInvocationHelper.invokeMethod(MethodInvocationHelper.java:133)
at org.testng.internal.TestInvoker.invokeMethod(TestInvoker.java:598)
at org.testng.internal.TestInvoker.invokeTestMethod(TestInvoker.java:173)
at org.testng.internal.MethodRunner.runInSequence(MethodRunner.java:46)
at org.testng.internal.TestInvoker$MethodInvocationAgent.invoke(TestInvoker.java:824)
at org.testng.internal.TestInvoker.invokeTestMethods(TestInvoker.java:146)
at org.testng.internal.TestMethodWorker.invokeTestMethods(TestMethodWorker.java:146)
at org.testng.internal.TestMethodWorker.run(TestMethodWorker.java:128)
at java.base/java.util.ArrayList.forEach(ArrayList.java:1511)
at org.testng.TestRunner.privateRun(TestRunner.java:794)
at org.testng.TestRunner.run(TestRunner.java:596)
at org.testng.SuiteRunner.runTest(SuiteRunner.java:377)
at org.testng.SuiteRunner.runSequentially(SuiteRunner.java:371)
at org.testng.SuiteRunner.privateRun(SuiteRunner.java:332)
at org.testng.SuiteRunner.run(SuiteRunner.java:276)
at org.testng.SuiteRunnerWorker.runSuite(SuiteRunnerWorker.java:53)
at org.testng.SuiteRunnerWorker.run(SuiteRunnerWorker.java:96)
at org.testng.TestNG.runSuitesSequentially(TestNG.java:1212)
at org.testng.TestNG.runSuitesLocally(TestNG.java:1134)
at org.testng.TestNG.runSuites(TestNG.java:1063)
at org.testng.TestNG.run(TestNG.java:1031)
at org.testng.remote.AbstractRemoteTestNG.run(AbstractRemoteTestNG.java:115)
at org.testng.remote.RemoteTestNG.initAndRun(RemoteTestNG.java:251)
at org.testng.remote.RemoteTestNG.main(RemoteTestNG.java:77)
]]>
            </full-stacktrace>
          </exception> <!-- by.jwd.task01basic.service.ServiceException -->
          <reporter-output>
          </reporter-output>
        </test-method> <!-- testAreaCalculationNeg -->
        <test-method signature="testAreaCalculationNeg(double,double)[pri:0, instance:test.jwd.task01basic.service.TriangleAreaTest@72cf2de5]" started-at="2021-12-05T20:58:15 MSK" name="testAreaCalculationNeg" description="Negative scenario" data-provider="DataForAreaNeg" finished-at="2021-12-05T20:58:15 MSK" duration-ms="2" status="PASS">
          <params>
            <param index="0">
              <value>
                <![CDATA[-2147483647]]>
              </value>
            </param>
            <param index="1">
              <value>
                <![CDATA[0.0]]>
              </value>
            </param>
          </params>
          <exception class="by.jwd.task01basic.service.ServiceException">
            <full-stacktrace>
              <![CDATA[by.jwd.task01basic.service.ServiceException
at by.jwd.task01basic.service.impl.TriangleAreaServiceImpl.doCalculation(TriangleAreaServiceImpl.java:40)
at test.jwd.task01basic.service.TriangleAreaTest.testAreaCalculationNeg(TriangleAreaTest.java:41)
at java.base/jdk.internal.reflect.NativeMethodAccessorImpl.invoke0(Native Method)
at java.base/jdk.internal.reflect.NativeMethodAccessorImpl.invoke(NativeMethodAccessorImpl.java:64)
at java.base/jdk.internal.reflect.DelegatingMethodAccessorImpl.invoke(DelegatingMethodAccessorImpl.java:43)
at java.base/java.lang.reflect.Method.invoke(Method.java:564)
at org.testng.internal.MethodInvocationHelper.invokeMethod(MethodInvocationHelper.java:133)
at org.testng.internal.TestInvoker.invokeMethod(TestInvoker.java:598)
at org.testng.internal.TestInvoker.invokeTestMethod(TestInvoker.java:173)
at org.testng.internal.MethodRunner.runInSequence(MethodRunner.java:46)
at org.testng.internal.TestInvoker$MethodInvocationAgent.invoke(TestInvoker.java:824)
at org.testng.internal.TestInvoker.invokeTestMethods(TestInvoker.java:146)
at org.testng.internal.TestMethodWorker.invokeTestMethods(TestMethodWorker.java:146)
at org.testng.internal.TestMethodWorker.run(TestMethodWorker.java:128)
at java.base/java.util.ArrayList.forEach(ArrayList.java:1511)
at org.testng.TestRunner.privateRun(TestRunner.java:794)
at org.testng.TestRunner.run(TestRunner.java:596)
at org.testng.SuiteRunner.runTest(SuiteRunner.java:377)
at org.testng.SuiteRunner.runSequentially(SuiteRunner.java:371)
at org.testng.SuiteRunner.privateRun(SuiteRunner.java:332)
at org.testng.SuiteRunner.run(SuiteRunner.java:276)
at org.testng.SuiteRunnerWorker.runSuite(SuiteRunnerWorker.java:53)
at org.testng.SuiteRunnerWorker.run(SuiteRunnerWorker.java:96)
at org.testng.TestNG.runSuitesSequentially(TestNG.java:1212)
at org.testng.TestNG.runSuitesLocally(TestNG.java:1134)
at org.testng.TestNG.runSuites(TestNG.java:1063)
at org.testng.TestNG.run(TestNG.java:1031)
at org.testng.remote.AbstractRemoteTestNG.run(AbstractRemoteTestNG.java:115)
at org.testng.remote.RemoteTestNG.initAndRun(RemoteTestNG.java:251)
at org.testng.remote.RemoteTestNG.main(RemoteTestNG.java:77)
]]>
            </full-stacktrace>
          </exception> <!-- by.jwd.task01basic.service.ServiceException -->
          <reporter-output>
          </reporter-output>
        </test-method> <!-- testAreaCalculationNeg -->
        <test-method signature="testAreaCalculationPos(double,double)[pri:0, instance:test.jwd.task01basic.service.TriangleAreaTest@72cf2de5]" started-at="2021-12-05T20:58:15 MSK" name="testAreaCalculationPos" description="Positive scenario" data-provider="DataForAreaPos" finished-at="2021-12-05T20:58:15 MSK" duration-ms="1" status="PASS">
          <params>
            <param index="0">
              <value>
                <![CDATA[10.0]]>
              </value>
            </param>
            <param index="1">
              <value>
                <![CDATA[43.30127018922193]]>
              </value>
            </param>
          </params>
          <reporter-output>
          </reporter-output>
        </test-method> <!-- testAreaCalculationPos -->
        <test-method signature="testAreaCalculationPos(double,double)[pri:0, instance:test.jwd.task01basic.service.TriangleAreaTest@72cf2de5]" started-at="2021-12-05T20:58:15 MSK" name="testAreaCalculationPos" description="Positive scenario" data-provider="DataForAreaPos" finished-at="2021-12-05T20:58:15 MSK" duration-ms="1" status="PASS">
          <params>
            <param index="0">
              <value>
                <![CDATA[1.0]]>
              </value>
            </param>
            <param index="1">
              <value>
                <![CDATA[0.4330127018922193]]>
              </value>
            </param>
          </params>
          <reporter-output>
          </reporter-output>
        </test-method> <!-- testAreaCalculationPos -->
        <test-method signature="testAreaCalculationPos(double,double)[pri:0, instance:test.jwd.task01basic.service.TriangleAreaTest@72cf2de5]" started-at="2021-12-05T20:58:15 MSK" name="testAreaCalculationPos" description="Positive scenario" data-provider="DataForAreaPos" finished-at="2021-12-05T20:58:15 MSK" duration-ms="1" status="PASS">
          <params>
            <param index="0">
              <value>
                <![CDATA[2.0]]>
              </value>
            </param>
            <param index="1">
              <value>
                <![CDATA[1.7320508075688772]]>
              </value>
            </param>
          </params>
          <reporter-output>
          </reporter-output>
        </test-method> <!-- testAreaCalculationPos -->
        <test-method signature="testAreaCalculationPos(double,double)[pri:0, instance:test.jwd.task01basic.service.TriangleAreaTest@72cf2de5]" started-at="2021-12-05T20:58:15 MSK" name="testAreaCalculationPos" description="Positive scenario" data-provider="DataForAreaPos" finished-at="2021-12-05T20:58:15 MSK" duration-ms="0" status="PASS">
          <params>
            <param index="0">
              <value>
                <![CDATA[2147483647]]>
              </value>
            </param>
            <param index="1">
              <value>
                <![CDATA[1.99691862125803878E18]]>
              </value>
            </param>
          </params>
          <reporter-output>
          </reporter-output>
        </test-method> <!-- testAreaCalculationPos -->
      </class> <!-- test.jwd.task01basic.service.TriangleAreaTest -->
      <class name="test.jwd.task01basic.service.TriangleRadiusOutTest">
        <test-method signature="testRadiusOutCalculation(double,double)[pri:0, instance:test.jwd.task01basic.service.TriangleRadiusOutTest@422c3c7a]" started-at="2021-12-05T20:58:15 MSK" name="testRadiusOutCalculation" data-provider="DataForRadiusOut" finished-at="2021-12-05T20:58:15 MSK" duration-ms="1" status="PASS">
          <params>
            <param index="0">
              <value>
                <![CDATA[5.0]]>
              </value>
            </param>
            <param index="1">
              <value>
                <![CDATA[2.886751]]>
              </value>
            </param>
          </params>
          <reporter-output>
          </reporter-output>
        </test-method> <!-- testRadiusOutCalculation -->
        <test-method signature="testRadiusOutCalculation(double,double)[pri:0, instance:test.jwd.task01basic.service.TriangleRadiusOutTest@422c3c7a]" started-at="2021-12-05T20:58:15 MSK" name="testRadiusOutCalculation" data-provider="DataForRadiusOut" finished-at="2021-12-05T20:58:15 MSK" duration-ms="1" status="PASS">
          <params>
            <param index="0">
              <value>
                <![CDATA[1.0]]>
              </value>
            </param>
            <param index="1">
              <value>
                <![CDATA[0.57735]]>
              </value>
            </param>
          </params>
          <reporter-output>
          </reporter-output>
        </test-method> <!-- testRadiusOutCalculation -->
        <test-method signature="testRadiusOutCalculation(double,double)[pri:0, instance:test.jwd.task01basic.service.TriangleRadiusOutTest@422c3c7a]" started-at="2021-12-05T20:58:15 MSK" name="testRadiusOutCalculation" data-provider="DataForRadiusOut" finished-at="2021-12-05T20:58:15 MSK" duration-ms="0" status="PASS">
          <params>
            <param index="0">
              <value>
                <![CDATA[2.0]]>
              </value>
            </param>
            <param index="1">
              <value>
                <![CDATA[1.154701]]>
              </value>
            </param>
          </params>
          <reporter-output>
          </reporter-output>
        </test-method> <!-- testRadiusOutCalculation -->
        <test-method signature="testRadiusOutCalculation(double,double)[pri:0, instance:test.jwd.task01basic.service.TriangleRadiusOutTest@422c3c7a]" started-at="2021-12-05T20:58:15 MSK" name="testRadiusOutCalculation" data-provider="DataForRadiusOut" finished-at="2021-12-05T20:58:15 MSK" duration-ms="1" status="PASS">
          <params>
            <param index="0">
              <value>
                <![CDATA[100]]>
              </value>
            </param>
            <param index="1">
              <value>
                <![CDATA[57.735027]]>
              </value>
            </param>
          </params>
          <reporter-output>
          </reporter-output>
        </test-method> <!-- testRadiusOutCalculation -->
        <test-method signature="testRadiusOutCalculation(double,double)[pri:0, instance:test.jwd.task01basic.service.TriangleRadiusOutTest@422c3c7a]" started-at="2021-12-05T20:58:15 MSK" name="testRadiusOutCalculation" data-provider="DataForRadiusOut" finished-at="2021-12-05T20:58:15 MSK" duration-ms="1" status="PASS">
          <params>
            <param index="0">
              <value>
                <![CDATA[2147483647]]>
              </value>
            </param>
            <param index="1">
              <value>
                <![CDATA[1.239850261675769E9]]>
              </value>
            </param>
          </params>
          <reporter-output>
          </reporter-output>
        </test-method> <!-- testRadiusOutCalculation -->
      </class> <!-- test.jwd.task01basic.service.TriangleRadiusOutTest -->
      <class name="test.jwd.task01basic.service.DoesBrickFitRectangleTest">
        <test-method signature="testNegBrickAndRectangle([D,boolean)[pri:0, instance:test.jwd.task01basic.service.DoesBrickFitRectangleTest@56bca85b]" started-at="2021-12-05T20:58:15 MSK" name="testNegBrickAndRectangle" description="Negative_scenario" data-provider="BrickAndRectangleNegative" finished-at="2021-12-05T20:58:15 MSK" duration-ms="2" status="PASS">
          <params>
            <param index="0">
              <value>
                <![CDATA[[D@314b8f2d]]>
              </value>
            </param>
            <param index="1">
              <value>
                <![CDATA[false]]>
              </value>
            </param>
          </params>
          <exception class="by.jwd.task01basic.service.ServiceException">
            <full-stacktrace>
              <![CDATA[by.jwd.task01basic.service.ServiceException
at by.jwd.task01basic.service.impl.RectangleAreaServiceImpl.doCalculation(RectangleAreaServiceImpl.java:36)
at by.jwd.task01basic.service.impl.DoesBrickFitRectangleServiceImpl.doLogic(DoesBrickFitRectangleServiceImpl.java:43)
at test.jwd.task01basic.service.DoesBrickFitRectangleTest.testNegBrickAndRectangle(DoesBrickFitRectangleTest.java:68)
at java.base/jdk.internal.reflect.NativeMethodAccessorImpl.invoke0(Native Method)
at java.base/jdk.internal.reflect.NativeMethodAccessorImpl.invoke(NativeMethodAccessorImpl.java:64)
at java.base/jdk.internal.reflect.DelegatingMethodAccessorImpl.invoke(DelegatingMethodAccessorImpl.java:43)
at java.base/java.lang.reflect.Method.invoke(Method.java:564)
at org.testng.internal.MethodInvocationHelper.invokeMethod(MethodInvocationHelper.java:133)
at org.testng.internal.TestInvoker.invokeMethod(TestInvoker.java:598)
at org.testng.internal.TestInvoker.invokeTestMethod(TestInvoker.java:173)
at org.testng.internal.MethodRunner.runInSequence(MethodRunner.java:46)
at org.testng.internal.TestInvoker$MethodInvocationAgent.invoke(TestInvoker.java:824)
at org.testng.internal.TestInvoker.invokeTestMethods(TestInvoker.java:146)
at org.testng.internal.TestMethodWorker.invokeTestMethods(TestMethodWorker.java:146)
at org.testng.internal.TestMethodWorker.run(TestMethodWorker.java:128)
at java.base/java.util.ArrayList.forEach(ArrayList.java:1511)
at org.testng.TestRunner.privateRun(TestRunner.java:794)
at org.testng.TestRunner.run(TestRunner.java:596)
at org.testng.SuiteRunner.runTest(SuiteRunner.java:377)
at org.testng.SuiteRunner.runSequentially(SuiteRunner.java:371)
at org.testng.SuiteRunner.privateRun(SuiteRunner.java:332)
at org.testng.SuiteRunner.run(SuiteRunner.java:276)
at org.testng.SuiteRunnerWorker.runSuite(SuiteRunnerWorker.java:53)
at org.testng.SuiteRunnerWorker.run(SuiteRunnerWorker.java:96)
at org.testng.TestNG.runSuitesSequentially(TestNG.java:1212)
at org.testng.TestNG.runSuitesLocally(TestNG.java:1134)
at org.testng.TestNG.runSuites(TestNG.java:1063)
at org.testng.TestNG.run(TestNG.java:1031)
at org.testng.remote.AbstractRemoteTestNG.run(AbstractRemoteTestNG.java:115)
at org.testng.remote.RemoteTestNG.initAndRun(RemoteTestNG.java:251)
at org.testng.remote.RemoteTestNG.main(RemoteTestNG.java:77)
]]>
            </full-stacktrace>
          </exception> <!-- by.jwd.task01basic.service.ServiceException -->
          <reporter-output>
          </reporter-output>
        </test-method> <!-- testNegBrickAndRectangle -->
        <test-method signature="testNegBrickAndRectangle([D,boolean)[pri:0, instance:test.jwd.task01basic.service.DoesBrickFitRectangleTest@56bca85b]" started-at="2021-12-05T20:58:15 MSK" name="testNegBrickAndRectangle" description="Negative_scenario" data-provider="BrickAndRectangleNegative" finished-at="2021-12-05T20:58:15 MSK" duration-ms="1" status="PASS">
          <params>
            <param index="0">
              <value>
                <![CDATA[[D@6b5176f2]]>
              </value>
            </param>
            <param index="1">
              <value>
                <![CDATA[false]]>
              </value>
            </param>
          </params>
          <exception class="by.jwd.task01basic.service.ServiceException">
            <full-stacktrace>
              <![CDATA[by.jwd.task01basic.service.ServiceException
at by.jwd.task01basic.service.impl.RectangleAreaServiceImpl.doCalculation(RectangleAreaServiceImpl.java:36)
at by.jwd.task01basic.service.impl.DoesBrickFitRectangleServiceImpl.doLogic(DoesBrickFitRectangleServiceImpl.java:43)
at test.jwd.task01basic.service.DoesBrickFitRectangleTest.testNegBrickAndRectangle(DoesBrickFitRectangleTest.java:68)
at java.base/jdk.internal.reflect.NativeMethodAccessorImpl.invoke0(Native Method)
at java.base/jdk.internal.reflect.NativeMethodAccessorImpl.invoke(NativeMethodAccessorImpl.java:64)
at java.base/jdk.internal.reflect.DelegatingMethodAccessorImpl.invoke(DelegatingMethodAccessorImpl.java:43)
at java.base/java.lang.reflect.Method.invoke(Method.java:564)
at org.testng.internal.MethodInvocationHelper.invokeMethod(MethodInvocationHelper.java:133)
at org.testng.internal.TestInvoker.invokeMethod(TestInvoker.java:598)
at org.testng.internal.TestInvoker.invokeTestMethod(TestInvoker.java:173)
at org.testng.internal.MethodRunner.runInSequence(MethodRunner.java:46)
at org.testng.internal.TestInvoker$MethodInvocationAgent.invoke(TestInvoker.java:824)
at org.testng.internal.TestInvoker.invokeTestMethods(TestInvoker.java:146)
at org.testng.internal.TestMethodWorker.invokeTestMethods(TestMethodWorker.java:146)
at org.testng.internal.TestMethodWorker.run(TestMethodWorker.java:128)
at java.base/java.util.ArrayList.forEach(ArrayList.java:1511)
at org.testng.TestRunner.privateRun(TestRunner.java:794)
at org.testng.TestRunner.run(TestRunner.java:596)
at org.testng.SuiteRunner.runTest(SuiteRunner.java:377)
at org.testng.SuiteRunner.runSequentially(SuiteRunner.java:371)
at org.testng.SuiteRunner.privateRun(SuiteRunner.java:332)
at org.testng.SuiteRunner.run(SuiteRunner.java:276)
at org.testng.SuiteRunnerWorker.runSuite(SuiteRunnerWorker.java:53)
at org.testng.SuiteRunnerWorker.run(SuiteRunnerWorker.java:96)
at org.testng.TestNG.runSuitesSequentially(TestNG.java:1212)
at org.testng.TestNG.runSuitesLocally(TestNG.java:1134)
at org.testng.TestNG.runSuites(TestNG.java:1063)
at org.testng.TestNG.run(TestNG.java:1031)
at org.testng.remote.AbstractRemoteTestNG.run(AbstractRemoteTestNG.java:115)
at org.testng.remote.RemoteTestNG.initAndRun(RemoteTestNG.java:251)
at org.testng.remote.RemoteTestNG.main(RemoteTestNG.java:77)
]]>
            </full-stacktrace>
          </exception> <!-- by.jwd.task01basic.service.ServiceException -->
          <reporter-output>
          </reporter-output>
        </test-method> <!-- testNegBrickAndRectangle -->
        <test-method signature="testNegBrickAndRectangle([D,boolean)[pri:0, instance:test.jwd.task01basic.service.DoesBrickFitRectangleTest@56bca85b]" started-at="2021-12-05T20:58:15 MSK" name="testNegBrickAndRectangle" description="Negative_scenario" data-provider="BrickAndRectangleNegative" finished-at="2021-12-05T20:58:15 MSK" duration-ms="1" status="PASS">
          <params>
            <param index="0">
              <value>
                <![CDATA[[D@5af28b27]]>
              </value>
            </param>
            <param index="1">
              <value>
                <![CDATA[false]]>
              </value>
            </param>
          </params>
          <exception class="by.jwd.task01basic.service.ServiceException">
            <full-stacktrace>
              <![CDATA[by.jwd.task01basic.service.ServiceException
at by.jwd.task01basic.service.impl.RectangleAreaServiceImpl.doCalculation(RectangleAreaServiceImpl.java:36)
at by.jwd.task01basic.service.impl.DoesBrickFitRectangleServiceImpl.doLogic(DoesBrickFitRectangleServiceImpl.java:43)
at test.jwd.task01basic.service.DoesBrickFitRectangleTest.testNegBrickAndRectangle(DoesBrickFitRectangleTest.java:68)
at java.base/jdk.internal.reflect.NativeMethodAccessorImpl.invoke0(Native Method)
at java.base/jdk.internal.reflect.NativeMethodAccessorImpl.invoke(NativeMethodAccessorImpl.java:64)
at java.base/jdk.internal.reflect.DelegatingMethodAccessorImpl.invoke(DelegatingMethodAccessorImpl.java:43)
at java.base/java.lang.reflect.Method.invoke(Method.java:564)
at org.testng.internal.MethodInvocationHelper.invokeMethod(MethodInvocationHelper.java:133)
at org.testng.internal.TestInvoker.invokeMethod(TestInvoker.java:598)
at org.testng.internal.TestInvoker.invokeTestMethod(TestInvoker.java:173)
at org.testng.internal.MethodRunner.runInSequence(MethodRunner.java:46)
at org.testng.internal.TestInvoker$MethodInvocationAgent.invoke(TestInvoker.java:824)
at org.testng.internal.TestInvoker.invokeTestMethods(TestInvoker.java:146)
at org.testng.internal.TestMethodWorker.invokeTestMethods(TestMethodWorker.java:146)
at org.testng.internal.TestMethodWorker.run(TestMethodWorker.java:128)
at java.base/java.util.ArrayList.forEach(ArrayList.java:1511)
at org.testng.TestRunner.privateRun(TestRunner.java:794)
at org.testng.TestRunner.run(TestRunner.java:596)
at org.testng.SuiteRunner.runTest(SuiteRunner.java:377)
at org.testng.SuiteRunner.runSequentially(SuiteRunner.java:371)
at org.testng.SuiteRunner.privateRun(SuiteRunner.java:332)
at org.testng.SuiteRunner.run(SuiteRunner.java:276)
at org.testng.SuiteRunnerWorker.runSuite(SuiteRunnerWorker.java:53)
at org.testng.SuiteRunnerWorker.run(SuiteRunnerWorker.java:96)
at org.testng.TestNG.runSuitesSequentially(TestNG.java:1212)
at org.testng.TestNG.runSuitesLocally(TestNG.java:1134)
at org.testng.TestNG.runSuites(TestNG.java:1063)
at org.testng.TestNG.run(TestNG.java:1031)
at org.testng.remote.AbstractRemoteTestNG.run(AbstractRemoteTestNG.java:115)
at org.testng.remote.RemoteTestNG.initAndRun(RemoteTestNG.java:251)
at org.testng.remote.RemoteTestNG.main(RemoteTestNG.java:77)
]]>
            </full-stacktrace>
          </exception> <!-- by.jwd.task01basic.service.ServiceException -->
          <reporter-output>
          </reporter-output>
        </test-method> <!-- testNegBrickAndRectangle -->
        <test-method signature="testNegBrickAndRectangle([D,boolean)[pri:0, instance:test.jwd.task01basic.service.DoesBrickFitRectangleTest@56bca85b]" started-at="2021-12-05T20:58:15 MSK" name="testNegBrickAndRectangle" description="Negative_scenario" data-provider="BrickAndRectangleNegative" finished-at="2021-12-05T20:58:15 MSK" duration-ms="1" status="PASS">
          <params>
            <param index="0">
              <value>
                <![CDATA[[D@33617539]]>
              </value>
            </param>
            <param index="1">
              <value>
                <![CDATA[false]]>
              </value>
            </param>
          </params>
          <exception class="by.jwd.task01basic.service.ServiceException">
            <full-stacktrace>
              <![CDATA[by.jwd.task01basic.service.ServiceException
at by.jwd.task01basic.service.impl.DoesBrickFitRectangleServiceImpl.doLogic(DoesBrickFitRectangleServiceImpl.java:56)
at test.jwd.task01basic.service.DoesBrickFitRectangleTest.testNegBrickAndRectangle(DoesBrickFitRectangleTest.java:68)
at java.base/jdk.internal.reflect.NativeMethodAccessorImpl.invoke0(Native Method)
at java.base/jdk.internal.reflect.NativeMethodAccessorImpl.invoke(NativeMethodAccessorImpl.java:64)
at java.base/jdk.internal.reflect.DelegatingMethodAccessorImpl.invoke(DelegatingMethodAccessorImpl.java:43)
at java.base/java.lang.reflect.Method.invoke(Method.java:564)
at org.testng.internal.MethodInvocationHelper.invokeMethod(MethodInvocationHelper.java:133)
at org.testng.internal.TestInvoker.invokeMethod(TestInvoker.java:598)
at org.testng.internal.TestInvoker.invokeTestMethod(TestInvoker.java:173)
at org.testng.internal.MethodRunner.runInSequence(MethodRunner.java:46)
at org.testng.internal.TestInvoker$MethodInvocationAgent.invoke(TestInvoker.java:824)
at org.testng.internal.TestInvoker.invokeTestMethods(TestInvoker.java:146)
at org.testng.internal.TestMethodWorker.invokeTestMethods(TestMethodWorker.java:146)
at org.testng.internal.TestMethodWorker.run(TestMethodWorker.java:128)
at java.base/java.util.ArrayList.forEach(ArrayList.java:1511)
at org.testng.TestRunner.privateRun(TestRunner.java:794)
at org.testng.TestRunner.run(TestRunner.java:596)
at org.testng.SuiteRunner.runTest(SuiteRunner.java:377)
at org.testng.SuiteRunner.runSequentially(SuiteRunner.java:371)
at org.testng.SuiteRunner.privateRun(SuiteRunner.java:332)
at org.testng.SuiteRunner.run(SuiteRunner.java:276)
at org.testng.SuiteRunnerWorker.runSuite(SuiteRunnerWorker.java:53)
at org.testng.SuiteRunnerWorker.run(SuiteRunnerWorker.java:96)
at org.testng.TestNG.runSuitesSequentially(TestNG.java:1212)
at org.testng.TestNG.runSuitesLocally(TestNG.java:1134)
at org.testng.TestNG.runSuites(TestNG.java:1063)
at org.testng.TestNG.run(TestNG.java:1031)
at org.testng.remote.AbstractRemoteTestNG.run(AbstractRemoteTestNG.java:115)
at org.testng.remote.RemoteTestNG.initAndRun(RemoteTestNG.java:251)
at org.testng.remote.RemoteTestNG.main(RemoteTestNG.java:77)
]]>
            </full-stacktrace>
          </exception> <!-- by.jwd.task01basic.service.ServiceException -->
          <reporter-output>
          </reporter-output>
        </test-method> <!-- testNegBrickAndRectangle -->
        <test-method signature="testNegBrickAndRectangle([D,boolean)[pri:0, instance:test.jwd.task01basic.service.DoesBrickFitRectangleTest@56bca85b]" started-at="2021-12-05T20:58:15 MSK" name="testNegBrickAndRectangle" description="Negative_scenario" data-provider="BrickAndRectangleNegative" finished-at="2021-12-05T20:58:15 MSK" duration-ms="1" status="PASS">
          <params>
            <param index="0">
              <value>
                <![CDATA[[D@55f3c410]]>
              </value>
            </param>
            <param index="1">
              <value>
                <![CDATA[false]]>
              </value>
            </param>
          </params>
          <exception class="by.jwd.task01basic.service.ServiceException">
            <full-stacktrace>
              <![CDATA[by.jwd.task01basic.service.ServiceException
at by.jwd.task01basic.service.impl.DoesBrickFitRectangleServiceImpl.doLogic(DoesBrickFitRectangleServiceImpl.java:56)
at test.jwd.task01basic.service.DoesBrickFitRectangleTest.testNegBrickAndRectangle(DoesBrickFitRectangleTest.java:68)
at java.base/jdk.internal.reflect.NativeMethodAccessorImpl.invoke0(Native Method)
at java.base/jdk.internal.reflect.NativeMethodAccessorImpl.invoke(NativeMethodAccessorImpl.java:64)
at java.base/jdk.internal.reflect.DelegatingMethodAccessorImpl.invoke(DelegatingMethodAccessorImpl.java:43)
at java.base/java.lang.reflect.Method.invoke(Method.java:564)
at org.testng.internal.MethodInvocationHelper.invokeMethod(MethodInvocationHelper.java:133)
at org.testng.internal.TestInvoker.invokeMethod(TestInvoker.java:598)
at org.testng.internal.TestInvoker.invokeTestMethod(TestInvoker.java:173)
at org.testng.internal.MethodRunner.runInSequence(MethodRunner.java:46)
at org.testng.internal.TestInvoker$MethodInvocationAgent.invoke(TestInvoker.java:824)
at org.testng.internal.TestInvoker.invokeTestMethods(TestInvoker.java:146)
at org.testng.internal.TestMethodWorker.invokeTestMethods(TestMethodWorker.java:146)
at org.testng.internal.TestMethodWorker.run(TestMethodWorker.java:128)
at java.base/java.util.ArrayList.forEach(ArrayList.java:1511)
at org.testng.TestRunner.privateRun(TestRunner.java:794)
at org.testng.TestRunner.run(TestRunner.java:596)
at org.testng.SuiteRunner.runTest(SuiteRunner.java:377)
at org.testng.SuiteRunner.runSequentially(SuiteRunner.java:371)
at org.testng.SuiteRunner.privateRun(SuiteRunner.java:332)
at org.testng.SuiteRunner.run(SuiteRunner.java:276)
at org.testng.SuiteRunnerWorker.runSuite(SuiteRunnerWorker.java:53)
at org.testng.SuiteRunnerWorker.run(SuiteRunnerWorker.java:96)
at org.testng.TestNG.runSuitesSequentially(TestNG.java:1212)
at org.testng.TestNG.runSuitesLocally(TestNG.java:1134)
at org.testng.TestNG.runSuites(TestNG.java:1063)
at org.testng.TestNG.run(TestNG.java:1031)
at org.testng.remote.AbstractRemoteTestNG.run(AbstractRemoteTestNG.java:115)
at org.testng.remote.RemoteTestNG.initAndRun(RemoteTestNG.java:251)
at org.testng.remote.RemoteTestNG.main(RemoteTestNG.java:77)
]]>
            </full-stacktrace>
          </exception> <!-- by.jwd.task01basic.service.ServiceException -->
          <reporter-output>
          </reporter-output>
        </test-method> <!-- testNegBrickAndRectangle -->
        <test-method signature="testNegBrickAndRectangle([D,boolean)[pri:0, instance:test.jwd.task01basic.service.DoesBrickFitRectangleTest@56bca85b]" started-at="2021-12-05T20:58:15 MSK" name="testNegBrickAndRectangle" description="Negative_scenario" data-provider="BrickAndRectangleNegative" finished-at="2021-12-05T20:58:15 MSK" duration-ms="1" status="PASS">
          <params>
            <param index="0">
              <value>
                <![CDATA[[D@549621f3]]>
              </value>
            </param>
            <param index="1">
              <value>
                <![CDATA[false]]>
              </value>
            </param>
          </params>
          <exception class="by.jwd.task01basic.service.ServiceException">
            <full-stacktrace>
              <![CDATA[by.jwd.task01basic.service.ServiceException
at by.jwd.task01basic.service.impl.DoesBrickFitRectangleServiceImpl.doLogic(DoesBrickFitRectangleServiceImpl.java:56)
at test.jwd.task01basic.service.DoesBrickFitRectangleTest.testNegBrickAndRectangle(DoesBrickFitRectangleTest.java:68)
at java.base/jdk.internal.reflect.NativeMethodAccessorImpl.invoke0(Native Method)
at java.base/jdk.internal.reflect.NativeMethodAccessorImpl.invoke(NativeMethodAccessorImpl.java:64)
at java.base/jdk.internal.reflect.DelegatingMethodAccessorImpl.invoke(DelegatingMethodAccessorImpl.java:43)
at java.base/java.lang.reflect.Method.invoke(Method.java:564)
at org.testng.internal.MethodInvocationHelper.invokeMethod(MethodInvocationHelper.java:133)
at org.testng.internal.TestInvoker.invokeMethod(TestInvoker.java:598)
at org.testng.internal.TestInvoker.invokeTestMethod(TestInvoker.java:173)
at org.testng.internal.MethodRunner.runInSequence(MethodRunner.java:46)
at org.testng.internal.TestInvoker$MethodInvocationAgent.invoke(TestInvoker.java:824)
at org.testng.internal.TestInvoker.invokeTestMethods(TestInvoker.java:146)
at org.testng.internal.TestMethodWorker.invokeTestMethods(TestMethodWorker.java:146)
at org.testng.internal.TestMethodWorker.run(TestMethodWorker.java:128)
at java.base/java.util.ArrayList.forEach(ArrayList.java:1511)
at org.testng.TestRunner.privateRun(TestRunner.java:794)
at org.testng.TestRunner.run(TestRunner.java:596)
at org.testng.SuiteRunner.runTest(SuiteRunner.java:377)
at org.testng.SuiteRunner.runSequentially(SuiteRunner.java:371)
at org.testng.SuiteRunner.privateRun(SuiteRunner.java:332)
at org.testng.SuiteRunner.run(SuiteRunner.java:276)
at org.testng.SuiteRunnerWorker.runSuite(SuiteRunnerWorker.java:53)
at org.testng.SuiteRunnerWorker.run(SuiteRunnerWorker.java:96)
at org.testng.TestNG.runSuitesSequentially(TestNG.java:1212)
at org.testng.TestNG.runSuitesLocally(TestNG.java:1134)
at org.testng.TestNG.runSuites(TestNG.java:1063)
at org.testng.TestNG.run(TestNG.java:1031)
at org.testng.remote.AbstractRemoteTestNG.run(AbstractRemoteTestNG.java:115)
at org.testng.remote.RemoteTestNG.initAndRun(RemoteTestNG.java:251)
at org.testng.remote.RemoteTestNG.main(RemoteTestNG.java:77)
]]>
            </full-stacktrace>
          </exception> <!-- by.jwd.task01basic.service.ServiceException -->
          <reporter-output>
          </reporter-output>
        </test-method> <!-- testNegBrickAndRectangle -->
        <test-method signature="testPosBrickAndRectangle([D,boolean)[pri:0, instance:test.jwd.task01basic.service.DoesBrickFitRectangleTest@56bca85b]" started-at="2021-12-05T20:58:15 MSK" name="testPosBrickAndRectangle" description="Positive_scenario" data-provider="BrickAndRectanglePositive" finished-at="2021-12-05T20:58:15 MSK" duration-ms="1" status="PASS">
          <params>
            <param index="0">
              <value>
                <![CDATA[[D@37ebc9d8]]>
              </value>
            </param>
            <param index="1">
              <value>
                <![CDATA[false]]>
              </value>
            </param>
          </params>
          <reporter-output>
          </reporter-output>
        </test-method> <!-- testPosBrickAndRectangle -->
        <test-method signature="testPosBrickAndRectangle([D,boolean)[pri:0, instance:test.jwd.task01basic.service.DoesBrickFitRectangleTest@56bca85b]" started-at="2021-12-05T20:58:15 MSK" name="testPosBrickAndRectangle" description="Positive_scenario" data-provider="BrickAndRectanglePositive" finished-at="2021-12-05T20:58:15 MSK" duration-ms="0" status="PASS">
          <params>
            <param index="0">
              <value>
                <![CDATA[[D@669513d8]]>
              </value>
            </param>
            <param index="1">
              <value>
                <![CDATA[true]]>
              </value>
            </param>
          </params>
          <reporter-output>
          </reporter-output>
        </test-method> <!-- testPosBrickAndRectangle -->
        <test-method signature="testPosBrickAndRectangle([D,boolean)[pri:0, instance:test.jwd.task01basic.service.DoesBrickFitRectangleTest@56bca85b]" started-at="2021-12-05T20:58:15 MSK" name="testPosBrickAndRectangle" description="Positive_scenario" data-provider="BrickAndRectanglePositive" finished-at="2021-12-05T20:58:15 MSK" duration-ms="1" status="PASS">
          <params>
            <param index="0">
              <value>
                <![CDATA[[D@2fab4aff]]>
              </value>
            </param>
            <param index="1">
              <value>
                <![CDATA[false]]>
              </value>
            </param>
          </params>
          <reporter-output>
          </reporter-output>
        </test-method> <!-- testPosBrickAndRectangle -->
        <test-method signature="testPosBrickAndRectangle([D,boolean)[pri:0, instance:test.jwd.task01basic.service.DoesBrickFitRectangleTest@56bca85b]" started-at="2021-12-05T20:58:15 MSK" name="testPosBrickAndRectangle" description="Positive_scenario" data-provider="BrickAndRectanglePositive" finished-at="2021-12-05T20:58:15 MSK" duration-ms="1" status="PASS">
          <params>
            <param index="0">
              <value>
                <![CDATA[[D@3c9168dc]]>
              </value>
            </param>
            <param index="1">
              <value>
                <![CDATA[false]]>
              </value>
            </param>
          </params>
          <reporter-output>
          </reporter-output>
        </test-method> <!-- testPosBrickAndRectangle -->
        <test-method signature="testPosBrickAndRectangle([D,boolean)[pri:0, instance:test.jwd.task01basic.service.DoesBrickFitRectangleTest@56bca85b]" started-at="2021-12-05T20:58:15 MSK" name="testPosBrickAndRectangle" description="Positive_scenario" data-provider="BrickAndRectanglePositive" finished-at="2021-12-05T20:58:15 MSK" duration-ms="1" status="PASS">
          <params>
            <param index="0">
              <value>
                <![CDATA[[D@2cab9998]]>
              </value>
            </param>
            <param index="1">
              <value>
                <![CDATA[true]]>
              </value>
            </param>
          </params>
          <reporter-output>
          </reporter-output>
        </test-method> <!-- testPosBrickAndRectangle -->
      </class> <!-- test.jwd.task01basic.service.DoesBrickFitRectangleTest -->
      <class name="test.jwd.task01basic.service.AverageOfTwoNumberTest">
        <test-method signature="testCalculationAverage([D,double)[pri:0, instance:test.jwd.task01basic.service.AverageOfTwoNumberTest@d29f28]" started-at="2021-12-05T20:58:15 MSK" name="testCalculationAverage" data-provider="DataForAverage" finished-at="2021-12-05T20:58:15 MSK" duration-ms="9" status="PASS">
          <params>
            <param index="0">
              <value>
                <![CDATA[[D@6e9319f]]>
              </value>
            </param>
            <param index="1">
              <value>
                <![CDATA[0.0]]>
              </value>
            </param>
          </params>
          <reporter-output>
          </reporter-output>
        </test-method> <!-- testCalculationAverage -->
        <test-method signature="testCalculationAverage([D,double)[pri:0, instance:test.jwd.task01basic.service.AverageOfTwoNumberTest@d29f28]" started-at="2021-12-05T20:58:15 MSK" name="testCalculationAverage" data-provider="DataForAverage" finished-at="2021-12-05T20:58:15 MSK" duration-ms="2" status="PASS">
          <params>
            <param index="0">
              <value>
                <![CDATA[[D@6bab2585]]>
              </value>
            </param>
            <param index="1">
              <value>
                <![CDATA[1.0]]>
              </value>
            </param>
          </params>
          <reporter-output>
          </reporter-output>
        </test-method> <!-- testCalculationAverage -->
        <test-method signature="testCalculationAverage([D,double)[pri:0, instance:test.jwd.task01basic.service.AverageOfTwoNumberTest@d29f28]" started-at="2021-12-05T20:58:15 MSK" name="testCalculationAverage" data-provider="DataForAverage" finished-at="2021-12-05T20:58:15 MSK" duration-ms="1" status="PASS">
          <params>
            <param index="0">
              <value>
                <![CDATA[[D@361c294e]]>
              </value>
            </param>
            <param index="1">
              <value>
                <![CDATA[3.0]]>
              </value>
            </param>
          </params>
          <reporter-output>
          </reporter-output>
        </test-method> <!-- testCalculationAverage -->
        <test-method signature="testCalculationAverage([D,double)[pri:0, instance:test.jwd.task01basic.service.AverageOfTwoNumberTest@d29f28]" started-at="2021-12-05T20:58:15 MSK" name="testCalculationAverage" data-provider="DataForAverage" finished-at="2021-12-05T20:58:15 MSK" duration-ms="1" status="PASS">
          <params>
            <param index="0">
              <value>
                <![CDATA[[D@71c5b236]]>
              </value>
            </param>
            <param index="1">
              <value>
                <![CDATA[6.0]]>
              </value>
            </param>
          </params>
          <reporter-output>
          </reporter-output>
        </test-method> <!-- testCalculationAverage -->
        <test-method signature="testCalculationAverage([D,double)[pri:0, instance:test.jwd.task01basic.service.AverageOfTwoNumberTest@d29f28]" started-at="2021-12-05T20:58:15 MSK" name="testCalculationAverage" data-provider="DataForAverage" finished-at="2021-12-05T20:58:15 MSK" duration-ms="1" status="PASS">
          <params>
            <param index="0">
              <value>
                <![CDATA[[D@7bb3a9fe]]>
              </value>
            </param>
            <param index="1">
              <value>
                <![CDATA[0.0]]>
              </value>
            </param>
          </params>
          <reporter-output>
          </reporter-output>
        </test-method> <!-- testCalculationAverage -->
[...]
          <params>
            <param index="0">
              <value>
                <![CDATA[100]]>
              </value>
            </param>
            <param index="1">
              <value>
                <![CDATA[86.603]]>
              </value>
            </param>
          </params>
          <reporter-output>
          </reporter-output>
        </test-method> <!-- testHeightCalculation -->
        <test-method signature="testHeightCalculation(double,double)[pri:0, instance:test.jwd.task01basic.service.TriangleHeightTest@45c8d09f]" started-at="2021-12-05T20:58:15 MSK" name="testHeightCalculation" data-provider="DataForHeight" finished-at="2021-12-05T20:58:15 MSK" duration-ms="1" status="PASS">
          <params>
            <param index="0">
              <value>
                <![CDATA[2147483647]]>
              </value>
            </param>
            <param index="1">
              <value>
                <![CDATA[1.8597753925136538E9]]>
              </value>
            </param>
          </params>
          <reporter-output>
          </reporter-output>
        </test-method> <!-- testHeightCalculation -->
      </class> <!-- test.jwd.task01basic.service.TriangleHeightTest -->
      <class name="test.jwd.task01basic.service.AccessByPasswordTest">
        <test-method signature="testAccessByPassword(java.lang.String,java.lang.String)[pri:0, instance:test.jwd.task01basic.service.AccessByPasswordTest@7b324585]" started-at="2021-12-05T20:58:15 MSK" name="testAccessByPassword" data-provider="AccessByPassword" finished-at="2021-12-05T20:58:15 MSK" duration-ms="1" status="PASS">
          <params>
            <param index="0">
              <value>
                <![CDATA[9583]]>
              </value>
            </param>
            <param index="1">
              <value>
                <![CDATA[Your acess level: bases A,B,C]]>
              </value>
            </param>
          </params>
          <reporter-output>
          </reporter-output>
        </test-method> <!-- testAccessByPassword -->
        <test-method signature="testAccessByPassword(java.lang.String,java.lang.String)[pri:0, instance:test.jwd.task01basic.service.AccessByPasswordTest@7b324585]" started-at="2021-12-05T20:58:15 MSK" name="testAccessByPassword" data-provider="AccessByPassword" finished-at="2021-12-05T20:58:15 MSK" duration-ms="0" status="PASS">
          <params>
            <param index="0">
              <value>
                <![CDATA[1748]]>
              </value>
            </param>
            <param index="1">
              <value>
                <![CDATA[Your acess level: bases A,B,C]]>
              </value>
            </param>
          </params>
          <reporter-output>
          </reporter-output>
        </test-method> <!-- testAccessByPassword -->
        <test-method signature="testAccessByPassword(java.lang.String,java.lang.String)[pri:0, instance:test.jwd.task01basic.service.AccessByPasswordTest@7b324585]" started-at="2021-12-05T20:58:15 MSK" name="testAccessByPassword" data-provider="AccessByPassword" finished-at="2021-12-05T20:58:15 MSK" duration-ms="0" status="PASS">
          <params>
            <param index="0">
              <value>
                <![CDATA[3331]]>
              </value>
            </param>
            <param index="1">
              <value>
                <![CDATA[Your acess level: bases B,C]]>
              </value>
            </param>
          </params>
          <reporter-output>
          </reporter-output>
        </test-method> <!-- testAccessByPassword -->
        <test-method signature="testAccessByPassword(java.lang.String,java.lang.String)[pri:0, instance:test.jwd.task01basic.service.AccessByPasswordTest@7b324585]" started-at="2021-12-05T20:58:15 MSK" name="testAccessByPassword" data-provider="AccessByPassword" finished-at="2021-12-05T20:58:15 MSK" duration-ms="1" status="PASS">
          <params>
            <param index="0">
              <value>
                <![CDATA[7922]]>
              </value>
            </param>
            <param index="1">
              <value>
                <![CDATA[Your acess level: bases B,C]]>
              </value>
            </param>
          </params>
          <reporter-output>
          </reporter-output>
        </test-method> <!-- testAccessByPassword -->
        <test-method signature="testAccessByPassword(java.lang.String,java.lang.String)[pri:0, instance:test.jwd.task01basic.service.AccessByPasswordTest@7b324585]" started-at="2021-12-05T20:58:15 MSK" name="testAccessByPassword" data-provider="AccessByPassword" finished-at="2021-12-05T20:58:15 MSK" duration-ms="1" status="PASS">
          <params>
            <param index="0">
              <value>
                <![CDATA[9455]]>
              </value>
            </param>
            <param index="1">
              <value>
                <![CDATA[Your acess level: base C]]>
              </value>
            </param>
          </params>
          <reporter-output>
          </reporter-output>
        </test-method> <!-- testAccessByPassword -->
        <test-method signature="testAccessByPassword(java.lang.String,java.lang.String)[pri:0, instance:test.jwd.task01basic.service.AccessByPasswordTest@7b324585]" started-at="2021-12-05T20:58:15 MSK" name="testAccessByPassword" data-provider="AccessByPassword" finished-at="2021-12-05T20:58:15 MSK" duration-ms="0" status="PASS">
          <params>
            <param index="0">
              <value>
                <![CDATA[8997]]>
              </value>
            </param>
            <param index="1">
              <value>
                <![CDATA[Your acess level: base C]]>
              </value>
            </param>
          </params>
          <reporter-output>
          </reporter-output>
        </test-method> <!-- testAccessByPassword -->
        <test-method signature="testAccessByPassword(java.lang.String,java.lang.String)[pri:0, instance:test.jwd.task01basic.service.AccessByPasswordTest@7b324585]" started-at="2021-12-05T20:58:15 MSK" name="testAccessByPassword" data-provider="AccessByPassword" finished-at="2021-12-05T20:58:15 MSK" duration-ms="0" status="PASS">
          <params>
            <param index="0">
              <value>
                <![CDATA[45845455]]>
              </value>
            </param>
            <param index="1">
              <value>
                <![CDATA[Invalid password]]>
              </value>
            </param>
          </params>
          <reporter-output>
          </reporter-output>
        </test-method> <!-- testAccessByPassword -->
      </class> <!-- test.jwd.task01basic.service.AccessByPasswordTest -->
      <class name="test.jwd.task01basic.service.ConvertToCharTest">
        <test-method signature="testConvertToChar([C,int)[pri:0, instance:test.jwd.task01basic.service.ConvertToCharTest@4a7f959b]" started-at="2021-12-05T20:58:15 MSK" name="testConvertToChar" data-provider="DataForConvertToChar" finished-at="2021-12-05T20:58:15 MSK" duration-ms="1" status="PASS">
          <params>
            <param index="0">
              <value>
                <![CDATA[[C@5db4c359]]>
              </value>
            </param>
            <param index="1">
              <value>
                <![CDATA[91]]>
              </value>
            </param>
          </params>
          <reporter-output>
          </reporter-output>
        </test-method> <!-- testConvertToChar -->
        <test-method signature="testConvertToChar([C,int)[pri:0, instance:test.jwd.task01basic.service.ConvertToCharTest@4a7f959b]" started-at="2021-12-05T20:58:15 MSK" name="testConvertToChar" data-provider="DataForConvertToChar" finished-at="2021-12-05T20:58:15 MSK" duration-ms="1" status="PASS">
          <params>
            <param index="0">
              <value>
                <![CDATA[[C@8a589a2]]>
              </value>
            </param>
            <param index="1">
              <value>
                <![CDATA[32]]>
              </value>
            </param>
          </params>
          <reporter-output>
          </reporter-output>
        </test-method> <!-- testConvertToChar -->
        <test-method signature="testConvertToChar([C,int)[pri:0, instance:test.jwd.task01basic.service.ConvertToCharTest@4a7f959b]" started-at="2021-12-05T20:58:15 MSK" name="testConvertToChar" data-provider="DataForConvertToChar" finished-at="2021-12-05T20:58:15 MSK" duration-ms="1" status="PASS">
          <params>
            <param index="0">
              <value>
                <![CDATA[[C@b672aa8]]>
              </value>
            </param>
            <param index="1">
              <value>
                <![CDATA[99]]>
              </value>
            </param>
          </params>
          <reporter-output>
          </reporter-output>
        </test-method> <!-- testConvertToChar -->
        <test-method signature="testConvertToChar([C,int)[pri:0, instance:test.jwd.task01basic.service.ConvertToCharTest@4a7f959b]" started-at="2021-12-05T20:58:15 MSK" name="testConvertToChar" data-provider="DataForConvertToChar" finished-at="2021-12-05T20:58:15 MSK" duration-ms="1" status="PASS">
          <params>
            <param index="0">
              <value>
                <![CDATA[[C@72e34f77]]>
              </value>
            </param>
            <param index="1">
              <value>
                <![CDATA[78]]>
              </value>
            </param>
          </params>
          <reporter-output>
          </reporter-output>
        </test-method> <!-- testConvertToChar -->
        <test-method signature="testConvertToChar([C,int)[pri:0, instance:test.jwd.task01basic.service.ConvertToCharTest@4a7f959b]" started-at="2021-12-05T20:58:15 MSK" name="testConvertToChar" data-provider="DataForConvertToChar" finished-at="2021-12-05T20:58:15 MSK" duration-ms="1" status="PASS">
          <params>
            <param index="0">
              <value>
                <![CDATA[[C@4a3e3e8b]]>
              </value>
            </param>
            <param index="1">
              <value>
                <![CDATA[125]]>
              </value>
            </param>
          </params>
          <reporter-output>
          </reporter-output>
        </test-method> <!-- testConvertToChar -->
        <test-method signature="testConvertToChar([C,int)[pri:0, instance:test.jwd.task01basic.service.ConvertToCharTest@4a7f959b]" started-at="2021-12-05T20:58:15 MSK" name="testConvertToChar" data-provider="DataForConvertToChar" finished-at="2021-12-05T20:58:15 MSK" duration-ms="1" status="PASS">
          <params>
            <param index="0">
              <value>
                <![CDATA[[C@6fefce9e]]>
              </value>
            </param>
            <param index="1">
              <value>
                <![CDATA[126]]>
              </value>
            </param>
          </params>
          <reporter-output>
          </reporter-output>
        </test-method> <!-- testConvertToChar -->
      </class> <!-- test.jwd.task01basic.service.ConvertToCharTest -->
      <class name="test.jwd.task01basic.service.TriangleRadiusInTest">
        <test-method signature="testRadiusInCalculation(double,double)[pri:0, instance:test.jwd.task01basic.service.TriangleRadiusInTest@14b030a0]" started-at="2021-12-05T20:58:15 MSK" name="testRadiusInCalculation" data-provider="DataForRadiusIn" finished-at="2021-12-05T20:58:15 MSK" duration-ms="1" status="PASS">
          <params>
            <param index="0">
              <value>
                <![CDATA[5.0]]>
              </value>
            </param>
            <param index="1">
              <value>
                <![CDATA[1.443376]]>
              </value>
            </param>
          </params>
          <reporter-output>
          </reporter-output>
        </test-method> <!-- testRadiusInCalculation -->
        <test-method signature="testRadiusInCalculation(double,double)[pri:0, instance:test.jwd.task01basic.service.TriangleRadiusInTest@14b030a0]" started-at="2021-12-05T20:58:15 MSK" name="testRadiusInCalculation" data-provider="DataForRadiusIn" finished-at="2021-12-05T20:58:15 MSK" duration-ms="0" status="PASS">
          <params>
            <param index="0">
              <value>
                <![CDATA[1.0]]>
              </value>
            </param>
            <param index="1">
              <value>
                <![CDATA[0.288675]]>
              </value>
            </param>
          </params>
          <reporter-output>
          </reporter-output>
        </test-method> <!-- testRadiusInCalculation -->
        <test-method signature="testRadiusInCalculation(double,double)[pri:0, instance:test.jwd.task01basic.service.TriangleRadiusInTest@14b030a0]" started-at="2021-12-05T20:58:15 MSK" name="testRadiusInCalculation" data-provider="DataForRadiusIn" finished-at="2021-12-05T20:58:15 MSK" duration-ms="0" status="PASS">
          <params>
            <param index="0">
              <value>
                <![CDATA[2.0]]>
              </value>
            </param>
            <param index="1">
              <value>
                <![CDATA[0.57735]]>
              </value>
            </param>
          </params>
          <reporter-output>
          </reporter-output>
        </test-method> <!-- testRadiusInCalculation -->
        <test-method signature="testRadiusInCalculation(double,double)[pri:0, instance:test.jwd.task01basic.service.TriangleRadiusInTest@14b030a0]" started-at="2021-12-05T20:58:15 MSK" name="testRadiusInCalculation" data-provider="DataForRadiusIn" finished-at="2021-12-05T20:58:15 MSK" duration-ms="0" status="PASS">
          <params>
            <param index="0">
              <value>
                <![CDATA[100]]>
              </value>
            </param>
            <param index="1">
              <value>
                <![CDATA[28.867513]]>
              </value>
            </param>
          </params>
          <reporter-output>
          </reporter-output>
        </test-method> <!-- testRadiusInCalculation -->
        <test-method signature="testRadiusInCalculation(double,double)[pri:0, instance:test.jwd.task01basic.service.TriangleRadiusInTest@14b030a0]" started-at="2021-12-05T20:58:15 MSK" name="testRadiusInCalculation" data-provider="DataForRadiusIn" finished-at="2021-12-05T20:58:15 MSK" duration-ms="0" status="PASS">
          <params>
            <param index="0">
              <value>
                <![CDATA[2147483647]]>
              </value>
            </param>
            <param index="1">
              <value>
                <![CDATA[6.19925130837885E8]]>
              </value>
            </param>
          </params>
          <reporter-output>
          </reporter-output>
        </test-method> <!-- testRadiusInCalculation -->
      </class> <!-- test.jwd.task01basic.service.TriangleRadiusInTest -->
      <class name="test.jwd.task01basic.service.ConvertToIntTest">
        <test-method signature="testConvertToInt(char,int)[pri:0, instance:test.jwd.task01basic.service.ConvertToIntTest@10d307f1]" started-at="2021-12-05T20:58:15 MSK" name="testConvertToInt" data-provider="DataForConvertToInt" finished-at="2021-12-05T20:58:15 MSK" duration-ms="1" status="PASS">
          <params>
            <param index="0">
              <value>
                <![CDATA[[]]>
              </value>
            </param>
            <param index="1">
              <value>
                <![CDATA[91]]>
              </value>
            </param>
          </params>
          <reporter-output>
          </reporter-output>
        </test-method> <!-- testConvertToInt -->
        <test-method signature="testConvertToInt(char,int)[pri:0, instance:test.jwd.task01basic.service.ConvertToIntTest@10d307f1]" started-at="2021-12-05T20:58:15 MSK" name="testConvertToInt" data-provider="DataForConvertToInt" finished-at="2021-12-05T20:58:15 MSK" duration-ms="1" status="PASS">
          <params>
            <param index="0">
              <value>
                <![CDATA[!]]>
              </value>
            </param>
            <param index="1">
              <value>
                <![CDATA[33]]>
              </value>
            </param>
          </params>
          <reporter-output>
          </reporter-output>
        </test-method> <!-- testConvertToInt -->
        <test-method signature="testConvertToInt(char,int)[pri:0, instance:test.jwd.task01basic.service.ConvertToIntTest@10d307f1]" started-at="2021-12-05T20:58:15 MSK" name="testConvertToInt" data-provider="DataForConvertToInt" finished-at="2021-12-05T20:58:15 MSK" duration-ms="1" status="PASS">
          <params>
            <param index="0">
              <value>
                <![CDATA[M]]>
              </value>
            </param>
            <param index="1">
              <value>
                <![CDATA[77]]>
              </value>
            </param>
          </params>
          <reporter-output>
          </reporter-output>
        </test-method> <!-- testConvertToInt -->
        <test-method signature="testConvertToInt(char,int)[pri:0, instance:test.jwd.task01basic.service.ConvertToIntTest@10d307f1]" started-at="2021-12-05T20:58:15 MSK" name="testConvertToInt" data-provider="DataForConvertToInt" finished-at="2021-12-05T20:58:15 MSK" duration-ms="1" status="PASS">
          <params>
            <param index="0">
              <value>
                <![CDATA[=]]>
              </value>
            </param>
            <param index="1">
              <value>
                <![CDATA[61]]>
              </value>
            </param>
          </params>
          <reporter-output>
          </reporter-output>
        </test-method> <!-- testConvertToInt -->
        <test-method signature="testConvertToInt(char,int)[pri:0, instance:test.jwd.task01basic.service.ConvertToIntTest@10d307f1]" started-at="2021-12-05T20:58:15 MSK" name="testConvertToInt" data-provider="DataForConvertToInt" finished-at="2021-12-05T20:58:15 MSK" duration-ms="1" status="PASS">
          <params>
            <param index="0">
              <value>
                <![CDATA[k]]>
              </value>
            </param>
            <param index="1">
              <value>
                <![CDATA[107]]>
              </value>
            </param>
          </params>
          <reporter-output>
          </reporter-output>
        </test-method> <!-- testConvertToInt -->
        <test-method signature="testConvertToInt(char,int)[pri:0, instance:test.jwd.task01basic.service.ConvertToIntTest@10d307f1]" started-at="2021-12-05T20:58:15 MSK" name="testConvertToInt" data-provider="DataForConvertToInt" finished-at="2021-12-05T20:58:15 MSK" duration-ms="1" status="PASS">
          <params>
            <param index="0">
              <value>
                <![CDATA[ ]]>
              </value>
            </param>
            <param index="1">
              <value>
                <![CDATA[32]]>
              </value>
            </param>
          </params>
          <reporter-output>
          </reporter-output>
        </test-method> <!-- testConvertToInt -->
        <test-method signature="testConvertToInt(char,int)[pri:0, instance:test.jwd.task01basic.service.ConvertToIntTest@10d307f1]" started-at="2021-12-05T20:58:15 MSK" name="testConvertToInt" data-provider="DataForConvertToInt" finished-at="2021-12-05T20:58:15 MSK" duration-ms="0" status="PASS">
          <params>
            <param index="0">
              <value>
                <![CDATA[~]]>
              </value>
            </param>
            <param index="1">
              <value>
                <![CDATA[126]]>
              </value>
            </param>
          </params>
          <reporter-output>
          </reporter-output>
        </test-method> <!-- testConvertToInt -->
      </class> <!-- test.jwd.task01basic.service.ConvertToIntTest -->
    </test> <!-- CheckGroup -->
  </suite> <!-- Suite1 -->
</testng-results>
