<?xml version="1.0" encoding="UTF-8"?>
<testng-results ignored="0" total="79" passed="79" failed="0" skipped="0">
  <reporter-output>
  </reporter-output>
  <suite started-at="2021-12-02T16:01:50 MSK" name="Suite1" finished-at="2021-12-02T16:01:50 MSK" duration-ms="170">
    <groups>
      <group name="service">
        <method signature="AbsValueOfExpressionTest.testAbsValueOfExpression([D,double)[pri:0, instance:test.jwd.task01basic.service.AbsValueOfExpressionTest@73700b80]" name="testAbsValueOfExpression" class="test.jwd.task01basic.service.AbsValueOfExpressionTest"/>
        <method signature="AverageOfTwoNumberTest.testCalculationAverage([D,double)[pri:0, instance:test.jwd.task01basic.service.AverageOfTwoNumberTest@4e096385]" name="testCalculationAverage" class="test.jwd.task01basic.service.AverageOfTwoNumberTest"/>
        <method signature="ConvertToCharTest.testConvertToChar([C,int)[pri:0, instance:test.jwd.task01basic.service.ConvertToCharTest@2df9b86]" name="testConvertToChar" class="test.jwd.task01basic.service.ConvertToCharTest"/>
        <method signature="ConvertToIntTest.testConvertToInt(char,int)[pri:0, instance:test.jwd.task01basic.service.ConvertToIntTest@446293d]" name="testConvertToInt" class="test.jwd.task01basic.service.ConvertToIntTest"/>
        <method signature="DoesBrickFitRectangleTest.testBrickAndRectangle([D,boolean)[pri:0, instance:test.jwd.task01basic.service.DoesBrickFitRectangleTest@3d5c822d]" name="testBrickAndRectangle" class="test.jwd.task01basic.service.DoesBrickFitRectangleTest"/>
        <method signature="PhysicsTest.testDistance([I,int)[pri:0, instance:test.jwd.task01basic.service.PhysicsTest@3059cbc]" name="testDistance" class="test.jwd.task01basic.service.PhysicsTest"/>
        <method signature="QuantityOfPositiveNumberTest.testDataForQuantityOfPositiveNumber([I,int)[pri:0, instance:test.jwd.task01basic.service.QuantityOfPositiveNumberTest@429bffaa]" name="testDataForQuantityOfPositiveNumber" class="test.jwd.task01basic.service.QuantityOfPositiveNumberTest"/>
        <method signature="RectangleAreaTest.testAreaCalculation([D,double)[pri:0, instance:test.jwd.task01basic.service.RectangleAreaTest@4de4b452]" name="testAreaCalculation" class="test.jwd.task01basic.service.RectangleAreaTest"/>
        <method signature="SumOfOddNumberTest.testSumOfOddNumber()[pri:0, instance:test.jwd.task01basic.service.SumOfOddNumberTest@3e84448c]" name="testSumOfOddNumber" class="test.jwd.task01basic.service.SumOfOddNumberTest"/>
        <method signature="TriangleAreaTest.testAreaCalculation(double,double)[pri:0, instance:test.jwd.task01basic.service.TriangleAreaTest@3fb1549b]" name="testAreaCalculation" class="test.jwd.task01basic.service.TriangleAreaTest"/>
        <method signature="TriangleHeightTest.testHeightCalculation(double,double)[pri:0, instance:test.jwd.task01basic.service.TriangleHeightTest@4d02f94e]" name="testHeightCalculation" class="test.jwd.task01basic.service.TriangleHeightTest"/>
        <method signature="TriangleRadiusInTest.testRadiusInCalculation(double,double)[pri:0, instance:test.jwd.task01basic.service.TriangleRadiusInTest@7a419da4]" name="testRadiusInCalculation" class="test.jwd.task01basic.service.TriangleRadiusInTest"/>
        <method signature="TriangleRadiusOutTest.testRadiusOutCalculation(double,double)[pri:0, instance:test.jwd.task01basic.service.TriangleRadiusOutTest@4bb33f74]" name="testRadiusOutCalculation" class="test.jwd.task01basic.service.TriangleRadiusOutTest"/>
      </group> <!-- service -->
    </groups>
    <test started-at="2021-12-02T16:01:50 MSK" name="CheckGroup" finished-at="2021-12-02T16:01:50 MSK" duration-ms="170">
      <class name="test.jwd.task01basic.service.AbsValueOfExpressionTest">
        <test-method signature="testAbsValueOfExpression([D,double)[pri:0, instance:test.jwd.task01basic.service.AbsValueOfExpressionTest@73700b80]" started-at="2021-12-02T16:01:50 MSK" name="testAbsValueOfExpression" data-provider="AbsValueOfExpression" finished-at="2021-12-02T16:01:50 MSK" duration-ms="1" status="PASS">
          <params>
            <param index="0">
              <value>
                <![CDATA[[D@69c81773]]>
              </value>
            </param>
            <param index="1">
              <value>
                <![CDATA[2.0]]>
              </value>
            </param>
          </params>
          <reporter-output>
          </reporter-output>
        </test-method> <!-- testAbsValueOfExpression -->
        <test-method signature="testAbsValueOfExpression([D,double)[pri:0, instance:test.jwd.task01basic.service.AbsValueOfExpressionTest@73700b80]" started-at="2021-12-02T16:01:50 MSK" name="testAbsValueOfExpression" data-provider="AbsValueOfExpression" finished-at="2021-12-02T16:01:50 MSK" duration-ms="1" status="PASS">
          <params>
            <param index="0">
              <value>
                <![CDATA[[D@69504ae9]]>
              </value>
            </param>
            <param index="1">
              <value>
                <![CDATA[36.0]]>
              </value>
            </param>
          </params>
          <reporter-output>
          </reporter-output>
        </test-method> <!-- testAbsValueOfExpression -->
        <test-method signature="testAbsValueOfExpression([D,double)[pri:0, instance:test.jwd.task01basic.service.AbsValueOfExpressionTest@73700b80]" started-at="2021-12-02T16:01:50 MSK" name="testAbsValueOfExpression" data-provider="AbsValueOfExpression" finished-at="2021-12-02T16:01:50 MSK" duration-ms="1" status="PASS">
          <params>
            <param index="0">
              <value>
                <![CDATA[[D@3932c79a]]>
              </value>
            </param>
            <param index="1">
              <value>
                <![CDATA[1.0]]>
              </value>
            </param>
          </params>
          <reporter-output>
          </reporter-output>
        </test-method> <!-- testAbsValueOfExpression -->
        <test-method signature="testAbsValueOfExpression([D,double)[pri:0, instance:test.jwd.task01basic.service.AbsValueOfExpressionTest@73700b80]" started-at="2021-12-02T16:01:50 MSK" name="testAbsValueOfExpression" data-provider="AbsValueOfExpression" finished-at="2021-12-02T16:01:50 MSK" duration-ms="1" status="PASS">
          <params>
            <param index="0">
              <value>
                <![CDATA[[D@6f15d60e]]>
              </value>
            </param>
            <param index="1">
              <value>
                <![CDATA[23.0]]>
              </value>
            </param>
          </params>
          <reporter-output>
          </reporter-output>
        </test-method> <!-- testAbsValueOfExpression -->
        <test-method signature="testAbsValueOfExpression([D,double)[pri:0, instance:test.jwd.task01basic.service.AbsValueOfExpressionTest@73700b80]" started-at="2021-12-02T16:01:50 MSK" name="testAbsValueOfExpression" data-provider="AbsValueOfExpression" finished-at="2021-12-02T16:01:50 MSK" duration-ms="1" status="PASS">
          <params>
            <param index="0">
              <value>
                <![CDATA[[D@6b09fb41]]>
              </value>
            </param>
            <param index="1">
              <value>
                <![CDATA[18.0]]>
              </value>
            </param>
          </params>
          <reporter-output>
          </reporter-output>
        </test-method> <!-- testAbsValueOfExpression -->
        <test-method signature="testAbsValueOfExpression([D,double)[pri:0, instance:test.jwd.task01basic.service.AbsValueOfExpressionTest@73700b80]" started-at="2021-12-02T16:01:50 MSK" name="testAbsValueOfExpression" data-provider="AbsValueOfExpression" finished-at="2021-12-02T16:01:50 MSK" duration-ms="0" status="PASS">
          <params>
            <param index="0">
              <value>
                <![CDATA[[D@57db2b13]]>
              </value>
            </param>
            <param index="1">
              <value>
                <![CDATA[0]]>
              </value>
            </param>
          </params>
          <reporter-output>
          </reporter-output>
        </test-method> <!-- testAbsValueOfExpression -->
        <test-method signature="testAbsValueOfExpression([D,double)[pri:0, instance:test.jwd.task01basic.service.AbsValueOfExpressionTest@73700b80]" started-at="2021-12-02T16:01:50 MSK" name="testAbsValueOfExpression" data-provider="AbsValueOfExpression" finished-at="2021-12-02T16:01:50 MSK" duration-ms="0" status="PASS">
          <params>
            <param index="0">
              <value>
                <![CDATA[[D@20b2475a]]>
              </value>
            </param>
            <param index="1">
              <value>
                <![CDATA[2]]>
              </value>
            </param>
          </params>
          <reporter-output>
          </reporter-output>
        </test-method> <!-- testAbsValueOfExpression -->
      </class> <!-- test.jwd.task01basic.service.AbsValueOfExpressionTest -->
      <class name="test.jwd.task01basic.service.RectangleAreaTest">
        <test-method signature="testAreaCalculation([D,double)[pri:0, instance:test.jwd.task01basic.service.RectangleAreaTest@4de4b452]" started-at="2021-12-02T16:01:50 MSK" name="testAreaCalculation" data-provider="DataForArea" finished-at="2021-12-02T16:01:50 MSK" duration-ms="1" status="PASS">
          <params>
            <param index="0">
              <value>
                <![CDATA[[D@47caedad]]>
              </value>
            </param>
            <param index="1">
              <value>
                <![CDATA[0.5]]>
              </value>
            </param>
          </params>
          <reporter-output>
          </reporter-output>
        </test-method> <!-- testAreaCalculation -->
        <test-method signature="testAreaCalculation([D,double)[pri:0, instance:test.jwd.task01basic.service.RectangleAreaTest@4de4b452]" started-at="2021-12-02T16:01:50 MSK" name="testAreaCalculation" data-provider="DataForArea" finished-at="2021-12-02T16:01:50 MSK" duration-ms="0" status="PASS">
          <params>
            <param index="0">
              <value>
                <![CDATA[[D@7b4c50bc]]>
              </value>
            </param>
            <param index="1">
              <value>
                <![CDATA[2.0]]>
              </value>
            </param>
          </params>
          <reporter-output>
          </reporter-output>
        </test-method> <!-- testAreaCalculation -->
        <test-method signature="testAreaCalculation([D,double)[pri:0, instance:test.jwd.task01basic.service.RectangleAreaTest@4de4b452]" started-at="2021-12-02T16:01:50 MSK" name="testAreaCalculation" data-provider="DataForArea" finished-at="2021-12-02T16:01:50 MSK" duration-ms="1" status="PASS">
          <params>
            <param index="0">
              <value>
                <![CDATA[[D@491b9b8]]>
              </value>
            </param>
            <param index="1">
              <value>
                <![CDATA[5000.0]]>
              </value>
            </param>
          </params>
          <reporter-output>
          </reporter-output>
        </test-method> <!-- testAreaCalculation -->
        <test-method signature="testAreaCalculation([D,double)[pri:0, instance:test.jwd.task01basic.service.RectangleAreaTest@4de4b452]" started-at="2021-12-02T16:01:50 MSK" name="testAreaCalculation" data-provider="DataForArea" finished-at="2021-12-02T16:01:50 MSK" duration-ms="0" status="PASS">
          <params>
            <param index="0">
              <value>
                <![CDATA[[D@1a4927d6]]>
              </value>
            </param>
            <param index="1">
              <value>
                <![CDATA[2147483647]]>
              </value>
            </param>
          </params>
          <reporter-output>
          </reporter-output>
        </test-method> <!-- testAreaCalculation -->
        <test-method signature="testAreaCalculation([D,double)[pri:0, instance:test.jwd.task01basic.service.RectangleAreaTest@4de4b452]" started-at="2021-12-02T16:01:50 MSK" name="testAreaCalculation" data-provider="DataForArea" finished-at="2021-12-02T16:01:50 MSK" duration-ms="1" status="PASS">
          <params>
            <param index="0">
              <value>
                <![CDATA[[D@7a6d7e92]]>
              </value>
            </param>
            <param index="1">
              <value>
                <![CDATA[2147483647]]>
              </value>
            </param>
          </params>
          <reporter-output>
          </reporter-output>
        </test-method> <!-- testAreaCalculation -->
      </class> <!-- test.jwd.task01basic.service.RectangleAreaTest -->
      <class name="test.jwd.task01basic.service.SumOfOddNumberTest">
        <test-method signature="testSumOfOddNumber()[pri:0, instance:test.jwd.task01basic.service.SumOfOddNumberTest@3e84448c]" started-at="2021-12-02T16:01:50 MSK" name="testSumOfOddNumber" finished-at="2021-12-02T16:01:50 MSK" duration-ms="0" status="PASS">
          <reporter-output>
          </reporter-output>
        </test-method> <!-- testSumOfOddNumber -->
      </class> <!-- test.jwd.task01basic.service.SumOfOddNumberTest -->
      <class name="test.jwd.task01basic.service.QuantityOfPositiveNumberTest">
        <test-method signature="testDataForQuantityOfPositiveNumber([I,int)[pri:0, instance:test.jwd.task01basic.service.QuantityOfPositiveNumberTest@429bffaa]" started-at="2021-12-02T16:01:50 MSK" name="testDataForQuantityOfPositiveNumber" data-provider="DataForQuantityOfPositiveNumber" finished-at="2021-12-02T16:01:50 MSK" duration-ms="0" status="PASS">
          <params>
            <param index="0">
              <value>
                <![CDATA[[I@4d14b6c2]]>
              </value>
            </param>
            <param index="1">
              <value>
                <![CDATA[0]]>
              </value>
            </param>
          </params>
          <reporter-output>
          </reporter-output>
        </test-method> <!-- testDataForQuantityOfPositiveNumber -->
        <test-method signature="testDataForQuantityOfPositiveNumber([I,int)[pri:0, instance:test.jwd.task01basic.service.QuantityOfPositiveNumberTest@429bffaa]" started-at="2021-12-02T16:01:50 MSK" name="testDataForQuantityOfPositiveNumber" data-provider="DataForQuantityOfPositiveNumber" finished-at="2021-12-02T16:01:50 MSK" duration-ms="1" status="PASS">
          <params>
            <param index="0">
              <value>
                <![CDATA[[I@c05fddc]]>
              </value>
            </param>
            <param index="1">
              <value>
                <![CDATA[3]]>
              </value>
            </param>
          </params>
          <reporter-output>
          </reporter-output>
        </test-method> <!-- testDataForQuantityOfPositiveNumber -->
        <test-method signature="testDataForQuantityOfPositiveNumber([I,int)[pri:0, instance:test.jwd.task01basic.service.QuantityOfPositiveNumberTest@429bffaa]" started-at="2021-12-02T16:01:50 MSK" name="testDataForQuantityOfPositiveNumber" data-provider="DataForQuantityOfPositiveNumber" finished-at="2021-12-02T16:01:50 MSK" duration-ms="1" status="PASS">
          <params>
            <param index="0">
              <value>
                <![CDATA[[I@7139992f]]>
              </value>
            </param>
            <param index="1">
              <value>
                <![CDATA[2]]>
              </value>
            </param>
          </params>
          <reporter-output>
          </reporter-output>
        </test-method> <!-- testDataForQuantityOfPositiveNumber -->
        <test-method signature="testDataForQuantityOfPositiveNumber([I,int)[pri:0, instance:test.jwd.task01basic.service.QuantityOfPositiveNumberTest@429bffaa]" started-at="2021-12-02T16:01:50 MSK" name="testDataForQuantityOfPositiveNumber" data-provider="DataForQuantityOfPositiveNumber" finished-at="2021-12-02T16:01:50 MSK" duration-ms="0" status="PASS">
          <params>
            <param index="0">
              <value>
                <![CDATA[[I@5c7bfdc1]]>
              </value>
            </param>
            <param index="1">
              <value>
                <![CDATA[2]]>
              </value>
            </param>
          </params>
          <reporter-output>
          </reporter-output>
        </test-method> <!-- testDataForQuantityOfPositiveNumber -->
        <test-method signature="testDataForQuantityOfPositiveNumber([I,int)[pri:0, instance:test.jwd.task01basic.service.QuantityOfPositiveNumberTest@429bffaa]" started-at="2021-12-02T16:01:50 MSK" name="testDataForQuantityOfPositiveNumber" data-provider="DataForQuantityOfPositiveNumber" finished-at="2021-12-02T16:01:50 MSK" duration-ms="0" status="PASS">
          <params>
            <param index="0">
              <value>
                <![CDATA[[I@782859e]]>
              </value>
            </param>
            <param index="1">
              <value>
                <![CDATA[2]]>
              </value>
            </param>
          </params>
          <reporter-output>
          </reporter-output>
        </test-method> <!-- testDataForQuantityOfPositiveNumber -->
        <test-method signature="testDataForQuantityOfPositiveNumber([I,int)[pri:0, instance:test.jwd.task01basic.service.QuantityOfPositiveNumberTest@429bffaa]" started-at="2021-12-02T16:01:50 MSK" name="testDataForQuantityOfPositiveNumber" data-provider="DataForQuantityOfPositiveNumber" finished-at="2021-12-02T16:01:50 MSK" duration-ms="1" status="PASS">
          <params>
            <param index="0">
              <value>
                <![CDATA[[I@58e1d9d]]>
              </value>
            </param>
            <param index="1">
              <value>
                <![CDATA[1]]>
              </value>
            </param>
          </params>
          <reporter-output>
          </reporter-output>
        </test-method> <!-- testDataForQuantityOfPositiveNumber -->
        <test-method signature="testDataForQuantityOfPositiveNumber([I,int)[pri:0, instance:test.jwd.task01basic.service.QuantityOfPositiveNumberTest@429bffaa]" started-at="2021-12-02T16:01:50 MSK" name="testDataForQuantityOfPositiveNumber" data-provider="DataForQuantityOfPositiveNumber" finished-at="2021-12-02T16:01:50 MSK" duration-ms="1" status="PASS">
          <params>
            <param index="0">
              <value>
                <![CDATA[[I@50378a4]]>
              </value>
            </param>
            <param index="1">
              <value>
                <![CDATA[1]]>
              </value>
            </param>
          </params>
          <reporter-output>
          </reporter-output>
        </test-method> <!-- testDataForQuantityOfPositiveNumber -->
        <test-method signature="testDataForQuantityOfPositiveNumber([I,int)[pri:0, instance:test.jwd.task01basic.service.QuantityOfPositiveNumberTest@429bffaa]" started-at="2021-12-02T16:01:50 MSK" name="testDataForQuantityOfPositiveNumber" data-provider="DataForQuantityOfPositiveNumber" finished-at="2021-12-02T16:01:50 MSK" duration-ms="0" status="PASS">
          <params>
            <param index="0">
              <value>
                <![CDATA[[I@7857fe2]]>
              </value>
            </param>
            <param index="1">
              <value>
                <![CDATA[1]]>
              </value>
            </param>
          </params>
          <reporter-output>
          </reporter-output>
        </test-method> <!-- testDataForQuantityOfPositiveNumber -->
        <test-method signature="testDataForQuantityOfPositiveNumber([I,int)[pri:0, instance:test.jwd.task01basic.service.QuantityOfPositiveNumberTest@429bffaa]" started-at="2021-12-02T16:01:50 MSK" name="testDataForQuantityOfPositiveNumber" data-provider="DataForQuantityOfPositiveNumber" finished-at="2021-12-02T16:01:50 MSK" duration-ms="0" status="PASS">
          <params>
            <param index="0">
              <value>
                <![CDATA[[I@1b1cfb87]]>
              </value>
            </param>
            <param index="1">
              <value>
                <![CDATA[0]]>
              </value>
            </param>
          </params>
          <reporter-output>
          </reporter-output>
        </test-method> <!-- testDataForQuantityOfPositiveNumber -->
        <test-method signature="testDataForQuantityOfPositiveNumber([I,int)[pri:0, instance:test.jwd.task01basic.service.QuantityOfPositiveNumberTest@429bffaa]" started-at="2021-12-02T16:01:50 MSK" name="testDataForQuantityOfPositiveNumber" data-provider="DataForQuantityOfPositiveNumber" finished-at="2021-12-02T16:01:50 MSK" duration-ms="1" status="PASS">
          <params>
            <param index="0">
              <value>
                <![CDATA[[I@821330f]]>
              </value>
            </param>
            <param index="1">
              <value>
                <![CDATA[3]]>
              </value>
            </param>
          </params>
          <reporter-output>
          </reporter-output>
        </test-method> <!-- testDataForQuantityOfPositiveNumber -->
        <test-method signature="testDataForQuantityOfPositiveNumber([I,int)[pri:0, instance:test.jwd.task01basic.service.QuantityOfPositiveNumberTest@429bffaa]" started-at="2021-12-02T16:01:50 MSK" name="testDataForQuantityOfPositiveNumber" data-provider="DataForQuantityOfPositiveNumber" finished-at="2021-12-02T16:01:50 MSK" duration-ms="0" status="PASS">
          <params>
            <param index="0">
              <value>
                <![CDATA[[I@aba625]]>
              </value>
            </param>
            <param index="1">
              <value>
                <![CDATA[1]]>
              </value>
            </param>
          </params>
          <reporter-output>
          </reporter-output>
        </test-method> <!-- testDataForQuantityOfPositiveNumber -->
      </class> <!-- test.jwd.task01basic.service.QuantityOfPositiveNumberTest -->
      <class name="test.jwd.task01basic.service.TriangleAreaTest">
        <test-method signature="testAreaCalculation(double,double)[pri:0, instance:test.jwd.task01basic.service.TriangleAreaTest@3fb1549b]" started-at="2021-12-02T16:01:50 MSK" name="testAreaCalculation" data-provider="DataForArea" finished-at="2021-12-02T16:01:50 MSK" duration-ms="1" status="PASS">
          <params>
            <param index="0">
              <value>
                <![CDATA[10.0]]>
              </value>
            </param>
            <param index="1">
              <value>
                <![CDATA[43.30127018922193]]>
              </value>
            </param>
          </params>
          <reporter-output>
          </reporter-output>
        </test-method> <!-- testAreaCalculation -->
        <test-method signature="testAreaCalculation(double,double)[pri:0, instance:test.jwd.task01basic.service.TriangleAreaTest@3fb1549b]" started-at="2021-12-02T16:01:50 MSK" name="testAreaCalculation" data-provider="DataForArea" finished-at="2021-12-02T16:01:50 MSK" duration-ms="0" status="PASS">
          <params>
            <param index="0">
              <value>
                <![CDATA[1.0]]>
              </value>
            </param>
            <param index="1">
              <value>
                <![CDATA[0.4330127018922193]]>
              </value>
            </param>
          </params>
          <reporter-output>
          </reporter-output>
        </test-method> <!-- testAreaCalculation -->
        <test-method signature="testAreaCalculation(double,double)[pri:0, instance:test.jwd.task01basic.service.TriangleAreaTest@3fb1549b]" started-at="2021-12-02T16:01:50 MSK" name="testAreaCalculation" data-provider="DataForArea" finished-at="2021-12-02T16:01:50 MSK" duration-ms="1" status="PASS">
          <params>
            <param index="0">
              <value>
                <![CDATA[2.0]]>
              </value>
            </param>
            <param index="1">
              <value>
                <![CDATA[1.7320508075688772]]>
              </value>
            </param>
          </params>
          <reporter-output>
          </reporter-output>
        </test-method> <!-- testAreaCalculation -->
        <test-method signature="testAreaCalculation(double,double)[pri:0, instance:test.jwd.task01basic.service.TriangleAreaTest@3fb1549b]" started-at="2021-12-02T16:01:50 MSK" name="testAreaCalculation" data-provider="DataForArea" finished-at="2021-12-02T16:01:50 MSK" duration-ms="1" status="PASS">
          <params>
            <param index="0">
              <value>
                <![CDATA[2147483647]]>
              </value>
            </param>
            <param index="1">
              <value>
                <![CDATA[1.99691862125803878E18]]>
              </value>
            </param>
          </params>
          <reporter-output>
          </reporter-output>
        </test-method> <!-- testAreaCalculation -->
      </class> <!-- test.jwd.task01basic.service.TriangleAreaTest -->
      <class name="test.jwd.task01basic.service.DoesBrickFitRectangleTest">
        <test-method signature="testBrickAndRectangle([D,boolean)[pri:0, instance:test.jwd.task01basic.service.DoesBrickFitRectangleTest@3d5c822d]" started-at="2021-12-02T16:01:50 MSK" name="testBrickAndRectangle" data-provider="BrickAndRectangle" finished-at="2021-12-02T16:01:50 MSK" duration-ms="0" status="PASS">
          <params>
            <param index="0">
              <value>
                <![CDATA[[D@5340477f]]>
              </value>
            </param>
            <param index="1">
              <value>
                <![CDATA[false]]>
              </value>
            </param>
          </params>
          <reporter-output>
          </reporter-output>
        </test-method> <!-- testBrickAndRectangle -->
        <test-method signature="testBrickAndRectangle([D,boolean)[pri:0, instance:test.jwd.task01basic.service.DoesBrickFitRectangleTest@3d5c822d]" started-at="2021-12-02T16:01:50 MSK" name="testBrickAndRectangle" data-provider="BrickAndRectangle" finished-at="2021-12-02T16:01:50 MSK" duration-ms="1" status="PASS">
          <params>
            <param index="0">
              <value>
                <![CDATA[[D@2657d4dd]]>
              </value>
            </param>
            <param index="1">
              <value>
                <![CDATA[true]]>
              </value>
            </param>
          </params>
          <reporter-output>
          </reporter-output>
        </test-method> <!-- testBrickAndRectangle -->
        <test-method signature="testBrickAndRectangle([D,boolean)[pri:0, instance:test.jwd.task01basic.service.DoesBrickFitRectangleTest@3d5c822d]" started-at="2021-12-02T16:01:50 MSK" name="testBrickAndRectangle" data-provider="BrickAndRectangle" finished-at="2021-12-02T16:01:50 MSK" duration-ms="0" status="PASS">
          <params>
            <param index="0">
              <value>
                <![CDATA[[D@446a1e84]]>
              </value>
            </param>
            <param index="1">
              <value>
                <![CDATA[false]]>
              </value>
            </param>
          </params>
          <reporter-output>
          </reporter-output>
        </test-method> <!-- testBrickAndRectangle -->
        <test-method signature="testBrickAndRectangle([D,boolean)[pri:0, instance:test.jwd.task01basic.service.DoesBrickFitRectangleTest@3d5c822d]" started-at="2021-12-02T16:01:50 MSK" name="testBrickAndRectangle" data-provider="BrickAndRectangle" finished-at="2021-12-02T16:01:50 MSK" duration-ms="0" status="PASS">
          <params>
            <param index="0">
              <value>
                <![CDATA[[D@60f00693]]>
              </value>
            </param>
            <param index="1">
              <value>
                <![CDATA[false]]>
              </value>
            </param>
          </params>
          <reporter-output>
          </reporter-output>
        </test-method> <!-- testBrickAndRectangle -->
        <test-method signature="testBrickAndRectangle([D,boolean)[pri:0, instance:test.jwd.task01basic.service.DoesBrickFitRectangleTest@3d5c822d]" started-at="2021-12-02T16:01:50 MSK" name="testBrickAndRectangle" data-provider="BrickAndRectangle" finished-at="2021-12-02T16:01:50 MSK" duration-ms="1" status="PASS">
          <params>
            <param index="0">
              <value>
                <![CDATA[[D@126253fd]]>
              </value>
            </param>
            <param index="1">
              <value>
                <![CDATA[true]]>
              </value>
            </param>
          </params>
          <reporter-output>
          </reporter-output>
        </test-method> <!-- testBrickAndRectangle -->
      </class> <!-- test.jwd.task01basic.service.DoesBrickFitRectangleTest -->
      <class name="test.jwd.task01basic.service.AverageOfTwoNumberTest">
        <test-method signature="testCalculationAverage([D,double)[pri:0, instance:test.jwd.task01basic.service.AverageOfTwoNumberTest@4e096385]" started-at="2021-12-02T16:01:50 MSK" name="testCalculationAverage" data-provider="DataForAverage" finished-at="2021-12-02T16:01:50 MSK" duration-ms="6" status="PASS">
          <params>
            <param index="0">
              <value>
                <![CDATA[[D@387a8303]]>
              </value>
            </param>
            <param index="1">
              <value>
                <![CDATA[0.0]]>
              </value>
            </param>
          </params>
          <reporter-output>
          </reporter-output>
        </test-method> <!-- testCalculationAverage -->
        <test-method signature="testCalculationAverage([D,double)[pri:0, instance:test.jwd.task01basic.service.AverageOfTwoNumberTest@4e096385]" started-at="2021-12-02T16:01:50 MSK" name="testCalculationAverage" data-provider="DataForAverage" finished-at="2021-12-02T16:01:50 MSK" duration-ms="2" status="PASS">
          <params>
            <param index="0">
              <value>
                <![CDATA[[D@210ab13f]]>
              </value>
            </param>
            <param index="1">
              <value>
                <![CDATA[1.0]]>
              </value>
            </param>
          </params>
          <reporter-output>
          </reporter-output>
        </test-method> <!-- testCalculationAverage -->
        <test-method signature="testCalculationAverage([D,double)[pri:0, instance:test.jwd.task01basic.service.AverageOfTwoNumberTest@4e096385]" started-at="2021-12-02T16:01:50 MSK" name="testCalculationAverage" data-provider="DataForAverage" finished-at="2021-12-02T16:01:50 MSK" duration-ms="0" status="PASS">
          <params>
            <param index="0">
              <value>
                <![CDATA[[D@23f5b5dc]]>
              </value>
            </param>
            <param index="1">
              <value>
                <![CDATA[3.0]]>
              </value>
            </param>
          </params>
          <reporter-output>
          </reporter-output>
        </test-method> <!-- testCalculationAverage -->
        <test-method signature="testCalculationAverage([D,double)[pri:0, instance:test.jwd.task01basic.service.AverageOfTwoNumberTest@4e096385]" started-at="2021-12-02T16:01:50 MSK" name="testCalculationAverage" data-provider="DataForAverage" finished-at="2021-12-02T16:01:50 MSK" duration-ms="1" status="PASS">
          <params>
            <param index="0">
              <value>
                <![CDATA[[D@25df00a0]]>
              </value>
            </param>
            <param index="1">
              <value>
                <![CDATA[6.0]]>
              </value>
            </param>
          </params>
          <reporter-output>
          </reporter-output>
        </test-method> <!-- testCalculationAverage -->
        <test-method signature="testCalculationAverage([D,double)[pri:0, instance:test.jwd.task01basic.service.AverageOfTwoNumberTest@4e096385]" started-at="2021-12-02T16:01:50 MSK" name="testCalculationAverage" data-provider="DataForAverage" finished-at="2021-12-02T16:01:50 MSK" duration-ms="1" status="PASS">
          <params>
            <param index="0">
              <value>
                <![CDATA[[D@34bde49d]]>
              </value>
            </param>
            <param index="1">
              <value>
                <![CDATA[0.0]]>
              </value>
            </param>
          </params>
          <reporter-output>
          </reporter-output>
        </test-method> <!-- testCalculationAverage -->
        <test-method signature="testCalculationAverage([D,double)[pri:0, instance:test.jwd.task01basic.service.AverageOfTwoNumberTest@4e096385]" started-at="2021-12-02T16:01:50 MSK" name="testCalculationAverage" data-provider="DataForAverage" finished-at="2021-12-02T16:01:50 MSK" duration-ms="1" status="PASS">
          <params>
            <param index="0">
              <value>
                <![CDATA[[D@475c9c31]]>
              </value>
            </param>
            <param index="1">
              <value>
                <![CDATA[-1.5]]>
              </value>
            </param>
          </params>
          <reporter-output>
          </reporter-output>
        </test-method> <!-- testCalculationAverage -->
        <test-method signature="testCalculationAverage([D,double)[pri:0, instance:test.jwd.task01basic.service.AverageOfTwoNumberTest@4e096385]" started-at="2021-12-02T16:01:50 MSK" name="testCalculationAverage" data-provider="DataForAverage" finished-at="2021-12-02T16:01:50 MSK" duration-ms="1" status="PASS">
          <params>
            <param index="0">
              <value>
                <![CDATA[[D@4f0f2942]]>
              </value>
            </param>
            <param index="1">
              <value>
                <![CDATA[1.5]]>
              </value>
            </param>
          </params>
          <reporter-output>
          </reporter-output>
        </test-method> <!-- testCalculationAverage -->
        <test-method signature="testCalculationAverage([D,double)[pri:0, instance:test.jwd.task01basic.service.AverageOfTwoNumberTest@4e096385]" started-at="2021-12-02T16:01:50 MSK" name="testCalculationAverage" data-provider="DataForAverage" finished-at="2021-12-02T16:01:50 MSK" duration-ms="1" status="PASS">
          <params>
            <param index="0">
              <value>
                <![CDATA[[D@4b520ea8]]>
              </value>
            </param>
            <param index="1">
              <value>
                <![CDATA[-4.5]]>
              </value>
            </param>
          </params>
          <reporter-output>
          </reporter-output>
        </test-method> <!-- testCalculationAverage -->
        <test-method signature="testCalculationAverage([D,double)[pri:0, instance:test.jwd.task01basic.service.AverageOfTwoNumberTest@4e096385]" started-at="2021-12-02T16:01:50 MSK" name="testCalculationAverage" data-provider="DataForAverage" finished-at="2021-12-02T16:01:50 MSK" duration-ms="0" status="PASS">
          <params>
            <param index="0">
              <value>
                <![CDATA[[D@5db6b9cd]]>
              </value>
            </param>
            <param index="1">
              <value>
                <![CDATA[2147483647]]>
              </value>
            </param>
          </params>
          <reporter-output>
          </reporter-output>
        </test-method> <!-- testCalculationAverage -->
        <test-method signature="testCalculationAverage([D,double)[pri:0, instance:test.jwd.task01basic.service.AverageOfTwoNumberTest@4e096385]" started-at="2021-12-02T16:01:50 MSK" name="testCalculationAverage" data-provider="DataForAverage" finished-at="2021-12-02T16:01:50 MSK" duration-ms="1" status="PASS">
          <params>
            <param index="0">
              <value>
                <![CDATA[[D@5c86a017]]>
              </value>
            </param>
            <param index="1">
              <value>
                <![CDATA[0]]>
              </value>
            </param>
          </params>
          <reporter-output>
          </reporter-output>
        </test-method> <!-- testCalculationAverage -->
        <test-method signature="testCalculationAverage([D,double)[pri:0, instance:test.jwd.task01basic.service.AverageOfTwoNumberTest@4e096385]" started-at="2021-12-02T16:01:50 MSK" name="testCalculationAverage" data-provider="DataForAverage" finished-at="2021-12-02T16:01:50 MSK" duration-ms="1" status="PASS">
          <params>
            <param index="0">
              <value>
                <![CDATA[[D@1500b2f3]]>
              </value>
            </param>
            <param index="1">
              <value>
                <![CDATA[-2147483647]]>
              </value>
            </param>
          </params>
          <reporter-output>
          </reporter-output>
        </test-method> <!-- testCalculationAverage -->
      </class> <!-- test.jwd.task01basic.service.AverageOfTwoNumberTest -->
      <class name="test.jwd.task01basic.service.TriangleRadiusOutTest">
        <test-method signature="testRadiusOutCalculation(double,double)[pri:0, instance:test.jwd.task01basic.service.TriangleRadiusOutTest@4bb33f74]" started-at="2021-12-02T16:01:50 MSK" name="testRadiusOutCalculation" data-provider="DataForRadiusOut" finished-at="2021-12-02T16:01:50 MSK" duration-ms="0" status="PASS">
          <params>
            <param index="0">
              <value>
                <![CDATA[5.0]]>
              </value>
            </param>
            <param index="1">
              <value>
                <![CDATA[2.886751]]>
              </value>
            </param>
          </params>
          <reporter-output>
          </reporter-output>
        </test-method> <!-- testRadiusOutCalculation -->
        <test-method signature="testRadiusOutCalculation(double,double)[pri:0, instance:test.jwd.task01basic.service.TriangleRadiusOutTest@4bb33f74]" started-at="2021-12-02T16:01:50 MSK" name="testRadiusOutCalculation" data-provider="DataForRadiusOut" finished-at="2021-12-02T16:01:50 MSK" duration-ms="1" status="PASS">
          <params>
            <param index="0">
              <value>
                <![CDATA[1.0]]>
              </value>
            </param>
            <param index="1">
              <value>
                <![CDATA[0.57735]]>
              </value>
            </param>
          </params>
          <reporter-output>
          </reporter-output>
        </test-method> <!-- testRadiusOutCalculation -->
        <test-method signature="testRadiusOutCalculation(double,double)[pri:0, instance:test.jwd.task01basic.service.TriangleRadiusOutTest@4bb33f74]" started-at="2021-12-02T16:01:50 MSK" name="testRadiusOutCalculation" data-provider="DataForRadiusOut" finished-at="2021-12-02T16:01:50 MSK" duration-ms="1" status="PASS">
          <params>
            <param index="0">
              <value>
                <![CDATA[2.0]]>
              </value>
            </param>
            <param index="1">
              <value>
                <![CDATA[1.154701]]>
              </value>
            </param>
          </params>
          <reporter-output>
          </reporter-output>
        </test-method> <!-- testRadiusOutCalculation -->
        <test-method signature="testRadiusOutCalculation(double,double)[pri:0, instance:test.jwd.task01basic.service.TriangleRadiusOutTest@4bb33f74]" started-at="2021-12-02T16:01:50 MSK" name="testRadiusOutCalculation" data-provider="DataForRadiusOut" finished-at="2021-12-02T16:01:50 MSK" duration-ms="1" status="PASS">
          <params>
            <param index="0">
              <value>
                <![CDATA[100]]>
              </value>
            </param>
            <param index="1">
              <value>
                <![CDATA[57.735027]]>
              </value>
            </param>
          </params>
          <reporter-output>
          </reporter-output>
        </test-method> <!-- testRadiusOutCalculation -->
        <test-method signature="testRadiusOutCalculation(double,double)[pri:0, instance:test.jwd.task01basic.service.TriangleRadiusOutTest@4bb33f74]" started-at="2021-12-02T16:01:50 MSK" name="testRadiusOutCalculation" data-provider="DataForRadiusOut" finished-at="2021-12-02T16:01:50 MSK" duration-ms="1" status="PASS">
          <params>
            <param index="0">
              <value>
                <![CDATA[2147483647]]>
              </value>
            </param>
            <param index="1">
              <value>
                <![CDATA[1.239850261675769E9]]>
              </value>
            </param>
          </params>
          <reporter-output>
          </reporter-output>
        </test-method> <!-- testRadiusOutCalculation -->
      </class> <!-- test.jwd.task01basic.service.TriangleRadiusOutTest -->
      <class name="test.jwd.task01basic.service.PhysicsTest">
        <test-method signature="testDistance([I,int)[pri:0, instance:test.jwd.task01basic.service.PhysicsTest@3059cbc]" started-at="2021-12-02T16:01:50 MSK" name="testDistance" data-provider="DataForPhysics" finished-at="2021-12-02T16:01:50 MSK" duration-ms="1" status="PASS">
          <params>
            <param index="0">
              <value>
                <![CDATA[[I@7e990ed7]]>
              </value>
            </param>
            <param index="1">
              <value>
                <![CDATA[0]]>
              </value>
            </param>
          </params>
          <reporter-output>
          </reporter-output>
        </test-method> <!-- testDistance -->
        <test-method signature="testDistance([I,int)[pri:0, instance:test.jwd.task01basic.service.PhysicsTest@3059cbc]" started-at="2021-12-02T16:01:50 MSK" name="testDistance" data-provider="DataForPhysics" finished-at="2021-12-02T16:01:50 MSK" duration-ms="1" status="PASS">
          <params>
            <param index="0">
              <value>
                <![CDATA[[I@1be2019a]]>
              </value>
            </param>
            <param index="1">
              <value>
                <![CDATA[1]]>
              </value>
            </param>
          </params>
          <reporter-output>
          </reporter-output>
        </test-method> <!-- testDistance -->
        <test-method signature="testDistance([I,int)[pri:0, instance:test.jwd.task01basic.service.PhysicsTest@3059cbc]" started-at="2021-12-02T16:01:50 MSK" name="testDistance" data-provider="DataForPhysics" finished-at="2021-12-02T16:01:50 MSK" duration-ms="1" status="PASS">
          <params>
            <param index="0">
              <value>
                <![CDATA[[I@16150369]]>
              </value>
            </param>
            <param index="1">
              <value>
                <![CDATA[19]]>
              </value>
            </param>
          </params>
          <reporter-output>
          </reporter-output>
        </test-method> <!-- testDistance -->
        <test-method signature="testDistance([I,int)[pri:0, instance:test.jwd.task01basic.service.PhysicsTest@3059cbc]" started-at="2021-12-02T16:01:50 MSK" name="testDistance" data-provider="DataForPhysics" finished-at="2021-12-02T16:01:50 MSK" duration-ms="1" status="PASS">
          <params>
            <param index="0">
              <value>
                <![CDATA[[I@79207381]]>
              </value>
            </param>
            <param index="1">
              <value>
                <![CDATA[0]]>
              </value>
            </param>
          </params>
          <reporter-output>
          </reporter-output>
        </test-method> <!-- testDistance -->
        <test-method signature="testDistance([I,int)[pri:0, instance:test.jwd.task01basic.service.PhysicsTest@3059cbc]" started-at="2021-12-02T16:01:50 MSK" name="testDistance" data-provider="DataForPhysics" finished-at="2021-12-02T16:01:50 MSK" duration-ms="1" status="PASS">
          <params>
            <param index="0">
              <value>
                <![CDATA[[I@29d80d2b]]>
              </value>
            </param>
            <param index="1">
              <value>
                <![CDATA[5]]>
              </value>
            </param>
          </params>
          <reporter-output>
          </reporter-output>
        </test-method> <!-- testDistance -->
        <test-method signature="testDistance([I,int)[pri:0, instance:test.jwd.task01basic.service.PhysicsTest@3059cbc]" started-at="2021-12-02T16:01:50 MSK" name="testDistance" data-provider="DataForPhysics" finished-at="2021-12-02T16:01:50 MSK" duration-ms="1" status="PASS">
          <params>
            <param index="0">
              <value>
                <![CDATA[[I@5a5a729f]]>
              </value>
            </param>
            <param index="1">
              <value>
                <![CDATA[2147483647]]>
              </value>
            </param>
          </params>
          <reporter-output>
          </reporter-output>
        </test-method> <!-- testDistance -->
        <test-method signature="testDistance([I,int)[pri:0, instance:test.jwd.task01basic.service.PhysicsTest@3059cbc]" started-at="2021-12-02T16:01:50 MSK" name="testDistance" data-provider="DataForPhysics" finished-at="2021-12-02T16:01:50 MSK" duration-ms="1" status="PASS">
          <params>
            <param index="0">
              <value>
                <![CDATA[[I@5884a914]]>
              </value>
            </param>
            <param index="1">
              <value>
                <![CDATA[-2]]>
              </value>
            </param>
          </params>
          <reporter-output>
          </reporter-output>
        </test-method> <!-- testDistance -->
      </class> <!-- test.jwd.task01basic.service.PhysicsTest -->
      <class name="test.jwd.task01basic.service.TriangleHeightTest">
        <test-method signature="testHeightCalculation(double,double)[pri:0, instance:test.jwd.task01basic.service.TriangleHeightTest@4d02f94e]" started-at="2021-12-02T16:01:50 MSK" name="testHeightCalculation" data-provider="DataForHeight" finished-at="2021-12-02T16:01:50 MSK" duration-ms="1" status="PASS">
          <params>
            <param index="0">
              <value>
                <![CDATA[5.0]]>
              </value>
            </param>
            <param index="1">
              <value>
                <![CDATA[4.33]]>
              </value>
            </param>
          </params>
          <reporter-output>
          </reporter-output>
        </test-method> <!-- testHeightCalculation -->
        <test-method signature="testHeightCalculation(double,double)[pri:0, instance:test.jwd.task01basic.service.TriangleHeightTest@4d02f94e]" started-at="2021-12-02T16:01:50 MSK" name="testHeightCalculation" data-provider="DataForHeight" finished-at="2021-12-02T16:01:50 MSK" duration-ms="1" status="PASS">
          <params>
            <param index="0">
              <value>
                <![CDATA[1.0]]>
              </value>
            </param>
            <param index="1">
              <value>
                <![CDATA[0.866]]>
              </value>
            </param>
          </params>
          <reporter-output>
          </reporter-output>
        </test-method> <!-- testHeightCalculation -->
        <test-method signature="testHeightCalculation(double,double)[pri:0, instance:test.jwd.task01basic.service.TriangleHeightTest@4d02f94e]" started-at="2021-12-02T16:01:50 MSK" name="testHeightCalculation" data-provider="DataForHeight" finished-at="2021-12-02T16:01:50 MSK" duration-ms="0" status="PASS">
          <params>
            <param index="0">
              <value>
                <![CDATA[2.0]]>
              </value>
            </param>
            <param index="1">
              <value>
                <![CDATA[1.732]]>
              </value>
            </param>
          </params>
          <reporter-output>
          </reporter-output>
        </test-method> <!-- testHeightCalculation -->
        <test-method signature="testHeightCalculation(double,double)[pri:0, instance:test.jwd.task01basic.service.TriangleHeightTest@4d02f94e]" started-at="2021-12-02T16:01:50 MSK" name="testHeightCalculation" data-provider="DataForHeight" finished-at="2021-12-02T16:01:50 MSK" duration-ms="1" status="PASS">
          <params>
            <param index="0">
              <value>
                <![CDATA[100]]>
              </value>
            </param>
            <param index="1">
              <value>
                <![CDATA[86.603]]>
              </value>
            </param>
          </params>
          <reporter-output>
          </reporter-output>
        </test-method> <!-- testHeightCalculation -->
        <test-method signature="testHeightCalculation(double,double)[pri:0, instance:test.jwd.task01basic.service.TriangleHeightTest@4d02f94e]" started-at="2021-12-02T16:01:50 MSK" name="testHeightCalculation" data-provider="DataForHeight" finished-at="2021-12-02T16:01:50 MSK" duration-ms="1" status="PASS">
          <params>
            <param index="0">
              <value>
                <![CDATA[2147483647]]>
              </value>
            </param>
            <param index="1">
              <value>
                <![CDATA[1.8597753925136538E9]]>
              </value>
            </param>
          </params>
          <reporter-output>
          </reporter-output>
        </test-method> <!-- testHeightCalculation -->
      </class> <!-- test.jwd.task01basic.service.TriangleHeightTest -->
      <class name="test.jwd.task01basic.service.ConvertToCharTest">
        <test-method signature="testConvertToChar([C,int)[pri:0, instance:test.jwd.task01basic.service.ConvertToCharTest@2df9b86]" started-at="2021-12-02T16:01:50 MSK" name="testConvertToChar" data-provider="DataForConvertToChar" finished-at="2021-12-02T16:01:50 MSK" duration-ms="1" status="PASS">
          <params>
            <param index="0">
              <value>
                <![CDATA[[C@624ea235]]>
              </value>
            </param>
            <param index="1">
              <value>
                <![CDATA[91]]>
              </value>
            </param>
          </params>
          <reporter-output>
          </reporter-output>
        </test-method> <!-- testConvertToChar -->
        <test-method signature="testConvertToChar([C,int)[pri:0, instance:test.jwd.task01basic.service.ConvertToCharTest@2df9b86]" started-at="2021-12-02T16:01:50 MSK" name="testConvertToChar" data-provider="DataForConvertToChar" finished-at="2021-12-02T16:01:50 MSK" duration-ms="1" status="PASS">
          <params>
            <param index="0">
              <value>
                <![CDATA[[C@28cda624]]>
              </value>
            </param>
            <param index="1">
              <value>
                <![CDATA[32]]>
              </value>
            </param>
          </params>
          <reporter-output>
          </reporter-output>
        </test-method> <!-- testConvertToChar -->
        <test-method signature="testConvertToChar([C,int)[pri:0, instance:test.jwd.task01basic.service.ConvertToCharTest@2df9b86]" started-at="2021-12-02T16:01:50 MSK" name="testConvertToChar" data-provider="DataForConvertToChar" finished-at="2021-12-02T16:01:50 MSK" duration-ms="1" status="PASS">
          <params>
            <param index="0">
              <value>
                <![CDATA[[C@4d15107f]]>
              </value>
            </param>
            <param index="1">
              <value>
                <![CDATA[99]]>
              </value>
            </param>
          </params>
          <reporter-output>
          </reporter-output>
        </test-method> <!-- testConvertToChar -->
        <test-method signature="testConvertToChar([C,int)[pri:0, instance:test.jwd.task01basic.service.ConvertToCharTest@2df9b86]" started-at="2021-12-02T16:01:50 MSK" name="testConvertToChar" data-provider="DataForConvertToChar" finished-at="2021-12-02T16:01:50 MSK" duration-ms="0" status="PASS">
          <params>
            <param index="0">
              <value>
                <![CDATA[[C@7eecb5b8]]>
              </value>
            </param>
            <param index="1">
              <value>
                <![CDATA[78]]>
              </value>
            </param>
          </params>
          <reporter-output>
          </reporter-output>
        </test-method> <!-- testConvertToChar -->
        <test-method signature="testConvertToChar([C,int)[pri:0, instance:test.jwd.task01basic.service.ConvertToCharTest@2df9b86]" started-at="2021-12-02T16:01:50 MSK" name="testConvertToChar" data-provider="DataForConvertToChar" finished-at="2021-12-02T16:01:50 MSK" duration-ms="0" status="PASS">
          <params>
            <param index="0">
              <value>
                <![CDATA[[C@97e93f1]]>
              </value>
            </param>
            <param index="1">
              <value>
                <![CDATA[125]]>
              </value>
            </param>
          </params>
          <reporter-output>
          </reporter-output>
        </test-method> <!-- testConvertToChar -->
        <test-method signature="testConvertToChar([C,int)[pri:0, instance:test.jwd.task01basic.service.ConvertToCharTest@2df9b86]" started-at="2021-12-02T16:01:50 MSK" name="testConvertToChar" data-provider="DataForConvertToChar" finished-at="2021-12-02T16:01:50 MSK" duration-ms="1" status="PASS">
          <params>
            <param index="0">
              <value>
                <![CDATA[[C@6f43c82]]>
              </value>
            </param>
            <param index="1">
              <value>
                <![CDATA[126]]>
              </value>
            </param>
          </params>
          <reporter-output>
          </reporter-output>
        </test-method> <!-- testConvertToChar -->
      </class> <!-- test.jwd.task01basic.service.ConvertToCharTest -->
      <class name="test.jwd.task01basic.service.TriangleRadiusInTest">
        <test-method signature="testRadiusInCalculation(double,double)[pri:0, instance:test.jwd.task01basic.service.TriangleRadiusInTest@7a419da4]" started-at="2021-12-02T16:01:50 MSK" name="testRadiusInCalculation" data-provider="DataForRadiusIn" finished-at="2021-12-02T16:01:50 MSK" duration-ms="1" status="PASS">
          <params>
            <param index="0">
              <value>
                <![CDATA[5.0]]>
              </value>
            </param>
            <param index="1">
              <value>
                <![CDATA[1.443376]]>
              </value>
            </param>
          </params>
          <reporter-output>
          </reporter-output>
        </test-method> <!-- testRadiusInCalculation -->
        <test-method signature="testRadiusInCalculation(double,double)[pri:0, instance:test.jwd.task01basic.service.TriangleRadiusInTest@7a419da4]" started-at="2021-12-02T16:01:50 MSK" name="testRadiusInCalculation" data-provider="DataForRadiusIn" finished-at="2021-12-02T16:01:50 MSK" duration-ms="0" status="PASS">
          <params>
            <param index="0">
              <value>
                <![CDATA[1.0]]>
              </value>
            </param>
            <param index="1">
              <value>
                <![CDATA[0.288675]]>
              </value>
            </param>
          </params>
          <reporter-output>
          </reporter-output>
        </test-method> <!-- testRadiusInCalculation -->
        <test-method signature="testRadiusInCalculation(double,double)[pri:0, instance:test.jwd.task01basic.service.TriangleRadiusInTest@7a419da4]" started-at="2021-12-02T16:01:50 MSK" name="testRadiusInCalculation" data-provider="DataForRadiusIn" finished-at="2021-12-02T16:01:50 MSK" duration-ms="0" status="PASS">
          <params>
            <param index="0">
              <value>
                <![CDATA[2.0]]>
              </value>
            </param>
            <param index="1">
              <value>
                <![CDATA[0.57735]]>
              </value>
            </param>
          </params>
          <reporter-output>
          </reporter-output>
        </test-method> <!-- testRadiusInCalculation -->
        <test-method signature="testRadiusInCalculation(double,double)[pri:0, instance:test.jwd.task01basic.service.TriangleRadiusInTest@7a419da4]" started-at="2021-12-02T16:01:50 MSK" name="testRadiusInCalculation" data-provider="DataForRadiusIn" finished-at="2021-12-02T16:01:50 MSK" duration-ms="0" status="PASS">
          <params>
            <param index="0">
              <value>
                <![CDATA[100]]>
              </value>
            </param>
            <param index="1">
              <value>
                <![CDATA[28.867513]]>
              </value>
            </param>
          </params>
          <reporter-output>
          </reporter-output>
        </test-method> <!-- testRadiusInCalculation -->
        <test-method signature="testRadiusInCalculation(double,double)[pri:0, instance:test.jwd.task01basic.service.TriangleRadiusInTest@7a419da4]" started-at="2021-12-02T16:01:50 MSK" name="testRadiusInCalculation" data-provider="DataForRadiusIn" finished-at="2021-12-02T16:01:50 MSK" duration-ms="1" status="PASS">
          <params>
            <param index="0">
              <value>
                <![CDATA[2147483647]]>
              </value>
            </param>
            <param index="1">
              <value>
                <![CDATA[6.19925130837885E8]]>
              </value>
            </param>
          </params>
          <reporter-output>
          </reporter-output>
        </test-method> <!-- testRadiusInCalculation -->
      </class> <!-- test.jwd.task01basic.service.TriangleRadiusInTest -->
      <class name="test.jwd.task01basic.service.ConvertToIntTest">
        <test-method signature="testConvertToInt(char,int)[pri:0, instance:test.jwd.task01basic.service.ConvertToIntTest@446293d]" started-at="2021-12-02T16:01:50 MSK" name="testConvertToInt" data-provider="DataForConvertToInt" finished-at="2021-12-02T16:01:50 MSK" duration-ms="1" status="PASS">
          <params>
            <param index="0">
              <value>
                <![CDATA[[]]>
              </value>
            </param>
            <param index="1">
              <value>
                <![CDATA[91]]>
              </value>
            </param>
          </params>
          <reporter-output>
          </reporter-output>
        </test-method> <!-- testConvertToInt -->
        <test-method signature="testConvertToInt(char,int)[pri:0, instance:test.jwd.task01basic.service.ConvertToIntTest@446293d]" started-at="2021-12-02T16:01:50 MSK" name="testConvertToInt" data-provider="DataForConvertToInt" finished-at="2021-12-02T16:01:50 MSK" duration-ms="1" status="PASS">
          <params>
            <param index="0">
              <value>
                <![CDATA[!]]>
              </value>
            </param>
            <param index="1">
              <value>
                <![CDATA[33]]>
              </value>
            </param>
          </params>
          <reporter-output>
          </reporter-output>
        </test-method> <!-- testConvertToInt -->
        <test-method signature="testConvertToInt(char,int)[pri:0, instance:test.jwd.task01basic.service.ConvertToIntTest@446293d]" started-at="2021-12-02T16:01:50 MSK" name="testConvertToInt" data-provider="DataForConvertToInt" finished-at="2021-12-02T16:01:50 MSK" duration-ms="1" status="PASS">
          <params>
            <param index="0">
              <value>
                <![CDATA[M]]>
              </value>
            </param>
            <param index="1">
              <value>
                <![CDATA[77]]>
              </value>
            </param>
          </params>
          <reporter-output>
          </reporter-output>
        </test-method> <!-- testConvertToInt -->
        <test-method signature="testConvertToInt(char,int)[pri:0, instance:test.jwd.task01basic.service.ConvertToIntTest@446293d]" started-at="2021-12-02T16:01:50 MSK" name="testConvertToInt" data-provider="DataForConvertToInt" finished-at="2021-12-02T16:01:50 MSK" duration-ms="0" status="PASS">
          <params>
            <param index="0">
              <value>
                <![CDATA[=]]>
              </value>
            </param>
            <param index="1">
              <value>
                <![CDATA[61]]>
              </value>
            </param>
          </params>
          <reporter-output>
          </reporter-output>
        </test-method> <!-- testConvertToInt -->
        <test-method signature="testConvertToInt(char,int)[pri:0, instance:test.jwd.task01basic.service.ConvertToIntTest@446293d]" started-at="2021-12-02T16:01:50 MSK" name="testConvertToInt" data-provider="DataForConvertToInt" finished-at="2021-12-02T16:01:50 MSK" duration-ms="1" status="PASS">
          <params>
            <param index="0">
              <value>
                <![CDATA[k]]>
              </value>
            </param>
            <param index="1">
              <value>
                <![CDATA[107]]>
              </value>
            </param>
          </params>
          <reporter-output>
          </reporter-output>
        </test-method> <!-- testConvertToInt -->
        <test-method signature="testConvertToInt(char,int)[pri:0, instance:test.jwd.task01basic.service.ConvertToIntTest@446293d]" started-at="2021-12-02T16:01:50 MSK" name="testConvertToInt" data-provider="DataForConvertToInt" finished-at="2021-12-02T16:01:50 MSK" duration-ms="0" status="PASS">
          <params>
            <param index="0">
              <value>
                <![CDATA[ ]]>
              </value>
            </param>
            <param index="1">
              <value>
                <![CDATA[32]]>
              </value>
            </param>
          </params>
          <reporter-output>
          </reporter-output>
        </test-method> <!-- testConvertToInt -->
        <test-method signature="testConvertToInt(char,int)[pri:0, instance:test.jwd.task01basic.service.ConvertToIntTest@446293d]" started-at="2021-12-02T16:01:50 MSK" name="testConvertToInt" data-provider="DataForConvertToInt" finished-at="2021-12-02T16:01:50 MSK" duration-ms="1" status="PASS">
          <params>
            <param index="0">
              <value>
                <![CDATA[~]]>
              </value>
            </param>
            <param index="1">
              <value>
                <![CDATA[126]]>
              </value>
            </param>
          </params>
          <reporter-output>
          </reporter-output>
        </test-method> <!-- testConvertToInt -->
      </class> <!-- test.jwd.task01basic.service.ConvertToIntTest -->
    </test> <!-- CheckGroup -->
  </suite> <!-- Suite1 -->
</testng-results>
