<?xml version="1.0" encoding="UTF-8"?>
<testng-results ignored="0" total="7" passed="7" failed="0" skipped="0">
  <reporter-output>
  </reporter-output>
  <suite started-at="2021-11-25T12:31:26 MSK" name="Default suite" finished-at="2021-11-25T12:31:26 MSK" duration-ms="57">
    <groups>
    </groups>
    <test started-at="2021-11-25T12:31:26 MSK" name="Default test" finished-at="2021-11-25T12:31:26 MSK" duration-ms="57">
      <class name="test.jwd.task01basic.service.ConverToIntServiceTest">
        <test-method signature="testConvertToInt(char,int)[pri:0, instance:test.jwd.task01basic.service.ConverToIntServiceTest@3a6bb9bf]" started-at="2021-11-25T12:31:26 MSK" name="testConvertToInt" data-provider="DataForConvertToInt" finished-at="2021-11-25T12:31:26 MSK" duration-ms="6" status="PASS">
          <params>
            <param index="0">
              <value>
                <![CDATA[[]]>
              </value>
            </param>
            <param index="1">
              <value>
                <![CDATA[91]]>
              </value>
            </param>
          </params>
          <reporter-output>
          </reporter-output>
        </test-method> <!-- testConvertToInt -->
        <test-method signature="testConvertToInt(char,int)[pri:0, instance:test.jwd.task01basic.service.ConverToIntServiceTest@3a6bb9bf]" started-at="2021-11-25T12:31:26 MSK" name="testConvertToInt" data-provider="DataForConvertToInt" finished-at="2021-11-25T12:31:26 MSK" duration-ms="0" status="PASS">
          <params>
            <param index="0">
              <value>
                <![CDATA[!]]>
              </value>
            </param>
            <param index="1">
              <value>
                <![CDATA[33]]>
              </value>
            </param>
          </params>
          <reporter-output>
          </reporter-output>
        </test-method> <!-- testConvertToInt -->
        <test-method signature="testConvertToInt(char,int)[pri:0, instance:test.jwd.task01basic.service.ConverToIntServiceTest@3a6bb9bf]" started-at="2021-11-25T12:31:26 MSK" name="testConvertToInt" data-provider="DataForConvertToInt" finished-at="2021-11-25T12:31:26 MSK" duration-ms="1" status="PASS">
          <params>
            <param index="0">
              <value>
                <![CDATA[M]]>
              </value>
            </param>
            <param index="1">
              <value>
                <![CDATA[77]]>
              </value>
            </param>
          </params>
          <reporter-output>
          </reporter-output>
        </test-method> <!-- testConvertToInt -->
        <test-method signature="testConvertToInt(char,int)[pri:0, instance:test.jwd.task01basic.service.ConverToIntServiceTest@3a6bb9bf]" started-at="2021-11-25T12:31:26 MSK" name="testConvertToInt" data-provider="DataForConvertToInt" finished-at="2021-11-25T12:31:26 MSK" duration-ms="1" status="PASS">
          <params>
            <param index="0">
              <value>
                <![CDATA[=]]>
              </value>
            </param>
            <param index="1">
              <value>
                <![CDATA[61]]>
              </value>
            </param>
          </params>
          <reporter-output>
          </reporter-output>
        </test-method> <!-- testConvertToInt -->
        <test-method signature="testConvertToInt(char,int)[pri:0, instance:test.jwd.task01basic.service.ConverToIntServiceTest@3a6bb9bf]" started-at="2021-11-25T12:31:26 MSK" name="testConvertToInt" data-provider="DataForConvertToInt" finished-at="2021-11-25T12:31:26 MSK" duration-ms="1" status="PASS">
          <params>
            <param index="0">
              <value>
                <![CDATA[k]]>
              </value>
            </param>
            <param index="1">
              <value>
                <![CDATA[107]]>
              </value>
            </param>
          </params>
          <reporter-output>
          </reporter-output>
        </test-method> <!-- testConvertToInt -->
        <test-method signature="testConvertToInt(char,int)[pri:0, instance:test.jwd.task01basic.service.ConverToIntServiceTest@3a6bb9bf]" started-at="2021-11-25T12:31:26 MSK" name="testConvertToInt" data-provider="DataForConvertToInt" finished-at="2021-11-25T12:31:26 MSK" duration-ms="1" status="PASS">
          <params>
            <param index="0">
              <value>
                <![CDATA[ ]]>
              </value>
            </param>
            <param index="1">
              <value>
                <![CDATA[32]]>
              </value>
            </param>
          </params>
          <reporter-output>
          </reporter-output>
        </test-method> <!-- testConvertToInt -->
        <test-method signature="testConvertToInt(char,int)[pri:0, instance:test.jwd.task01basic.service.ConverToIntServiceTest@3a6bb9bf]" started-at="2021-11-25T12:31:26 MSK" name="testConvertToInt" data-provider="DataForConvertToInt" finished-at="2021-11-25T12:31:26 MSK" duration-ms="0" status="PASS">
          <params>
            <param index="0">
              <value>
                <![CDATA[~]]>
              </value>
            </param>
            <param index="1">
              <value>
                <![CDATA[126]]>
              </value>
            </param>
          </params>
          <reporter-output>
          </reporter-output>
        </test-method> <!-- testConvertToInt -->
      </class> <!-- test.jwd.task01basic.service.ConverToIntServiceTest -->
    </test> <!-- Default test -->
  </suite> <!-- Default suite -->
</testng-results>
