<?xml version="1.0" encoding="UTF-8"?>
<!-- Generated by org.testng.reporters.JUnitXMLReporter -->
<testsuite ignored="0" hostname="WIN-JD5AAM1B6TV" failures="0" tests="65" name="Default test" time="0.23" errors="0" timestamp="2022-01-06T20:44:52 MSK">
  <testcase classname="jwd.task02array.InsertionSortTest" name="testDataForArraySorting" time="0.011"/>
  <testcase classname="jwd.task02array.InsertionSortTest" name="testDataForArraySorting" time="0.001"/>
  <testcase classname="jwd.task02array.InsertionSortTest" name="testDataForArraySorting" time="0.002"/>
  <testcase classname="jwd.task02array.InsertionSortTest" name="testDataForArraySorting" time="0.001"/>
  <testcase classname="jwd.task02array.InsertionSortTest" name="testDataForArraySorting" time="0.002"/>
  <testcase classname="jwd.task02array.InsertionSortTest" name="testDataForArraySorting" time="0.001"/>
  <testcase classname="jwd.task02array.InsertionSortTest" name="testDataForArraySorting" time="0.001"/>
  <testcase classname="jwd.task02array.InsertionSortTest" name="testDataForArraySorting" time="0.002"/>
  <testcase classname="jwd.task02array.InsertionSortByAddressCalculationTest" name="testDataForArraySorting" time="0.003"/>
  <testcase classname="jwd.task02array.InsertionSortByAddressCalculationTest" name="testDataForArraySorting" time="0.003"/>
  <testcase classname="jwd.task02array.InsertionSortByAddressCalculationTest" name="testDataForArraySorting" time="0.001"/>
  <testcase classname="jwd.task02array.InsertionSortByAddressCalculationTest" name="testDataForArraySorting" time="0.001"/>
  <testcase classname="jwd.task02array.InsertionSortByAddressCalculationTest" name="testDataForArraySorting" time="0.002"/>
  <testcase classname="jwd.task02array.InsertionSortByAddressCalculationTest" name="testDataForArraySorting" time="0.001"/>
  <testcase classname="jwd.task02array.InsertionSortByAddressCalculationTest" name="testDataForArraySorting" time="0.001"/>
  <testcase classname="jwd.task02array.InsertionSortByAddressCalculationTest" name="testDataForArraySorting" time="0.0"/>
  <testcase classname="jwd.task02array.InsertionSortByAddressCalculationTest" name="testDataForArraySorting" time="0.002"/>
  <testcase classname="jwd.task02array.ShellSortTest" name="testDataForArraySorting" time="0.001"/>
  <testcase classname="jwd.task02array.ShellSortTest" name="testDataForArraySorting" time="0.004"/>
  <testcase classname="jwd.task02array.ShellSortTest" name="testDataForArraySorting" time="0.003"/>
  <testcase classname="jwd.task02array.ShellSortTest" name="testDataForArraySorting" time="0.001"/>
  <testcase classname="jwd.task02array.ShellSortTest" name="testDataForArraySorting" time="0.001"/>
  <testcase classname="jwd.task02array.ShellSortTest" name="testDataForArraySorting" time="0.001"/>
  <testcase classname="jwd.task02array.ShellSortTest" name="testDataForArraySorting" time="0.001"/>
  <testcase classname="jwd.task02array.ShellSortTest" name="testDataForArraySorting" time="0.001"/>
  <testcase classname="jwd.task02array.ShakerSortTest" name="testDataForArraySorting" time="0.001"/>
  <testcase classname="jwd.task02array.ShakerSortTest" name="testDataForArraySorting" time="0.001"/>
  <testcase classname="jwd.task02array.ShakerSortTest" name="testDataForArraySorting" time="0.001"/>
  <testcase classname="jwd.task02array.ShakerSortTest" name="testDataForArraySorting" time="0.001"/>
  <testcase classname="jwd.task02array.ShakerSortTest" name="testDataForArraySorting" time="0.001"/>
  <testcase classname="jwd.task02array.ShakerSortTest" name="testDataForArraySorting" time="0.001"/>
  <testcase classname="jwd.task02array.ShakerSortTest" name="testDataForArraySorting" time="0.001"/>
  <testcase classname="jwd.task02array.ShakerSortTest" name="testDataForArraySorting" time="0.001"/>
  <testcase classname="jwd.task02array.MatrixMultiplicationTest" name="testMatrixMultiplication1" time="0.002"/>
  <testcase classname="jwd.task02array.MatrixMultiplicationTest" name="testMatrixMultiplication2" time="0.0"/>
  <testcase classname="jwd.task02array.MatrixMultiplicationTest" name="testMatrixMultiplication3" time="0.001"/>
  <testcase classname="jwd.task02array.MatrixMultiplicationTest" name="testMatrixMultiplication4" time="0.001"/>
  <testcase classname="jwd.task02array.BubbleSortTest" name="testDataForArraySorting" time="0.003"/>
  <testcase classname="jwd.task02array.BubbleSortTest" name="testDataForArraySorting" time="0.001"/>
  <testcase classname="jwd.task02array.BubbleSortTest" name="testDataForArraySorting" time="0.001"/>
  <testcase classname="jwd.task02array.BubbleSortTest" name="testDataForArraySorting" time="0.001"/>
  <testcase classname="jwd.task02array.BubbleSortTest" name="testDataForArraySorting" time="0.001"/>
  <testcase classname="jwd.task02array.BubbleSortTest" name="testDataForArraySorting" time="0.0"/>
  <testcase classname="jwd.task02array.BubbleSortTest" name="testDataForArraySorting" time="0.001"/>
  <testcase classname="jwd.task02array.BubbleSortTest" name="testDataForArraySorting" time="0.0"/>
  <testcase classname="jwd.task02array.SelectionSortTest" name="testDataForArraySorting" time="0.001"/>
  <testcase classname="jwd.task02array.SelectionSortTest" name="testDataForArraySorting" time="0.002"/>
  <testcase classname="jwd.task02array.SelectionSortTest" name="testDataForArraySorting" time="0.001"/>
  <testcase classname="jwd.task02array.SelectionSortTest" name="testDataForArraySorting" time="0.001"/>
  <testcase classname="jwd.task02array.SelectionSortTest" name="testDataForArraySorting" time="0.0"/>
  <testcase classname="jwd.task02array.SelectionSortTest" name="testDataForArraySorting" time="0.0"/>
  <testcase classname="jwd.task02array.SelectionSortTest" name="testDataForArraySorting" time="0.001"/>
  <testcase classname="jwd.task02array.SelectionSortTest" name="testDataForArraySorting" time="0.001"/>
  <testcase classname="jwd.task02array.TwoWayMergeSortTest" name="testDataForArraySorting" time="0.001"/>
  <testcase classname="jwd.task02array.TwoWayMergeSortTest" name="testDataForArraySorting" time="0.0"/>
  <testcase classname="jwd.task02array.TwoWayMergeSortTest" name="testDataForArraySorting" time="0.001"/>
  <testcase classname="jwd.task02array.TwoWayMergeSortTest" name="testDataForArraySorting" time="0.0"/>
  <testcase classname="jwd.task02array.TwoWayMergeSortTest" name="testDataForArraySorting" time="0.001"/>
  <testcase classname="jwd.task02array.TwoWayMergeSortTest" name="testDataForArraySorting" time="0.001"/>
  <testcase classname="jwd.task02array.TwoWayMergeSortTest" name="testDataForArraySorting" time="0.001"/>
  <testcase classname="jwd.task02array.TwoWayMergeSortTest" name="testDataForArraySorting" time="0.001"/>
  <testcase classname="jwd.task02array.ArrayCreatorTest" name="testDataForArrayCreating" time="0.006"/>
  <testcase classname="jwd.task02array.ArrayCreatorTest" name="testDataForArrayCreating" time="0.001"/>
  <testcase classname="jwd.task02array.ArrayCreatorTest" name="testDataForArrayCreating" time="0.002"/>
  <testcase classname="jwd.task02array.ArrayCreatorTest" name="testDataForArrayCreating" time="0.001"/>
</testsuite> <!-- Default test -->
