<?xml version="1.0" encoding="UTF-8"?>
<!-- Generated by org.testng.reporters.JUnitXMLReporter -->
<testsuite ignored="0" hostname="WIN-JD5AAM1B6TV" failures="0" tests="79" name="CheckGroup" time="0.17" errors="0" timestamp="2021-12-02T16:01:50 MSK">
  <testcase classname="test.jwd.task01basic.service.AverageOfTwoNumberTest" name="testCalculationAverage" time="0.006"/>
  <testcase classname="test.jwd.task01basic.service.AverageOfTwoNumberTest" name="testCalculationAverage" time="0.002"/>
  <testcase classname="test.jwd.task01basic.service.AverageOfTwoNumberTest" name="testCalculationAverage" time="0.0"/>
  <testcase classname="test.jwd.task01basic.service.AverageOfTwoNumberTest" name="testCalculationAverage" time="0.001"/>
  <testcase classname="test.jwd.task01basic.service.AverageOfTwoNumberTest" name="testCalculationAverage" time="0.001"/>
  <testcase classname="test.jwd.task01basic.service.AverageOfTwoNumberTest" name="testCalculationAverage" time="0.001"/>
  <testcase classname="test.jwd.task01basic.service.AverageOfTwoNumberTest" name="testCalculationAverage" time="0.001"/>
  <testcase classname="test.jwd.task01basic.service.AverageOfTwoNumberTest" name="testCalculationAverage" time="0.001"/>
  <testcase classname="test.jwd.task01basic.service.AverageOfTwoNumberTest" name="testCalculationAverage" time="0.0"/>
  <testcase classname="test.jwd.task01basic.service.AverageOfTwoNumberTest" name="testCalculationAverage" time="0.001"/>
  <testcase classname="test.jwd.task01basic.service.AverageOfTwoNumberTest" name="testCalculationAverage" time="0.001"/>
  <testcase classname="test.jwd.task01basic.service.ConvertToIntTest" name="testConvertToInt" time="0.001"/>
  <testcase classname="test.jwd.task01basic.service.ConvertToIntTest" name="testConvertToInt" time="0.001"/>
  <testcase classname="test.jwd.task01basic.service.ConvertToIntTest" name="testConvertToInt" time="0.001"/>
  <testcase classname="test.jwd.task01basic.service.ConvertToIntTest" name="testConvertToInt" time="0.0"/>
  <testcase classname="test.jwd.task01basic.service.ConvertToIntTest" name="testConvertToInt" time="0.001"/>
  <testcase classname="test.jwd.task01basic.service.ConvertToIntTest" name="testConvertToInt" time="0.0"/>
  <testcase classname="test.jwd.task01basic.service.ConvertToIntTest" name="testConvertToInt" time="0.001"/>
  <testcase classname="test.jwd.task01basic.service.ConvertToCharTest" name="testConvertToChar" time="0.001"/>
  <testcase classname="test.jwd.task01basic.service.ConvertToCharTest" name="testConvertToChar" time="0.001"/>
  <testcase classname="test.jwd.task01basic.service.ConvertToCharTest" name="testConvertToChar" time="0.001"/>
  <testcase classname="test.jwd.task01basic.service.ConvertToCharTest" name="testConvertToChar" time="0.0"/>
  <testcase classname="test.jwd.task01basic.service.ConvertToCharTest" name="testConvertToChar" time="0.0"/>
  <testcase classname="test.jwd.task01basic.service.ConvertToCharTest" name="testConvertToChar" time="0.001"/>
  <testcase classname="test.jwd.task01basic.service.RectangleAreaTest" name="testAreaCalculation" time="0.001"/>
  <testcase classname="test.jwd.task01basic.service.RectangleAreaTest" name="testAreaCalculation" time="0.0"/>
  <testcase classname="test.jwd.task01basic.service.RectangleAreaTest" name="testAreaCalculation" time="0.001"/>
  <testcase classname="test.jwd.task01basic.service.RectangleAreaTest" name="testAreaCalculation" time="0.0"/>
  <testcase classname="test.jwd.task01basic.service.RectangleAreaTest" name="testAreaCalculation" time="0.001"/>
  <testcase classname="test.jwd.task01basic.service.PhysicsTest" name="testDistance" time="0.001"/>
  <testcase classname="test.jwd.task01basic.service.PhysicsTest" name="testDistance" time="0.001"/>
  <testcase classname="test.jwd.task01basic.service.PhysicsTest" name="testDistance" time="0.001"/>
  <testcase classname="test.jwd.task01basic.service.PhysicsTest" name="testDistance" time="0.001"/>
  <testcase classname="test.jwd.task01basic.service.PhysicsTest" name="testDistance" time="0.001"/>
  <testcase classname="test.jwd.task01basic.service.PhysicsTest" name="testDistance" time="0.001"/>
  <testcase classname="test.jwd.task01basic.service.PhysicsTest" name="testDistance" time="0.001"/>
  <testcase classname="test.jwd.task01basic.service.TriangleAreaTest" name="testAreaCalculation" time="0.001"/>
  <testcase classname="test.jwd.task01basic.service.TriangleAreaTest" name="testAreaCalculation" time="0.0"/>
  <testcase classname="test.jwd.task01basic.service.TriangleAreaTest" name="testAreaCalculation" time="0.001"/>
  <testcase classname="test.jwd.task01basic.service.TriangleAreaTest" name="testAreaCalculation" time="0.001"/>
  <testcase classname="test.jwd.task01basic.service.TriangleHeightTest" name="testHeightCalculation" time="0.001"/>
  <testcase classname="test.jwd.task01basic.service.TriangleHeightTest" name="testHeightCalculation" time="0.001"/>
  <testcase classname="test.jwd.task01basic.service.TriangleHeightTest" name="testHeightCalculation" time="0.0"/>
  <testcase classname="test.jwd.task01basic.service.TriangleHeightTest" name="testHeightCalculation" time="0.001"/>
  <testcase classname="test.jwd.task01basic.service.TriangleHeightTest" name="testHeightCalculation" time="0.001"/>
  <testcase classname="test.jwd.task01basic.service.TriangleRadiusInTest" name="testRadiusInCalculation" time="0.001"/>
  <testcase classname="test.jwd.task01basic.service.TriangleRadiusInTest" name="testRadiusInCalculation" time="0.0"/>
  <testcase classname="test.jwd.task01basic.service.TriangleRadiusInTest" name="testRadiusInCalculation" time="0.0"/>
  <testcase classname="test.jwd.task01basic.service.TriangleRadiusInTest" name="testRadiusInCalculation" time="0.0"/>
  <testcase classname="test.jwd.task01basic.service.TriangleRadiusInTest" name="testRadiusInCalculation" time="0.001"/>
  <testcase classname="test.jwd.task01basic.service.TriangleRadiusOutTest" name="testRadiusOutCalculation" time="0.0"/>
  <testcase classname="test.jwd.task01basic.service.TriangleRadiusOutTest" name="testRadiusOutCalculation" time="0.001"/>
  <testcase classname="test.jwd.task01basic.service.TriangleRadiusOutTest" name="testRadiusOutCalculation" time="0.001"/>
  <testcase classname="test.jwd.task01basic.service.TriangleRadiusOutTest" name="testRadiusOutCalculation" time="0.001"/>
  <testcase classname="test.jwd.task01basic.service.TriangleRadiusOutTest" name="testRadiusOutCalculation" time="0.001"/>
  <testcase classname="test.jwd.task01basic.service.DoesBrickFitRectangleTest" name="testBrickAndRectangle" time="0.0"/>
  <testcase classname="test.jwd.task01basic.service.DoesBrickFitRectangleTest" name="testBrickAndRectangle" time="0.001"/>
  <testcase classname="test.jwd.task01basic.service.DoesBrickFitRectangleTest" name="testBrickAndRectangle" time="0.0"/>
  <testcase classname="test.jwd.task01basic.service.DoesBrickFitRectangleTest" name="testBrickAndRectangle" time="0.0"/>
  <testcase classname="test.jwd.task01basic.service.DoesBrickFitRectangleTest" name="testBrickAndRectangle" time="0.001"/>
  <testcase classname="test.jwd.task01basic.service.AbsValueOfExpressionTest" name="testAbsValueOfExpression" time="0.001"/>
  <testcase classname="test.jwd.task01basic.service.AbsValueOfExpressionTest" name="testAbsValueOfExpression" time="0.001"/>
  <testcase classname="test.jwd.task01basic.service.AbsValueOfExpressionTest" name="testAbsValueOfExpression" time="0.001"/>
  <testcase classname="test.jwd.task01basic.service.AbsValueOfExpressionTest" name="testAbsValueOfExpression" time="0.001"/>
  <testcase classname="test.jwd.task01basic.service.AbsValueOfExpressionTest" name="testAbsValueOfExpression" time="0.001"/>
  <testcase classname="test.jwd.task01basic.service.AbsValueOfExpressionTest" name="testAbsValueOfExpression" time="0.0"/>
  <testcase classname="test.jwd.task01basic.service.AbsValueOfExpressionTest" name="testAbsValueOfExpression" time="0.0"/>
  <testcase classname="test.jwd.task01basic.service.SumOfOddNumberTest" name="testSumOfOddNumber" time="0.0"/>
  <testcase classname="test.jwd.task01basic.service.QuantityOfPositiveNumberTest" name="testDataForQuantityOfPositiveNumber" time="0.0"/>
  <testcase classname="test.jwd.task01basic.service.QuantityOfPositiveNumberTest" name="testDataForQuantityOfPositiveNumber" time="0.001"/>
  <testcase classname="test.jwd.task01basic.service.QuantityOfPositiveNumberTest" name="testDataForQuantityOfPositiveNumber" time="0.001"/>
  <testcase classname="test.jwd.task01basic.service.QuantityOfPositiveNumberTest" name="testDataForQuantityOfPositiveNumber" time="0.0"/>
  <testcase classname="test.jwd.task01basic.service.QuantityOfPositiveNumberTest" name="testDataForQuantityOfPositiveNumber" time="0.0"/>
  <testcase classname="test.jwd.task01basic.service.QuantityOfPositiveNumberTest" name="testDataForQuantityOfPositiveNumber" time="0.001"/>
  <testcase classname="test.jwd.task01basic.service.QuantityOfPositiveNumberTest" name="testDataForQuantityOfPositiveNumber" time="0.001"/>
  <testcase classname="test.jwd.task01basic.service.QuantityOfPositiveNumberTest" name="testDataForQuantityOfPositiveNumber" time="0.0"/>
  <testcase classname="test.jwd.task01basic.service.QuantityOfPositiveNumberTest" name="testDataForQuantityOfPositiveNumber" time="0.0"/>
  <testcase classname="test.jwd.task01basic.service.QuantityOfPositiveNumberTest" name="testDataForQuantityOfPositiveNumber" time="0.001"/>
  <testcase classname="test.jwd.task01basic.service.QuantityOfPositiveNumberTest" name="testDataForQuantityOfPositiveNumber" time="0.0"/>
</testsuite> <!-- CheckGroup -->
