<?xml version="1.0" encoding="UTF-8"?>
<!-- Generated by org.testng.reporters.JUnitXMLReporter -->
<testsuite ignored="0" hostname="WIN-JD5AAM1B6TV" failures="0" tests="121" name="CheckGroup" time="0.268" errors="0" timestamp="2021-12-05T20:58:15 MSK">
  <testcase classname="test.jwd.task01basic.service.AverageOfTwoNumberTest" name="testCalculationAverage" time="0.009"/>
  <testcase classname="test.jwd.task01basic.service.AverageOfTwoNumberTest" name="testCalculationAverage" time="0.002"/>
  <testcase classname="test.jwd.task01basic.service.AverageOfTwoNumberTest" name="testCalculationAverage" time="0.001"/>
  <testcase classname="test.jwd.task01basic.service.AverageOfTwoNumberTest" name="testCalculationAverage" time="0.001"/>
  <testcase classname="test.jwd.task01basic.service.AverageOfTwoNumberTest" name="testCalculationAverage" time="0.001"/>
  <testcase classname="test.jwd.task01basic.service.AverageOfTwoNumberTest" name="testCalculationAverage" time="0.001"/>
  <testcase classname="test.jwd.task01basic.service.AverageOfTwoNumberTest" name="testCalculationAverage" time="0.005"/>
  <testcase classname="test.jwd.task01basic.service.AverageOfTwoNumberTest" name="testCalculationAverage" time="0.001"/>
  <testcase classname="test.jwd.task01basic.service.AverageOfTwoNumberTest" name="testCalculationAverage" time="0.001"/>
  <testcase classname="test.jwd.task01basic.service.AverageOfTwoNumberTest" name="testCalculationAverage" time="0.001"/>
  <testcase classname="test.jwd.task01basic.service.AverageOfTwoNumberTest" name="testCalculationAverage" time="0.001"/>
  <testcase classname="test.jwd.task01basic.service.ConvertToIntTest" name="testConvertToInt" time="0.001"/>
  <testcase classname="test.jwd.task01basic.service.ConvertToIntTest" name="testConvertToInt" time="0.001"/>
  <testcase classname="test.jwd.task01basic.service.ConvertToIntTest" name="testConvertToInt" time="0.001"/>
  <testcase classname="test.jwd.task01basic.service.ConvertToIntTest" name="testConvertToInt" time="0.001"/>
  <testcase classname="test.jwd.task01basic.service.ConvertToIntTest" name="testConvertToInt" time="0.001"/>
  <testcase classname="test.jwd.task01basic.service.ConvertToIntTest" name="testConvertToInt" time="0.001"/>
  <testcase classname="test.jwd.task01basic.service.ConvertToIntTest" name="testConvertToInt" time="0.0"/>
  <testcase classname="test.jwd.task01basic.service.ConvertToCharTest" name="testConvertToChar" time="0.001"/>
  <testcase classname="test.jwd.task01basic.service.ConvertToCharTest" name="testConvertToChar" time="0.001"/>
  <testcase classname="test.jwd.task01basic.service.ConvertToCharTest" name="testConvertToChar" time="0.001"/>
  <testcase classname="test.jwd.task01basic.service.ConvertToCharTest" name="testConvertToChar" time="0.001"/>
  <testcase classname="test.jwd.task01basic.service.ConvertToCharTest" name="testConvertToChar" time="0.001"/>
  <testcase classname="test.jwd.task01basic.service.ConvertToCharTest" name="testConvertToChar" time="0.001"/>
  <testcase classname="test.jwd.task01basic.service.RectangleAreaTest" name="testAreaCalculation" time="0.001"/>
  <testcase classname="test.jwd.task01basic.service.RectangleAreaTest" name="testAreaCalculation" time="0.0"/>
  <testcase classname="test.jwd.task01basic.service.RectangleAreaTest" name="testAreaCalculation" time="0.001"/>
  <testcase classname="test.jwd.task01basic.service.RectangleAreaTest" name="testAreaCalculation" time="0.0"/>
  <testcase classname="test.jwd.task01basic.service.RectangleAreaTest" name="testAreaCalculation" time="0.001"/>
  <testcase classname="test.jwd.task01basic.service.PhysicsTest" name="testDistance" time="0.001"/>
  <testcase classname="test.jwd.task01basic.service.PhysicsTest" name="testDistance" time="0.0"/>
  <testcase classname="test.jwd.task01basic.service.PhysicsTest" name="testDistance" time="0.001"/>
  <testcase classname="test.jwd.task01basic.service.PhysicsTest" name="testDistance" time="0.001"/>
  <testcase classname="test.jwd.task01basic.service.PhysicsTest" name="testDistance" time="0.001"/>
  <testcase classname="test.jwd.task01basic.service.PhysicsTest" name="testDistance" time="0.0"/>
  <testcase classname="test.jwd.task01basic.service.PhysicsTest" name="testDistance" time="0.0"/>
  <testcase classname="test.jwd.task01basic.service.TriangleAreaTest" name="testAreaCalculationNeg" time="0.007"/>
  <testcase classname="test.jwd.task01basic.service.TriangleAreaTest" name="testAreaCalculationNeg" time="0.001"/>
  <testcase classname="test.jwd.task01basic.service.TriangleAreaTest" name="testAreaCalculationNeg" time="0.002"/>
  <testcase classname="test.jwd.task01basic.service.TriangleAreaTest" name="testAreaCalculationPos" time="0.001"/>
  <testcase classname="test.jwd.task01basic.service.TriangleAreaTest" name="testAreaCalculationPos" time="0.001"/>
  <testcase classname="test.jwd.task01basic.service.TriangleAreaTest" name="testAreaCalculationPos" time="0.001"/>
  <testcase classname="test.jwd.task01basic.service.TriangleAreaTest" name="testAreaCalculationPos" time="0.0"/>
  <testcase classname="test.jwd.task01basic.service.TriangleHeightTest" name="testHeightCalculation" time="0.001"/>
  <testcase classname="test.jwd.task01basic.service.TriangleHeightTest" name="testHeightCalculation" time="0.001"/>
  <testcase classname="test.jwd.task01basic.service.TriangleHeightTest" name="testHeightCalculation" time="0.001"/>
  <testcase classname="test.jwd.task01basic.service.TriangleHeightTest" name="testHeightCalculation" time="0.001"/>
  <testcase classname="test.jwd.task01basic.service.TriangleHeightTest" name="testHeightCalculation" time="0.001"/>
  <testcase classname="test.jwd.task01basic.service.TriangleRadiusInTest" name="testRadiusInCalculation" time="0.001"/>
  <testcase classname="test.jwd.task01basic.service.TriangleRadiusInTest" name="testRadiusInCalculation" time="0.0"/>
  <testcase classname="test.jwd.task01basic.service.TriangleRadiusInTest" name="testRadiusInCalculation" time="0.0"/>
  <testcase classname="test.jwd.task01basic.service.TriangleRadiusInTest" name="testRadiusInCalculation" time="0.0"/>
  <testcase classname="test.jwd.task01basic.service.TriangleRadiusInTest" name="testRadiusInCalculation" time="0.0"/>
  <testcase classname="test.jwd.task01basic.service.TriangleRadiusOutTest" name="testRadiusOutCalculation" time="0.001"/>
  <testcase classname="test.jwd.task01basic.service.TriangleRadiusOutTest" name="testRadiusOutCalculation" time="0.001"/>
  <testcase classname="test.jwd.task01basic.service.TriangleRadiusOutTest" name="testRadiusOutCalculation" time="0.0"/>
  <testcase classname="test.jwd.task01basic.service.TriangleRadiusOutTest" name="testRadiusOutCalculation" time="0.001"/>
  <testcase classname="test.jwd.task01basic.service.TriangleRadiusOutTest" name="testRadiusOutCalculation" time="0.001"/>
  <testcase classname="test.jwd.task01basic.service.DoesBrickFitRectangleTest" name="testNegBrickAndRectangle" time="0.002"/>
  <testcase classname="test.jwd.task01basic.service.DoesBrickFitRectangleTest" name="testNegBrickAndRectangle" time="0.001"/>
  <testcase classname="test.jwd.task01basic.service.DoesBrickFitRectangleTest" name="testNegBrickAndRectangle" time="0.001"/>
  <testcase classname="test.jwd.task01basic.service.DoesBrickFitRectangleTest" name="testNegBrickAndRectangle" time="0.001"/>
  <testcase classname="test.jwd.task01basic.service.DoesBrickFitRectangleTest" name="testNegBrickAndRectangle" time="0.001"/>
  <testcase classname="test.jwd.task01basic.service.DoesBrickFitRectangleTest" name="testNegBrickAndRectangle" time="0.001"/>
  <testcase classname="test.jwd.task01basic.service.DoesBrickFitRectangleTest" name="testPosBrickAndRectangle" time="0.001"/>
  <testcase classname="test.jwd.task01basic.service.DoesBrickFitRectangleTest" name="testPosBrickAndRectangle" time="0.0"/>
  <testcase classname="test.jwd.task01basic.service.DoesBrickFitRectangleTest" name="testPosBrickAndRectangle" time="0.001"/>
  <testcase classname="test.jwd.task01basic.service.DoesBrickFitRectangleTest" name="testPosBrickAndRectangle" time="0.001"/>
  <testcase classname="test.jwd.task01basic.service.DoesBrickFitRectangleTest" name="testPosBrickAndRectangle" time="0.001"/>
  <testcase classname="test.jwd.task01basic.service.AbsValueOfExpressionTest" name="testAbsValueOfExpression" time="0.001"/>
  <testcase classname="test.jwd.task01basic.service.AbsValueOfExpressionTest" name="testAbsValueOfExpression" time="0.0"/>
  <testcase classname="test.jwd.task01basic.service.AbsValueOfExpressionTest" name="testAbsValueOfExpression" time="0.001"/>
  <testcase classname="test.jwd.task01basic.service.AbsValueOfExpressionTest" name="testAbsValueOfExpression" time="0.001"/>
  <testcase classname="test.jwd.task01basic.service.AbsValueOfExpressionTest" name="testAbsValueOfExpression" time="0.0"/>
  <testcase classname="test.jwd.task01basic.service.AbsValueOfExpressionTest" name="testAbsValueOfExpression" time="0.0"/>
  <testcase classname="test.jwd.task01basic.service.AbsValueOfExpressionTest" name="testAbsValueOfExpression" time="0.001"/>
  <testcase classname="test.jwd.task01basic.service.SumOfOddNumberTest" name="testSumOfOddNumber" time="0.0"/>
  <testcase classname="test.jwd.task01basic.service.QuantityOfPositiveNumberTest" name="testDataForQuantityOfPositiveNumber" time="0.0"/>
  <testcase classname="test.jwd.task01basic.service.QuantityOfPositiveNumberTest" name="testDataForQuantityOfPositiveNumber" time="0.0"/>
  <testcase classname="test.jwd.task01basic.service.QuantityOfPositiveNumberTest" name="testDataForQuantityOfPositiveNumber" time="0.0"/>
  <testcase classname="test.jwd.task01basic.service.QuantityOfPositiveNumberTest" name="testDataForQuantityOfPositiveNumber" time="0.0"/>
  <testcase classname="test.jwd.task01basic.service.QuantityOfPositiveNumberTest" name="testDataForQuantityOfPositiveNumber" time="0.001"/>
  <testcase classname="test.jwd.task01basic.service.QuantityOfPositiveNumberTest" name="testDataForQuantityOfPositiveNumber" time="0.0"/>
  <testcase classname="test.jwd.task01basic.service.QuantityOfPositiveNumberTest" name="testDataForQuantityOfPositiveNumber" time="0.001"/>
  <testcase classname="test.jwd.task01basic.service.QuantityOfPositiveNumberTest" name="testDataForQuantityOfPositiveNumber" time="0.001"/>
  <testcase classname="test.jwd.task01basic.service.QuantityOfPositiveNumberTest" name="testDataForQuantityOfPositiveNumber" time="0.001"/>
  <testcase classname="test.jwd.task01basic.service.QuantityOfPositiveNumberTest" name="testDataForQuantityOfPositiveNumber" time="0.0"/>
  <testcase classname="test.jwd.task01basic.service.QuantityOfPositiveNumberTest" name="testDataForQuantityOfPositiveNumber" time="0.0"/>
  <testcase classname="test.jwd.task01basic.service.SumOfPositiveRowMemberTest" name="testSumOfPositive" time="0.001"/>
  <testcase classname="test.jwd.task01basic.service.SumOfPositiveRowMemberTest" name="testSumOfPositive" time="0.0"/>
  <testcase classname="test.jwd.task01basic.service.SumOfPositiveRowMemberTest" name="testSumOfPositive" time="0.0"/>
  <testcase classname="test.jwd.task01basic.service.SumOfPositiveRowMemberTest" name="testSumOfPositive" time="0.0"/>
  <testcase classname="test.jwd.task01basic.service.SumOfPositiveRowMemberTest" name="testSumOfPositive" time="0.0"/>
  <testcase classname="test.jwd.task01basic.service.SumOfPositiveRowMemberTest" name="testSumOfPositive" time="0.0"/>
  <testcase classname="test.jwd.task01basic.service.SumOfPositiveRowMemberTest" name="testSumOfPositive" time="0.002"/>
  <testcase classname="test.jwd.task01basic.service.MinOfTwoNumberTest" name="testMinOfTwo" time="0.0"/>
  <testcase classname="test.jwd.task01basic.service.MinOfTwoNumberTest" name="testMinOfTwo" time="0.001"/>
  <testcase classname="test.jwd.task01basic.service.MinOfTwoNumberTest" name="testMinOfTwo" time="0.002"/>
  <testcase classname="test.jwd.task01basic.service.MinOfTwoNumberTest" name="testMinOfTwo" time="0.0"/>
  <testcase classname="test.jwd.task01basic.service.MinOfTwoNumberTest" name="testMinOfTwo" time="0.001"/>
  <testcase classname="test.jwd.task01basic.service.MinOfTwoNumberTest" name="testMinOfTwo" time="0.001"/>
  <testcase classname="test.jwd.task01basic.service.FunctionValueTest" name="test1FunctionValue" time="0.002"/>
  <testcase classname="test.jwd.task01basic.service.FunctionValueTest" name="test2FunctionValue" time="0.0"/>
  <testcase classname="test.jwd.task01basic.service.FunctionValueTest" name="test3FunctionValue" time="0.001"/>
  <testcase classname="test.jwd.task01basic.service.AccessByPasswordTest" name="testAccessByPassword" time="0.001"/>
  <testcase classname="test.jwd.task01basic.service.AccessByPasswordTest" name="testAccessByPassword" time="0.0"/>
  <testcase classname="test.jwd.task01basic.service.AccessByPasswordTest" name="testAccessByPassword" time="0.0"/>
  <testcase classname="test.jwd.task01basic.service.AccessByPasswordTest" name="testAccessByPassword" time="0.001"/>
  <testcase classname="test.jwd.task01basic.service.AccessByPasswordTest" name="testAccessByPassword" time="0.001"/>
  <testcase classname="test.jwd.task01basic.service.AccessByPasswordTest" name="testAccessByPassword" time="0.0"/>
  <testcase classname="test.jwd.task01basic.service.AccessByPasswordTest" name="testAccessByPassword" time="0.0"/>
  <testcase classname="test.jwd.task01basic.service.MaxDigitOfNumberTest" name="testMaxDigitOfNumberNeg" time="0.002"/>
  <testcase classname="test.jwd.task01basic.service.MaxDigitOfNumberTest" name="testMaxDigitOfNumberNeg" time="0.002"/>
  <testcase classname="test.jwd.task01basic.service.MaxDigitOfNumberTest" name="testMaxDigitOfNumberNeg" time="0.001"/>
  <testcase classname="test.jwd.task01basic.service.MaxDigitOfNumberTest" name="testMaxDigitOfNumberPos" time="0.0"/>
  <testcase classname="test.jwd.task01basic.service.MaxDigitOfNumberTest" name="testMaxDigitOfNumberPos" time="0.001"/>
  <testcase classname="test.jwd.task01basic.service.MaxDigitOfNumberTest" name="testMaxDigitOfNumberPos" time="0.0"/>
  <testcase classname="test.jwd.task01basic.service.MaxDigitOfNumberTest" name="testMaxDigitOfNumberPos" time="0.0"/>
  <testcase classname="test.jwd.task01basic.service.SwapExtraTaskTest" name="testSwapExtraTask1" time="0.0"/>
  <testcase classname="test.jwd.task01basic.service.SwapExtraTaskTest" name="testSwapExtraTask2" time="0.002"/>
  <testcase classname="test.jwd.task01basic.service.SwapExtraTaskTest" name="testSwapExtraTask3" time="0.0"/>
</testsuite> <!-- CheckGroup -->
