<?xml version="1.0" encoding="UTF-8"?>
<!-- Generated by org.testng.reporters.JUnitXMLReporter -->
<testsuite ignored="0" hostname="WIN-JD5AAM1B6TV" failures="0" tests="12" name="Default test" time="1.044" errors="0" timestamp="2022-02-19T22:06:08 MSK">
  <testcase classname="task06infohandling.InterpreterTest" name="testInterpreter" time="0.489"/>
  <testcase classname="task06infohandling.InterpreterTest" name="testInterpreter" time="0.015"/>
  <testcase classname="task06infohandling.InterpreterTest" name="testInterpreter" time="0.013"/>
  <testcase classname="task06infohandling.InterpreterTest" name="testInterpreter" time="0.011"/>
  <testcase classname="task06infohandling.InterpreterTest" name="testInterpreter" time="0.011"/>
  <testcase classname="task06infohandling.InterpreterTest" name="testInterpreter" time="0.091"/>
  <testcase classname="task06infohandling.InterpreterTest" name="testInterpreter" time="0.087"/>
  <testcase classname="task06infohandling.InterpreterTest" name="testInterpreter" time="0.01"/>
  <testcase classname="task06infohandling.InterpreterTest" name="testInterpreter" time="0.038"/>
  <testcase classname="task06infohandling.InterpreterTest" name="testInterpreter" time="0.029"/>
  <testcase classname="task06infohandling.InterpreterTest" name="testInterpreter" time="0.07"/>
  <testcase classname="task06infohandling.InterpreterTest" name="testInterpreter" time="0.129"/>
</testsuite> <!-- Default test -->
