<?xml version="1.0" encoding="UTF-8"?>
<testng-results ignored="0" total="12" passed="12" failed="0" skipped="0">
  <reporter-output>
  </reporter-output>
  <suite started-at="2022-02-19T22:06:07 MSK" name="Default suite" finished-at="2022-02-19T22:06:08 MSK" duration-ms="1044">
    <groups>
      <group name="infoHandler">
        <method signature="InterpreterTest.testInterpreter(java.lang.String,int)[pri:0, instance:task06infohandling.InterpreterTest@34f7cfd9]" name="testInterpreter" class="task06infohandling.InterpreterTest"/>
      </group> <!-- infoHandler -->
    </groups>
    <test started-at="2022-02-19T22:06:07 MSK" name="Default test" finished-at="2022-02-19T22:06:08 MSK" duration-ms="1044">
      <class name="task06infohandling.InterpreterTest">
        <test-method signature="testInterpreter(java.lang.String,int)[pri:0, instance:task06infohandling.InterpreterTest@34f7cfd9]" started-at="2022-02-19T22:06:07 MSK" name="testInterpreter" data-provider="DataForInterpreter" finished-at="2022-02-19T22:06:07 MSK" duration-ms="489" status="PASS">
          <params>
            <param index="0">
              <value>
                <![CDATA[3&5]]>
              </value>
            </param>
            <param index="1">
              <value>
                <![CDATA[1]]>
              </value>
            </param>
          </params>
          <reporter-output>
          </reporter-output>
        </test-method> <!-- testInterpreter -->
        <test-method signature="testInterpreter(java.lang.String,int)[pri:0, instance:task06infohandling.InterpreterTest@34f7cfd9]" started-at="2022-02-19T22:06:07 MSK" name="testInterpreter" data-provider="DataForInterpreter" finished-at="2022-02-19T22:06:07 MSK" duration-ms="15" status="PASS">
          <params>
            <param index="0">
              <value>
                <![CDATA[2>>4]]>
              </value>
            </param>
            <param index="1">
              <value>
                <![CDATA[0]]>
              </value>
            </param>
          </params>
          <reporter-output>
          </reporter-output>
        </test-method> <!-- testInterpreter -->
        <test-method signature="testInterpreter(java.lang.String,int)[pri:0, instance:task06infohandling.InterpreterTest@34f7cfd9]" started-at="2022-02-19T22:06:07 MSK" name="testInterpreter" data-provider="DataForInterpreter" finished-at="2022-02-19T22:06:07 MSK" duration-ms="13" status="PASS">
          <params>
            <param index="0">
              <value>
                <![CDATA[2<<4]]>
              </value>
            </param>
            <param index="1">
              <value>
                <![CDATA[32]]>
              </value>
            </param>
          </params>
          <reporter-output>
          </reporter-output>
        </test-method> <!-- testInterpreter -->
        <test-method signature="testInterpreter(java.lang.String,int)[pri:0, instance:task06infohandling.InterpreterTest@34f7cfd9]" started-at="2022-02-19T22:06:07 MSK" name="testInterpreter" data-provider="DataForInterpreter" finished-at="2022-02-19T22:06:07 MSK" duration-ms="11" status="PASS">
          <params>
            <param index="0">
              <value>
                <![CDATA[3|4]]>
              </value>
            </param>
            <param index="1">
              <value>
                <![CDATA[7]]>
              </value>
            </param>
          </params>
          <reporter-output>
          </reporter-output>
        </test-method> <!-- testInterpreter -->
        <test-method signature="testInterpreter(java.lang.String,int)[pri:0, instance:task06infohandling.InterpreterTest@34f7cfd9]" started-at="2022-02-19T22:06:07 MSK" name="testInterpreter" data-provider="DataForInterpreter" finished-at="2022-02-19T22:06:07 MSK" duration-ms="11" status="PASS">
          <params>
            <param index="0">
              <value>
                <![CDATA[~5]]>
              </value>
            </param>
            <param index="1">
              <value>
                <![CDATA[-6]]>
              </value>
            </param>
          </params>
          <reporter-output>
          </reporter-output>
        </test-method> <!-- testInterpreter -->
        <test-method signature="testInterpreter(java.lang.String,int)[pri:0, instance:task06infohandling.InterpreterTest@34f7cfd9]" started-at="2022-02-19T22:06:07 MSK" name="testInterpreter" data-provider="DataForInterpreter" finished-at="2022-02-19T22:06:07 MSK" duration-ms="91" status="PASS">
          <params>
            <param index="0">
              <value>
                <![CDATA[5|(1&2&(3|(4&(25^5|6&47)|3)|2)|1)]]>
              </value>
            </param>
            <param index="1">
              <value>
                <![CDATA[5]]>
              </value>
            </param>
          </params>
          <reporter-output>
          </reporter-output>
        </test-method> <!-- testInterpreter -->
        <test-method signature="testInterpreter(java.lang.String,int)[pri:0, instance:task06infohandling.InterpreterTest@34f7cfd9]" started-at="2022-02-19T22:06:07 MSK" name="testInterpreter" data-provider="DataForInterpreter" finished-at="2022-02-19T22:06:08 MSK" duration-ms="87" status="PASS">
          <params>
            <param index="0">
              <value>
                <![CDATA[8^5]]>
              </value>
            </param>
            <param index="1">
              <value>
                <![CDATA[13]]>
              </value>
            </param>
          </params>
          <reporter-output>
          </reporter-output>
        </test-method> <!-- testInterpreter -->
        <test-method signature="testInterpreter(java.lang.String,int)[pri:0, instance:task06infohandling.InterpreterTest@34f7cfd9]" started-at="2022-02-19T22:06:08 MSK" name="testInterpreter" data-provider="DataForInterpreter" finished-at="2022-02-19T22:06:08 MSK" duration-ms="10" status="PASS">
          <params>
            <param index="0">
              <value>
                <![CDATA[13<<2]]>
              </value>
            </param>
            <param index="1">
              <value>
                <![CDATA[52]]>
              </value>
            </param>
          </params>
          <reporter-output>
          </reporter-output>
        </test-method> <!-- testInterpreter -->
        <test-method signature="testInterpreter(java.lang.String,int)[pri:0, instance:task06infohandling.InterpreterTest@34f7cfd9]" started-at="2022-02-19T22:06:08 MSK" name="testInterpreter" data-provider="DataForInterpreter" finished-at="2022-02-19T22:06:08 MSK" duration-ms="38" status="PASS">
          <params>
            <param index="0">
              <value>
                <![CDATA[30>>>3]]>
              </value>
            </param>
            <param index="1">
              <value>
                <![CDATA[3]]>
              </value>
            </param>
          </params>
          <reporter-output>
          </reporter-output>
        </test-method> <!-- testInterpreter -->
        <test-method signature="testInterpreter(java.lang.String,int)[pri:0, instance:task06infohandling.InterpreterTest@34f7cfd9]" started-at="2022-02-19T22:06:08 MSK" name="testInterpreter" data-provider="DataForInterpreter" finished-at="2022-02-19T22:06:08 MSK" duration-ms="29" status="PASS">
          <params>
            <param index="0">
              <value>
                <![CDATA[~6&9|(3&4)]]>
              </value>
            </param>
            <param index="1">
              <value>
                <![CDATA[9]]>
              </value>
            </param>
          </params>
          <reporter-output>
          </reporter-output>
        </test-method> <!-- testInterpreter -->
        <test-method signature="testInterpreter(java.lang.String,int)[pri:0, instance:task06infohandling.InterpreterTest@34f7cfd9]" started-at="2022-02-19T22:06:08 MSK" name="testInterpreter" data-provider="DataForInterpreter" finished-at="2022-02-19T22:06:08 MSK" duration-ms="70" status="PASS">
          <params>
            <param index="0">
              <value>
                <![CDATA[(~71&(2&3|(3|(2&1>>2|2)&2)|10&2))|78]]>
              </value>
            </param>
            <param index="1">
              <value>
                <![CDATA[78]]>
              </value>
            </param>
          </params>
          <reporter-output>
          </reporter-output>
        </test-method> <!-- testInterpreter -->
        <test-method signature="testInterpreter(java.lang.String,int)[pri:0, instance:task06infohandling.InterpreterTest@34f7cfd9]" started-at="2022-02-19T22:06:08 MSK" name="testInterpreter" data-provider="DataForInterpreter" finished-at="2022-02-19T22:06:08 MSK" duration-ms="129" status="PASS">
          <params>
            <param index="0">
              <value>
                <![CDATA[(8^5|1&2<<(2|5>>2&71))|1200]]>
              </value>
            </param>
            <param index="1">
              <value>
                <![CDATA[1213]]>
              </value>
            </param>
          </params>
          <reporter-output>
          </reporter-output>
        </test-method> <!-- testInterpreter -->
      </class> <!-- task06infohandling.InterpreterTest -->
    </test> <!-- Default test -->
  </suite> <!-- Default suite -->
</testng-results>
