<?xml version="1.0" encoding="UTF-8"?>
<!-- Generated by org.testng.reporters.JUnitXMLReporter -->
<testsuite hostname="WIN-JD5AAM1B6TV" failures="0" tests="3" name="Default test" time="0.56" errors="0" timestamp="26 Mar 2022 19:32:54 GMT">
  <testcase classname="by.jwd.task07xmlparser.DomParserTest" name="testDomParser" time="0.101"/>
  <testcase classname="by.jwd.task07xmlparser.SaxParserTest" name="testSaxParser" time="0.034"/>
  <testcase classname="by.jwd.task07xmlparser.StaxParserTest" name="testStaxParser" time="0.024"/>
</testsuite> <!-- Default test -->
