<?xml version="1.0" encoding="UTF-8"?>
<!-- Generated by org.testng.reporters.JUnitXMLReporter -->
<testsuite ignored="0" hostname="WIN-JD5AAM1B6TV" failures="0" tests="56" name="test.jwd.task02array" time="0.421" errors="0" timestamp="2021-12-16T23:56:04 MSK">
  <testcase classname="test.jwd.task02array.BubbleSortTest" name="testDataForArraySorting" time="0.008"/>
  <testcase classname="test.jwd.task02array.BubbleSortTest" name="testDataForArraySorting" time="0.002"/>
  <testcase classname="test.jwd.task02array.BubbleSortTest" name="testDataForArraySorting" time="0.002"/>
  <testcase classname="test.jwd.task02array.BubbleSortTest" name="testDataForArraySorting" time="0.001"/>
  <testcase classname="test.jwd.task02array.BubbleSortTest" name="testDataForArraySorting" time="0.002"/>
  <testcase classname="test.jwd.task02array.BubbleSortTest" name="testDataForArraySorting" time="0.002"/>
  <testcase classname="test.jwd.task02array.BubbleSortTest" name="testDataForArraySorting" time="0.001"/>
  <testcase classname="test.jwd.task02array.BubbleSortTest" name="testDataForArraySorting" time="0.001"/>
  <testcase classname="test.jwd.task02array.InsertionSortByAddressCalculationTest" name="testDataForArraySorting" time="0.002"/>
  <testcase classname="test.jwd.task02array.InsertionSortByAddressCalculationTest" name="testDataForArraySorting" time="0.001"/>
  <testcase classname="test.jwd.task02array.InsertionSortByAddressCalculationTest" name="testDataForArraySorting" time="0.001"/>
  <testcase classname="test.jwd.task02array.InsertionSortByAddressCalculationTest" name="testDataForArraySorting" time="0.001"/>
  <testcase classname="test.jwd.task02array.InsertionSortByAddressCalculationTest" name="testDataForArraySorting" time="0.001"/>
  <testcase classname="test.jwd.task02array.InsertionSortByAddressCalculationTest" name="testDataForArraySorting" time="0.001"/>
  <testcase classname="test.jwd.task02array.InsertionSortByAddressCalculationTest" name="testDataForArraySorting" time="0.001"/>
  <testcase classname="test.jwd.task02array.InsertionSortByAddressCalculationTest" name="testDataForArraySorting" time="0.001"/>
  <testcase classname="test.jwd.task02array.InsertionSortTest" name="testDataForArraySorting" time="0.001"/>
  <testcase classname="test.jwd.task02array.InsertionSortTest" name="testDataForArraySorting" time="0.001"/>
  <testcase classname="test.jwd.task02array.InsertionSortTest" name="testDataForArraySorting" time="0.0"/>
  <testcase classname="test.jwd.task02array.InsertionSortTest" name="testDataForArraySorting" time="0.001"/>
  <testcase classname="test.jwd.task02array.InsertionSortTest" name="testDataForArraySorting" time="0.0"/>
  <testcase classname="test.jwd.task02array.InsertionSortTest" name="testDataForArraySorting" time="0.001"/>
  <testcase classname="test.jwd.task02array.InsertionSortTest" name="testDataForArraySorting" time="0.001"/>
  <testcase classname="test.jwd.task02array.InsertionSortTest" name="testDataForArraySorting" time="0.002"/>
  <testcase classname="test.jwd.task02array.SelectionSortTest" name="testDataForArraySorting" time="0.001"/>
  <testcase classname="test.jwd.task02array.SelectionSortTest" name="testDataForArraySorting" time="0.001"/>
  <testcase classname="test.jwd.task02array.SelectionSortTest" name="testDataForArraySorting" time="0.001"/>
  <testcase classname="test.jwd.task02array.SelectionSortTest" name="testDataForArraySorting" time="0.001"/>
  <testcase classname="test.jwd.task02array.SelectionSortTest" name="testDataForArraySorting" time="0.0"/>
  <testcase classname="test.jwd.task02array.SelectionSortTest" name="testDataForArraySorting" time="0.001"/>
  <testcase classname="test.jwd.task02array.SelectionSortTest" name="testDataForArraySorting" time="0.001"/>
  <testcase classname="test.jwd.task02array.SelectionSortTest" name="testDataForArraySorting" time="0.0"/>
  <testcase classname="test.jwd.task02array.ShakerSortTest" name="testDataForArraySorting" time="0.001"/>
  <testcase classname="test.jwd.task02array.ShakerSortTest" name="testDataForArraySorting" time="0.001"/>
  <testcase classname="test.jwd.task02array.ShakerSortTest" name="testDataForArraySorting" time="0.001"/>
  <testcase classname="test.jwd.task02array.ShakerSortTest" name="testDataForArraySorting" time="0.05"/>
  <testcase classname="test.jwd.task02array.ShakerSortTest" name="testDataForArraySorting" time="0.001"/>
  <testcase classname="test.jwd.task02array.ShakerSortTest" name="testDataForArraySorting" time="0.018"/>
  <testcase classname="test.jwd.task02array.ShakerSortTest" name="testDataForArraySorting" time="0.102"/>
  <testcase classname="test.jwd.task02array.ShakerSortTest" name="testDataForArraySorting" time="0.05"/>
  <testcase classname="test.jwd.task02array.ShellSortTest" name="testDataForArraySorting" time="0.001"/>
  <testcase classname="test.jwd.task02array.ShellSortTest" name="testDataForArraySorting" time="0.001"/>
  <testcase classname="test.jwd.task02array.ShellSortTest" name="testDataForArraySorting" time="0.002"/>
  <testcase classname="test.jwd.task02array.ShellSortTest" name="testDataForArraySorting" time="0.001"/>
  <testcase classname="test.jwd.task02array.ShellSortTest" name="testDataForArraySorting" time="0.001"/>
  <testcase classname="test.jwd.task02array.ShellSortTest" name="testDataForArraySorting" time="0.0"/>
  <testcase classname="test.jwd.task02array.ShellSortTest" name="testDataForArraySorting" time="0.001"/>
  <testcase classname="test.jwd.task02array.ShellSortTest" name="testDataForArraySorting" time="0.001"/>
  <testcase classname="test.jwd.task02array.TwoWayMergeSortTest" name="testDataForArraySorting" time="0.001"/>
  <testcase classname="test.jwd.task02array.TwoWayMergeSortTest" name="testDataForArraySorting" time="0.001"/>
  <testcase classname="test.jwd.task02array.TwoWayMergeSortTest" name="testDataForArraySorting" time="0.002"/>
  <testcase classname="test.jwd.task02array.TwoWayMergeSortTest" name="testDataForArraySorting" time="0.001"/>
  <testcase classname="test.jwd.task02array.TwoWayMergeSortTest" name="testDataForArraySorting" time="0.001"/>
  <testcase classname="test.jwd.task02array.TwoWayMergeSortTest" name="testDataForArraySorting" time="0.001"/>
  <testcase classname="test.jwd.task02array.TwoWayMergeSortTest" name="testDataForArraySorting" time="0.002"/>
  <testcase classname="test.jwd.task02array.TwoWayMergeSortTest" name="testDataForArraySorting" time="0.002"/>
</testsuite> <!-- test.jwd.task02array -->
