<?xml version="1.0" encoding="UTF-8"?>
<testng-results total="3" passed="3" failed="0" skipped="0">
  <reporter-output>
  </reporter-output>
  <suite started-at="2022-03-30T18:18:55Z" name="Default suite" finished-at="2022-03-30T18:18:55Z" duration-ms="187">
    <groups>
      <group name="service">
        <method signature="DomParserTest.testDomParser([Ljava.lang.String;, java.util.Set)[pri:0, instance:by.jwd.task07xmlparser.DomParserTest@269f4bad]" name="testDomParser" class="by.jwd.task07xmlparser.DomParserTest"/>
        <method signature="SaxParserTest.testSaxParser([Ljava.lang.String;, java.util.Set)[pri:0, instance:by.jwd.task07xmlparser.SaxParserTest@3f446bef]" name="testSaxParser" class="by.jwd.task07xmlparser.SaxParserTest"/>
        <method signature="StaxParserTest.testStaxParser([Ljava.lang.String;, java.util.Set)[pri:0, instance:by.jwd.task07xmlparser.StaxParserTest@7829b776]" name="testStaxParser" class="by.jwd.task07xmlparser.StaxParserTest"/>
      </group> <!-- service -->
    </groups>
    <test started-at="2022-03-30T18:18:55Z" name="Default test" finished-at="2022-03-30T18:18:55Z" duration-ms="187">
      <class name="by.jwd.task07xmlparser.DomParserTest">
        <test-method is-config="true" signature="beforeTest()[pri:0, instance:by.jwd.task07xmlparser.DomParserTest@269f4bad]" started-at="2022-03-30T21:18:55Z" name="beforeTest" finished-at="2022-03-30T21:18:55Z" duration-ms="14" status="PASS">
          <reporter-output>
          </reporter-output>
        </test-method> <!-- beforeTest -->
        <test-method is-config="true" signature="beforeTest()[pri:0, instance:by.jwd.task07xmlparser.SaxParserTest@3f446bef]" started-at="2022-03-30T21:18:55Z" name="beforeTest" finished-at="2022-03-30T21:18:55Z" duration-ms="0" status="PASS">
          <reporter-output>
          </reporter-output>
        </test-method> <!-- beforeTest -->
        <test-method is-config="true" signature="beforeTest()[pri:0, instance:by.jwd.task07xmlparser.StaxParserTest@7829b776]" started-at="2022-03-30T21:18:55Z" name="beforeTest" finished-at="2022-03-30T21:18:55Z" duration-ms="1" status="PASS">
          <reporter-output>
          </reporter-output>
        </test-method> <!-- beforeTest -->
        <test-method signature="testDomParser([Ljava.lang.String;, java.util.Set)[pri:0, instance:by.jwd.task07xmlparser.DomParserTest@269f4bad]" started-at="2022-03-30T21:18:55Z" name="testDomParser" data-provider="domParser" finished-at="2022-03-30T21:18:55Z" duration-ms="95" status="PASS">
          <params>
            <param index="0">
              <value>
                <![CDATA[[Ljava.lang.String;@25f9407e]]>
              </value>
            </param>
            <param index="1">
              <value>
                <![CDATA[[
Visit [id=1, client=
Client:

id: 5
login: MARKOVA
password: Uas78XWK8NI4PXz6h+b/vw==
name: Мария
surname: Маркова
role: CLIENT
patronymic: Алексеевна
e-mail: markovamarialex@gmail.com
phone: -, danceClass=
DanceClass [id=1, schedule=
Schedule [id=1, weekday=MONDAY, time=18:00, group=
Group [id=1, teacher=
Teacher:
id: 2
login: tpavlova
password: VLD1B6ane2DpKxt9PkIC9g==
name: Татьяна
surname: Павлова
role: TEACHER
dancestyle: contemporary, title=group1, level=BEG], duration=60], date=14.03.2022], status=PLANNED], 
Visit [id=2, client=
Client:

id: 6
login: nataliana
password: U0Tcja4XuTrc4I9sWAIr6w==
name: Наталья
surname: Андреева
role: CLIENT
patronymic: Николаевна
e-mail: nnandreeva85@mail.ru
phone: +375(44)789-41-78, danceClass=
DanceClass [id=1, schedule=
Schedule [id=1, weekday=MONDAY, time=18:00, group=
Group [id=1, teacher=
Teacher:
id: 2
login: tpavlova
password: VLD1B6ane2DpKxt9PkIC9g==
name: Татьяна
surname: Павлова
role: TEACHER
dancestyle: contemporary, title=group1, level=BEG], duration=60], date=14.03.2022], status=ATTENDED]]]]>
              </value>
            </param>
          </params>
          <reporter-output>
          </reporter-output>
        </test-method> <!-- testDomParser -->
      </class> <!-- by.jwd.task07xmlparser.DomParserTest -->
      <class name="by.jwd.task07xmlparser.SaxParserTest">
        <test-method signature="testSaxParser([Ljava.lang.String;, java.util.Set)[pri:0, instance:by.jwd.task07xmlparser.SaxParserTest@3f446bef]" started-at="2022-03-30T21:18:55Z" name="testSaxParser" data-provider="saxParser" finished-at="2022-03-30T21:18:55Z" duration-ms="34" status="PASS">
          <params>
            <param index="0">
              <value>
                <![CDATA[[Ljava.lang.String;@552518c3]]>
              </value>
            </param>
            <param index="1">
              <value>
                <![CDATA[[
Visit [id=1, client=
Client:

id: 5
login: MARKOVA
password: Uas78XWK8NI4PXz6h+b/vw==
name: Мария
surname: Маркова
role: CLIENT
patronymic: Алексеевна
e-mail: markovamarialex@gmail.com
phone: -, danceClass=
DanceClass [id=1, schedule=
Schedule [id=1, weekday=MONDAY, time=18:00, group=
Group [id=1, teacher=
Teacher:
id: 2
login: tpavlova
password: VLD1B6ane2DpKxt9PkIC9g==
name: Татьяна
surname: Павлова
role: TEACHER
dancestyle: contemporary, title=group1, level=BEG], duration=60], date=14.03.2022], status=PLANNED], 
Visit [id=2, client=
Client:

id: 6
login: nataliana
password: U0Tcja4XuTrc4I9sWAIr6w==
name: Наталья
surname: Андреева
role: CLIENT
patronymic: Николаевна
e-mail: nnandreeva85@mail.ru
phone: +375(44)789-41-78, danceClass=
DanceClass [id=1, schedule=
Schedule [id=1, weekday=MONDAY, time=18:00, group=
Group [id=1, teacher=
Teacher:
id: 2
login: tpavlova
password: VLD1B6ane2DpKxt9PkIC9g==
name: Татьяна
surname: Павлова
role: TEACHER
dancestyle: contemporary, title=group1, level=BEG], duration=60], date=14.03.2022], status=ATTENDED]]]]>
              </value>
            </param>
          </params>
          <reporter-output>
          </reporter-output>
        </test-method> <!-- testSaxParser -->
      </class> <!-- by.jwd.task07xmlparser.SaxParserTest -->
      <class name="by.jwd.task07xmlparser.StaxParserTest">
        <test-method signature="testStaxParser([Ljava.lang.String;, java.util.Set)[pri:0, instance:by.jwd.task07xmlparser.StaxParserTest@7829b776]" started-at="2022-03-30T21:18:55Z" name="testStaxParser" data-provider="staxParser" finished-at="2022-03-30T21:18:55Z" duration-ms="22" status="PASS">
          <params>
            <param index="0">
              <value>
                <![CDATA[[Ljava.lang.String;@1a69561c]]>
              </value>
            </param>
            <param index="1">
              <value>
                <![CDATA[[
Visit [id=1, client=
Client:

id: 5
login: MARKOVA
password: Uas78XWK8NI4PXz6h+b/vw==
name: Мария
surname: Маркова
role: CLIENT
patronymic: Алексеевна
e-mail: markovamarialex@gmail.com
phone: null, danceClass=
DanceClass [id=1, schedule=
Schedule [id=1, weekday=MONDAY, time=18:00, group=
Group [id=1, teacher=
Teacher:
id: 2
login: tpavlova
password: VLD1B6ane2DpKxt9PkIC9g==
name: Татьяна
surname: Павлова
role: TEACHER
dancestyle: contemporary, title=group1, level=BEG], duration=60], date=14.03.2022], status=null], 
Visit [id=2, client=
Client:

id: 6
login: nataliana
password: U0Tcja4XuTrc4I9sWAIr6w==
name: Наталья
surname: Андреева
role: CLIENT
patronymic: Николаевна
e-mail: nnandreeva85@mail.ru
phone: +375(44)789-41-78, danceClass=
DanceClass [id=1, schedule=
Schedule [id=1, weekday=MONDAY, time=18:00, group=
Group [id=1, teacher=
Teacher:
id: 2
login: tpavlova
password: VLD1B6ane2DpKxt9PkIC9g==
name: Татьяна
surname: Павлова
role: TEACHER
dancestyle: contemporary, title=group1, level=BEG], duration=60], date=14.03.2022], status=ATTENDED]]]]>
              </value>
            </param>
          </params>
          <reporter-output>
          </reporter-output>
        </test-method> <!-- testStaxParser -->
      </class> <!-- by.jwd.task07xmlparser.StaxParserTest -->
    </test> <!-- Default test -->
  </suite> <!-- Default suite -->
</testng-results>
