<?xml version="1.0" encoding="UTF-8"?>
<testng-results total="3" passed="3" failed="0" skipped="0">
  <reporter-output>
  </reporter-output>
  <suite started-at="2022-04-08T10:35:36Z" name="Default suite" finished-at="2022-04-08T10:35:38Z" duration-ms="2083">
    <groups>
      <group name="dao">
        <method signature="ReadUserByLoginAndPasswordTest.testReadByLoginAndPassword(java.lang.String, java.lang.String, by.jwd.finaltaskweb.entity.User)[pri:0, instance:test.by.jwd.finaltaskweb.dao.suite.ReadUserByLoginAndPasswordTest@6e1d8f9e]" name="testReadByLoginAndPassword" class="test.by.jwd.finaltaskweb.dao.suite.ReadUserByLoginAndPasswordTest"/>
      </group> <!-- dao -->
    </groups>
    <test started-at="2022-04-08T10:35:36Z" name="Default test" finished-at="2022-04-08T10:35:38Z" duration-ms="2083">
      <class name="test.by.jwd.finaltaskweb.dao.suite.ReadUserByLoginAndPasswordTest">
        <test-method is-config="true" signature="beforeTest()[pri:0, instance:test.by.jwd.finaltaskweb.dao.suite.ReadUserByLoginAndPasswordTest@6e1d8f9e]" started-at="2022-04-08T13:35:36Z" name="beforeTest" finished-at="2022-04-08T13:35:37Z" duration-ms="615" status="PASS">
          <reporter-output>
          </reporter-output>
        </test-method> <!-- beforeTest -->
        <test-method signature="testReadByLoginAndPassword(java.lang.String, java.lang.String, by.jwd.finaltaskweb.entity.User)[pri:0, instance:test.by.jwd.finaltaskweb.dao.suite.ReadUserByLoginAndPasswordTest@6e1d8f9e]" started-at="2022-04-08T13:35:37Z" name="testReadByLoginAndPassword" data-provider="ReadByLoginAndPassword" finished-at="2022-04-08T13:35:37Z" duration-ms="660" status="PASS">
          <params>
            <param index="0">
              <value>
                <![CDATA[vikkra]]>
              </value>
            </param>
            <param index="1">
              <value>
                <![CDATA[pfg78g4XWX8NI4PXz6h+c/vw==]]>
              </value>
            </param>
            <param index="2">
              <value>
                <![CDATA[
Client:

id: 8
login: vikkra
password: pfg78g4XWX8NI4PXz6h+c/vw==
name: Виктория
surname: Кратова
role: CLIENT
patronymic: Петровна
e-mail: kratkovavikki@gmail.com
phone: +375(44)789-41-78[][]]]>
              </value>
            </param>
          </params>
          <reporter-output>
          </reporter-output>
        </test-method> <!-- testReadByLoginAndPassword -->
        <test-method signature="testReadByLoginAndPassword(java.lang.String, java.lang.String, by.jwd.finaltaskweb.entity.User)[pri:0, instance:test.by.jwd.finaltaskweb.dao.suite.ReadUserByLoginAndPasswordTest@6e1d8f9e]" started-at="2022-04-08T13:35:37Z" name="testReadByLoginAndPassword" data-provider="ReadByLoginAndPassword" finished-at="2022-04-08T13:35:38Z" duration-ms="411" status="PASS">
          <params>
            <param index="0">
              <value>
                <![CDATA[divanov]]>
              </value>
            </param>
            <param index="1">
              <value>
                <![CDATA[rZDdprnLVXNuvafESK0DUA==]]>
              </value>
            </param>
            <param index="2">
              <value>
                <![CDATA[
Teacher:
id: 3
login: divanov
password: rZDdprnLVXNuvafESK0DUA==
name: Дмитрий
surname: Иванов
role: TEACHER
dancestyle: hip-hop
portfolio: В танцах уже 18 лет. Опыт преподавания 6 лет. Постановщик и участник конкурсных программ, ТВ-Шоу, музыкальных клипов, рекламных видеороликов и подтанцовок[]]]>
              </value>
            </param>
          </params>
          <reporter-output>
          </reporter-output>
        </test-method> <!-- testReadByLoginAndPassword -->
        <test-method signature="testReadByLoginAndPassword(java.lang.String, java.lang.String, by.jwd.finaltaskweb.entity.User)[pri:0, instance:test.by.jwd.finaltaskweb.dao.suite.ReadUserByLoginAndPasswordTest@6e1d8f9e]" started-at="2022-04-08T13:35:38Z" name="testReadByLoginAndPassword" data-provider="ReadByLoginAndPassword" finished-at="2022-04-08T13:35:38Z" duration-ms="384" status="PASS">
          <params>
            <param index="0">
              <value>
                <![CDATA[admin]]>
              </value>
            </param>
            <param index="1">
              <value>
                <![CDATA[ACNLVsim8ADv4Su/8w4loeSwTw2yH2R3++Pvrfx5xlDGlx0cDRdQ9t0TLJd1a5pvZw==]]>
              </value>
            </param>
            <param index="2">
              <value>
                <![CDATA[
id: 1
login: admin
password: ACNLVsim8ADv4Su/8w4loeSwTw2yH2R3++Pvrfx5xlDGlx0cDRdQ9t0TLJd1a5pvZw==
name: null
surname: null
role: ADMIN]]>
              </value>
            </param>
          </params>
          <reporter-output>
          </reporter-output>
        </test-method> <!-- testReadByLoginAndPassword -->
      </class> <!-- test.by.jwd.finaltaskweb.dao.suite.ReadUserByLoginAndPasswordTest -->
    </test> <!-- Default test -->
  </suite> <!-- Default suite -->
</testng-results>
