<?xml version="1.0" encoding="UTF-8"?>
<testng-results total="57" passed="57" failed="0" skipped="0">
  <reporter-output>
  </reporter-output>
  <suite started-at="2022-04-07T09:59:50Z" name="Default suite" finished-at="2022-04-07T09:59:54Z" duration-ms="3562">
    <groups>
      <group name="dao">
        <method signature="ReadActiveDanceClassByDateTest.testReadActiveByDate(java.time.LocalDate, java.util.List)[pri:0, instance:test.by.jwd.finaltaskweb.dao.suite.ReadActiveDanceClassByDateTest@3fc9dfc5]" name="testReadActiveByDate" class="test.by.jwd.finaltaskweb.dao.suite.ReadActiveDanceClassByDateTest"/>
        <method signature="ReadActiveDanceClassByScheduleTest.testReadActiveBySchedule(by.jwd.finaltaskweb.entity.Schedule, java.util.List)[pri:0, instance:test.by.jwd.finaltaskweb.dao.suite.ReadActiveDanceClassByScheduleTest@2c3dec30]" name="testReadActiveBySchedule" class="test.by.jwd.finaltaskweb.dao.suite.ReadActiveDanceClassByScheduleTest"/>
        <method signature="ReadAllDanceClassesTest.testReadAllDanceClass()[pri:0, instance:test.by.jwd.finaltaskweb.dao.suite.ReadAllDanceClassesTest@2cac4385]" name="testReadAllDanceClass" class="test.by.jwd.finaltaskweb.dao.suite.ReadAllDanceClassesTest"/>
        <method signature="ReadAllDanceStyleTest.testReadAllDanceStyle(java.util.List)[pri:0, instance:test.by.jwd.finaltaskweb.dao.suite.ReadAllDanceStyleTest@44e3760b]" name="testReadAllDanceStyle" class="test.by.jwd.finaltaskweb.dao.suite.ReadAllDanceStyleTest"/>
        <method signature="ReadAllGroupTest.testReadAll()[pri:0, instance:test.by.jwd.finaltaskweb.dao.suite.ReadAllGroupTest@7c56e013]" name="testReadAll" class="test.by.jwd.finaltaskweb.dao.suite.ReadAllGroupTest"/>
        <method signature="ReadAllMembershipTest.testReadAll()[pri:0, instance:test.by.jwd.finaltaskweb.dao.suite.ReadAllMembershipTest@6a66a204]" name="testReadAll" class="test.by.jwd.finaltaskweb.dao.suite.ReadAllMembershipTest"/>
        <method signature="ReadAllMembershipTypesTest.testReadAllTypes()[pri:0, instance:test.by.jwd.finaltaskweb.dao.suite.ReadAllMembershipTypesTest@4e517165]" name="testReadAllTypes" class="test.by.jwd.finaltaskweb.dao.suite.ReadAllMembershipTypesTest"/>
        <method signature="ReadAllScheduleTest.testReadAllSchedule()[pri:0, instance:test.by.jwd.finaltaskweb.dao.suite.ReadAllScheduleTest@64df9a61]" name="testReadAllSchedule" class="test.by.jwd.finaltaskweb.dao.suite.ReadAllScheduleTest"/>
        <method signature="ReadAllVisitTest.testReadAllVisit()[pri:0, instance:test.by.jwd.finaltaskweb.dao.suite.ReadAllVisitTest@40258c2f]" name="testReadAllVisit" class="test.by.jwd.finaltaskweb.dao.suite.ReadAllVisitTest"/>
        <method signature="ReadDanceClassByDateAndScheduleTest.testReadByDateAndSchedule(by.jwd.finaltaskweb.entity.Schedule, java.time.LocalDate, by.jwd.finaltaskweb.entity.DanceClass)[pri:0, instance:test.by.jwd.finaltaskweb.dao.suite.ReadDanceClassByDateAndScheduleTest@58bf8650]" name="testReadByDateAndSchedule" class="test.by.jwd.finaltaskweb.dao.suite.ReadDanceClassByDateAndScheduleTest"/>
        <method signature="ReadDanceClassByIdTest.testReadById(java.lang.Integer, by.jwd.finaltaskweb.entity.DanceClass)[pri:0, instance:test.by.jwd.finaltaskweb.dao.suite.ReadDanceClassByIdTest@16f7b4af]" name="testReadById" class="test.by.jwd.finaltaskweb.dao.suite.ReadDanceClassByIdTest"/>
        <method signature="ReadDanceClassByPeriodTest.testReadDanceClassByPeriod(java.time.LocalDate, java.time.LocalDate, java.util.List)[pri:0, instance:test.by.jwd.finaltaskweb.dao.suite.ReadDanceClassByPeriodTest@1d7f7be7]" name="testReadDanceClassByPeriod" class="test.by.jwd.finaltaskweb.dao.suite.ReadDanceClassByPeriodTest"/>
        <method signature="ReadDanceClassByScheduleTest.testReadBySchedule(by.jwd.finaltaskweb.entity.Schedule, java.util.List)[pri:0, instance:test.by.jwd.finaltaskweb.dao.suite.ReadDanceClassByScheduleTest@2c104774]" name="testReadBySchedule" class="test.by.jwd.finaltaskweb.dao.suite.ReadDanceClassByScheduleTest"/>
        <method signature="ReadGroupByLevelTest.testReadByLevel(by.jwd.finaltaskweb.entity.Level, java.util.List)[pri:0, instance:test.by.jwd.finaltaskweb.dao.suite.ReadGroupByLevelTest@77602954]" name="testReadByLevel" class="test.by.jwd.finaltaskweb.dao.suite.ReadGroupByLevelTest"/>
        <method signature="ReadGroupByTeacherTest.testReadByTeacher(java.lang.Integer, java.util.List)[pri:0, instance:test.by.jwd.finaltaskweb.dao.suite.ReadGroupByTeacherTest@5860f3d7]" name="testReadByTeacher" class="test.by.jwd.finaltaskweb.dao.suite.ReadGroupByTeacherTest"/>
        <method signature="ReadGroupEntityByIdTest.testReadById(java.lang.Integer, by.jwd.finaltaskweb.entity.Group)[pri:0, instance:test.by.jwd.finaltaskweb.dao.suite.ReadGroupEntityByIdTest@34a1d21f]" name="testReadById" class="test.by.jwd.finaltaskweb.dao.suite.ReadGroupEntityByIdTest"/>
        <method signature="ReadMembershipByClientAndPeriodTest.testReadByClientAndPeriod(int, java.time.LocalDate, java.time.LocalDate, java.util.List)[pri:0, instance:test.by.jwd.finaltaskweb.dao.suite.ReadMembershipByClientAndPeriodTest@6731787b]" name="testReadByClientAndPeriod" class="test.by.jwd.finaltaskweb.dao.suite.ReadMembershipByClientAndPeriodTest"/>
        <method signature="ReadMembershipByPeriodTest.testReadByPeriod(java.time.LocalDate, java.time.LocalDate, java.util.List)[pri:0, instance:test.by.jwd.finaltaskweb.dao.suite.ReadMembershipByPeriodTest@71ae31b0]" name="testReadByPeriod" class="test.by.jwd.finaltaskweb.dao.suite.ReadMembershipByPeriodTest"/>
        <method signature="ReadMembershipEntityByIdTest.testReadById(int, by.jwd.finaltaskweb.entity.Membership)[pri:0, instance:test.by.jwd.finaltaskweb.dao.suite.ReadMembershipEntityByIdTest@6f0ca692]" name="testReadById" class="test.by.jwd.finaltaskweb.dao.suite.ReadMembershipEntityByIdTest"/>
        <method signature="ReadScheduleByGroupTest.testReadScheduleById(java.lang.Integer, java.util.List)[pri:0, instance:test.by.jwd.finaltaskweb.dao.suite.ReadScheduleByGroupTest@4275c20c]" name="testReadScheduleById" class="test.by.jwd.finaltaskweb.dao.suite.ReadScheduleByGroupTest"/>
        <method signature="ReadScheduleByWeekDayTest.testReadScheduleById(by.jwd.finaltaskweb.entity.WeekDay, java.util.List)[pri:0, instance:test.by.jwd.finaltaskweb.dao.suite.ReadScheduleByWeekDayTest@5536379e]" name="testReadScheduleById" class="test.by.jwd.finaltaskweb.dao.suite.ReadScheduleByWeekDayTest"/>
        <method signature="ReadScheduleEntityByIdTest.testReadScheduleById(java.lang.Integer, by.jwd.finaltaskweb.entity.Schedule)[pri:0, instance:test.by.jwd.finaltaskweb.dao.suite.ReadScheduleEntityByIdTest@73c60324]" name="testReadScheduleById" class="test.by.jwd.finaltaskweb.dao.suite.ReadScheduleEntityByIdTest"/>
        <method signature="ReadTeacherByDanceStyleTest.testReadByDanceStyle(java.lang.String, java.util.List)[pri:0, instance:test.by.jwd.finaltaskweb.dao.suite.ReadTeacherByDanceStyleTest@2cb3d0f7]" name="testReadByDanceStyle" class="test.by.jwd.finaltaskweb.dao.suite.ReadTeacherByDanceStyleTest"/>
        <method signature="ReadUserByLoginAndPasswordTest.testReadByLoginAndPassword(java.lang.String, java.lang.String, by.jwd.finaltaskweb.entity.User)[pri:0, instance:test.by.jwd.finaltaskweb.dao.suite.ReadUserByLoginAndPasswordTest@e260766]" name="testReadByLoginAndPassword" class="test.by.jwd.finaltaskweb.dao.suite.ReadUserByLoginAndPasswordTest"/>
        <method signature="ReadUserByLoginTest.testReadByLogin(java.lang.String, by.jwd.finaltaskweb.entity.User)[pri:0, instance:test.by.jwd.finaltaskweb.dao.suite.ReadUserByLoginTest@4ba534b0]" name="testReadByLogin" class="test.by.jwd.finaltaskweb.dao.suite.ReadUserByLoginTest"/>
        <method signature="ReadUserByRoleTest.testReadByRole(by.jwd.finaltaskweb.entity.Role, java.util.List)[pri:0, instance:test.by.jwd.finaltaskweb.dao.suite.ReadUserByRoleTest@7adf16aa]" name="testReadByRole" class="test.by.jwd.finaltaskweb.dao.suite.ReadUserByRoleTest"/>
        <method signature="ReadValidMembershipByClientTest.testReadByClientAndPeriod(int, java.util.List)[pri:0, instance:test.by.jwd.finaltaskweb.dao.suite.ReadValidMembershipByClientTest@34a97744]" name="testReadByClientAndPeriod" class="test.by.jwd.finaltaskweb.dao.suite.ReadValidMembershipByClientTest"/>
      </group> <!-- dao -->
    </groups>
    <test started-at="2022-04-07T09:59:50Z" name="Default test" finished-at="2022-04-07T09:59:54Z" duration-ms="3562">
      <class name="test.by.jwd.finaltaskweb.dao.suite.ReadAllDanceStyleTest">
        <test-method signature="testReadAllDanceStyle(java.util.List)[pri:0, instance:test.by.jwd.finaltaskweb.dao.suite.ReadAllDanceStyleTest@44e3760b]" started-at="2022-04-07T12:59:51Z" name="testReadAllDanceStyle" data-provider="ReadByDanceStyle" finished-at="2022-04-07T12:59:51Z" duration-ms="133" status="PASS">
          <params>
            <param index="0">
              <value>
                <![CDATA[[contemporary, hip-hop, jazz-funk, vogue]]]>
              </value>
            </param>
          </params>
          <reporter-output>
          </reporter-output>
        </test-method> <!-- testReadAllDanceStyle -->
      </class> <!-- test.by.jwd.finaltaskweb.dao.suite.ReadAllDanceStyleTest -->
      <class name="test.by.jwd.finaltaskweb.dao.suite.ReadAllScheduleTest">
        <test-method signature="testReadAllSchedule()[pri:0, instance:test.by.jwd.finaltaskweb.dao.suite.ReadAllScheduleTest@64df9a61]" started-at="2022-04-07T12:59:51Z" name="testReadAllSchedule" description="readAll" finished-at="2022-04-07T12:59:52Z" duration-ms="48" status="PASS">
          <reporter-output>
          </reporter-output>
        </test-method> <!-- testReadAllSchedule -->
      </class> <!-- test.by.jwd.finaltaskweb.dao.suite.ReadAllScheduleTest -->
      <class name="test.by.jwd.finaltaskweb.dao.suite.ReadDanceClassByIdTest">
        <test-method signature="testReadById(java.lang.Integer, by.jwd.finaltaskweb.entity.DanceClass)[pri:0, instance:test.by.jwd.finaltaskweb.dao.suite.ReadDanceClassByIdTest@16f7b4af]" started-at="2022-04-07T12:59:52Z" name="testReadById" data-provider="ReadDanceClassById" finished-at="2022-04-07T12:59:52Z" duration-ms="39" status="PASS">
          <params>
            <param index="0">
              <value>
                <![CDATA[6]]>
              </value>
            </param>
            <param index="1">
              <value>
                <![CDATA[
DanceClass:

id: 6
Schedule:

id: 7
weekday: null
time: nullnull
duration: 0
date: 2022-03-09null]]>
              </value>
            </param>
          </params>
          <reporter-output>
          </reporter-output>
        </test-method> <!-- testReadById -->
        <test-method signature="testReadById(java.lang.Integer, by.jwd.finaltaskweb.entity.DanceClass)[pri:0, instance:test.by.jwd.finaltaskweb.dao.suite.ReadDanceClassByIdTest@16f7b4af]" started-at="2022-04-07T12:59:52Z" name="testReadById" data-provider="ReadDanceClassById" finished-at="2022-04-07T12:59:52Z" duration-ms="30" status="PASS">
          <params>
            <param index="0">
              <value>
                <![CDATA[10]]>
              </value>
            </param>
            <param index="1">
              <value>
                <![CDATA[
DanceClass:

id: 10
Schedule:

id: 4
weekday: null
time: nullnull
duration: 0
date: 2022-03-15null]]>
              </value>
            </param>
          </params>
          <reporter-output>
          </reporter-output>
        </test-method> <!-- testReadById -->
        <test-method signature="testReadById(java.lang.Integer, by.jwd.finaltaskweb.entity.DanceClass)[pri:0, instance:test.by.jwd.finaltaskweb.dao.suite.ReadDanceClassByIdTest@16f7b4af]" started-at="2022-04-07T12:59:52Z" name="testReadById" data-provider="ReadDanceClassById" finished-at="2022-04-07T12:59:52Z" duration-ms="55" status="PASS">
          <params>
            <param index="0">
              <value>
                <![CDATA[5]]>
              </value>
            </param>
            <param index="1">
              <value>
                <![CDATA[
DanceClass:

id: 5
Schedule:

id: 8
weekday: null
time: nullnull
duration: 0
date: 2022-03-02null]]>
              </value>
            </param>
          </params>
          <reporter-output>
          </reporter-output>
        </test-method> <!-- testReadById -->
        <test-method signature="testReadById(java.lang.Integer, by.jwd.finaltaskweb.entity.DanceClass)[pri:0, instance:test.by.jwd.finaltaskweb.dao.suite.ReadDanceClassByIdTest@16f7b4af]" started-at="2022-04-07T12:59:52Z" name="testReadById" data-provider="ReadDanceClassById" finished-at="2022-04-07T12:59:52Z" duration-ms="40" status="PASS">
          <params>
            <param index="0">
              <value>
                <![CDATA[3]]>
              </value>
            </param>
            <param index="1">
              <value>
                <![CDATA[
DanceClass:

id: 3
Schedule:

id: 6
weekday: null
time: nullnull
duration: 0
date: 2022-03-01null]]>
              </value>
            </param>
          </params>
          <reporter-output>
          </reporter-output>
        </test-method> <!-- testReadById -->
      </class> <!-- test.by.jwd.finaltaskweb.dao.suite.ReadDanceClassByIdTest -->
      <class name="test.by.jwd.finaltaskweb.dao.suite.ReadUserByRoleTest">
        <test-method signature="testReadByRole(by.jwd.finaltaskweb.entity.Role, java.util.List)[pri:0, instance:test.by.jwd.finaltaskweb.dao.suite.ReadUserByRoleTest@7adf16aa]" started-at="2022-04-07T12:59:52Z" name="testReadByRole" data-provider="ReadByRole" finished-at="2022-04-07T12:59:52Z" duration-ms="112" status="PASS">
          <params>
            <param index="0">
              <value>
                <![CDATA[CLIENT]]>
              </value>
            </param>
            <param index="1">
              <value>
                <![CDATA[[
Client:

id: 6
login: MARKOVA
password: Uas78XWK8NI4PXz6h+b/vw==
name: Мария
surname: Маркова
role: CLIENT
patronymic: Алексеевна
e-mail: markovamarialex@gmail.com
phone: +375(29)768-45-36[][], 
Client:

id: 7
login: nataliana
password: U0Tcja4XuTrc4I9sWAIr6w==
name: Наталья
surname: Андреева
role: CLIENT
patronymic: Николаевна
e-mail: nnandreeva85@mail.ru
phone: +375(44)741-58-96[][], 
Client:

id: 8
login: vikkra
password: pfg78g4XWX8NI4PXz6h+c/vw==
name: Виктория
surname: Кратова
role: CLIENT
patronymic: Петровна
e-mail: kratkovavikki@gmail.com
phone: +375(44)789-41-78[][], 
Client:

id: 9
login: anastaissakis
password: qas64XWX8NI4PXz6h+b+yu==
name: Анастасия
surname: Киселева
role: CLIENT
patronymic: Алексеевна
e-mail: akiseleva89@mail.ru
phone: +375(29)698-25-63[][], 
Client:

id: 10
login: kirstepnov
password: YFGjdu7d56ggy/wePXzb+py==
name: Кирилл
surname: Степнов
role: CLIENT
patronymic: Александрович
e-mail: stepnovka@mail.ru
phone: +375(29)259-47-15[][]]]]>
              </value>
            </param>
          </params>
          <reporter-output>
          </reporter-output>
        </test-method> <!-- testReadByRole -->
        <test-method signature="testReadByRole(by.jwd.finaltaskweb.entity.Role, java.util.List)[pri:0, instance:test.by.jwd.finaltaskweb.dao.suite.ReadUserByRoleTest@7adf16aa]" started-at="2022-04-07T12:59:52Z" name="testReadByRole" data-provider="ReadByRole" finished-at="2022-04-07T12:59:52Z" duration-ms="80" status="PASS">
          <params>
            <param index="0">
              <value>
                <![CDATA[TEACHER]]>
              </value>
            </param>
            <param index="1">
              <value>
                <![CDATA[[
Teacher:
id: 2
login: tpavlova
password: VLD1B6ane2DpKxt9PkIC9g==
name: Татьяна
surname: Павлова
role: TEACHER
dancestyle: contemporary
portfolio: Танцевальный опыт 6 лет. Опыт преподавания 3 года. Участница международных и республиканских соревнований. Многократная чемпионка в составе команды на Белорусских Чемпионатах и Конкурсах.[], 
Teacher:
id: 3
login: divanov
password: rZDdprnLVXNuvafESK0DUA==
name: Дмитрий
surname: Иванов
role: TEACHER
dancestyle: hip-hop
portfolio: В танцах уже 18 лет. Опыт преподавания 6 лет. Постановщик и участник конкурсных программ, ТВ-Шоу, музыкальных клипов, рекламных видеороликов и подтанцовок[], 
Teacher:
id: 4
login: olesnaya
password: ufuE2rE3X5GOegBcxcsedA==
name: Ольга
surname: Лесная
role: TEACHER
dancestyle: jazz-funk
portfolio: Окончила БГУКИ с отличием, эстрадное отделение. Опыт преподавания более 10 лет. Призер множества международных и республиканских соревнований.[], 
Teacher:
id: 5
login: atalai
password: qas64XWX8NI4PXz6h+b/vw==
name: Александра
surname: Талай
role: TEACHER
dancestyle: vogue
portfolio: Танцевальный опыт - более 15 лет! Стажировка в театре в Берлине. Участие в международных конкурсах и мастер-классах.[]]]]>
              </value>
            </param>
          </params>
          <reporter-output>
          </reporter-output>
        </test-method> <!-- testReadByRole -->
        <test-method signature="testReadByRole(by.jwd.finaltaskweb.entity.Role, java.util.List)[pri:0, instance:test.by.jwd.finaltaskweb.dao.suite.ReadUserByRoleTest@7adf16aa]" started-at="2022-04-07T12:59:52Z" name="testReadByRole" data-provider="ReadByRole" finished-at="2022-04-07T12:59:52Z" duration-ms="92" status="PASS">
          <params>
            <param index="0">
              <value>
                <![CDATA[ADMIN]]>
              </value>
            </param>
            <param index="1">
              <value>
                <![CDATA[[
id: 1
login: admin
password: ACNLVsim8ADv4Su/8w4loeSwTw2yH2R3++Pvrfx5xlDGlx0cDRdQ9t0TLJd1a5pvZw==
name: null
surname: null
role: ADMIN]]]>
              </value>
            </param>
          </params>
          <reporter-output>
          </reporter-output>
        </test-method> <!-- testReadByRole -->
      </class> <!-- test.by.jwd.finaltaskweb.dao.suite.ReadUserByRoleTest -->
      <class name="test.by.jwd.finaltaskweb.dao.suite.ReadScheduleEntityByIdTest">
        <test-method signature="testReadScheduleById(java.lang.Integer, by.jwd.finaltaskweb.entity.Schedule)[pri:0, instance:test.by.jwd.finaltaskweb.dao.suite.ReadScheduleEntityByIdTest@73c60324]" started-at="2022-04-07T12:59:52Z" name="testReadScheduleById" data-provider="ReadScheduleById" finished-at="2022-04-07T12:59:52Z" duration-ms="43" status="PASS">
          <params>
            <param index="0">
              <value>
                <![CDATA[4]]>
              </value>
            </param>
            <param index="1">
              <value>
                <![CDATA[
Schedule:

id: 4
weekday: TUESDAY
time: 18:00
Group:
id: 3
title: null
teacher: null
level: null
schedule: []
duration: 60]]>
              </value>
            </param>
          </params>
          <reporter-output>
          </reporter-output>
        </test-method> <!-- testReadScheduleById -->
        <test-method signature="testReadScheduleById(java.lang.Integer, by.jwd.finaltaskweb.entity.Schedule)[pri:0, instance:test.by.jwd.finaltaskweb.dao.suite.ReadScheduleEntityByIdTest@73c60324]" started-at="2022-04-07T12:59:52Z" name="testReadScheduleById" data-provider="ReadScheduleById" finished-at="2022-04-07T12:59:52Z" duration-ms="32" status="PASS">
          <params>
            <param index="0">
              <value>
                <![CDATA[5]]>
              </value>
            </param>
            <param index="1">
              <value>
                <![CDATA[
Schedule:

id: 5
weekday: WEDNESDAY
time: 18:00
Group:
id: 1
title: null
teacher: null
level: null
schedule: []
duration: 60]]>
              </value>
            </param>
          </params>
          <reporter-output>
          </reporter-output>
        </test-method> <!-- testReadScheduleById -->
      </class> <!-- test.by.jwd.finaltaskweb.dao.suite.ReadScheduleEntityByIdTest -->
      <class name="test.by.jwd.finaltaskweb.dao.suite.ReadGroupEntityByIdTest">
        <test-method signature="testReadById(java.lang.Integer, by.jwd.finaltaskweb.entity.Group)[pri:0, instance:test.by.jwd.finaltaskweb.dao.suite.ReadGroupEntityByIdTest@34a1d21f]" started-at="2022-04-07T12:59:52Z" name="testReadById" data-provider="ReadById" finished-at="2022-04-07T12:59:52Z" duration-ms="77" status="PASS">
          <params>
            <param index="0">
              <value>
                <![CDATA[1]]>
              </value>
            </param>
            <param index="1">
              <value>
                <![CDATA[
Group:
id: 1
title: group1
teacher: 
Teacher:
id: 2
login: null
password: null
name: null
surname: null
role: TEACHER
dancestyle: null
portfolio: null[]
level: BEG
schedule: []]]>
              </value>
            </param>
          </params>
          <reporter-output>
          </reporter-output>
        </test-method> <!-- testReadById -->
        <test-method signature="testReadById(java.lang.Integer, by.jwd.finaltaskweb.entity.Group)[pri:0, instance:test.by.jwd.finaltaskweb.dao.suite.ReadGroupEntityByIdTest@34a1d21f]" started-at="2022-04-07T12:59:52Z" name="testReadById" data-provider="ReadById" finished-at="2022-04-07T12:59:52Z" duration-ms="39" status="PASS">
          <params>
            <param index="0">
              <value>
                <![CDATA[2]]>
              </value>
            </param>
            <param index="1">
              <value>
                <![CDATA[
Group:
id: 2
title: group2
teacher: 
Teacher:
id: 2
login: null
password: null
name: null
surname: null
role: TEACHER
dancestyle: null
portfolio: null[]
level: PRO
schedule: []]]>
              </value>
            </param>
          </params>
          <reporter-output>
          </reporter-output>
        </test-method> <!-- testReadById -->
        <test-method signature="testReadById(java.lang.Integer, by.jwd.finaltaskweb.entity.Group)[pri:0, instance:test.by.jwd.finaltaskweb.dao.suite.ReadGroupEntityByIdTest@34a1d21f]" started-at="2022-04-07T12:59:52Z" name="testReadById" data-provider="ReadById" finished-at="2022-04-07T12:59:52Z" duration-ms="58" status="PASS">
          <params>
            <param index="0">
              <value>
                <![CDATA[3]]>
              </value>
            </param>
            <param index="1">
              <value>
                <![CDATA[
Group:
id: 3
title: group3
teacher: 
Teacher:
id: 3
login: null
password: null
name: null
surname: null
role: TEACHER
dancestyle: null
portfolio: null[]
level: BEG
schedule: []]]>
              </value>
            </param>
          </params>
          <reporter-output>
          </reporter-output>
        </test-method> <!-- testReadById -->
      </class> <!-- test.by.jwd.finaltaskweb.dao.suite.ReadGroupEntityByIdTest -->
      <class name="test.by.jwd.finaltaskweb.dao.suite.ReadGroupByLevelTest">
        <test-method signature="testReadByLevel(by.jwd.finaltaskweb.entity.Level, java.util.List)[pri:0, instance:test.by.jwd.finaltaskweb.dao.suite.ReadGroupByLevelTest@77602954]" started-at="2022-04-07T12:59:52Z" name="testReadByLevel" data-provider="ReadByLevel" finished-at="2022-04-07T12:59:52Z" duration-ms="47" status="PASS">
          <params>
            <param index="0">
              <value>
                <![CDATA[BEG]]>
              </value>
            </param>
            <param index="1">
              <value>
                <![CDATA[[
Group:
id: 1
title: group1
teacher: 
Teacher:
id: 2
login: null
password: null
name: null
surname: null
role: TEACHER
dancestyle: null
portfolio: null[]
level: BEG
schedule: [], 
Group:
id: 3
title: group3
teacher: 
Teacher:
id: 3
login: null
password: null
name: null
surname: null
role: TEACHER
dancestyle: null
portfolio: null[]
level: BEG
schedule: [], 
Group:
id: 5
title: group5
teacher: 
Teacher:
id: 4
login: null
password: null
name: null
surname: null
role: TEACHER
dancestyle: null
portfolio: null[]
level: BEG
schedule: [], 
Group:
id: 7
title: group7
teacher: 
Teacher:
id: 5
login: null
password: null
name: null
surname: null
role: TEACHER
dancestyle: null
portfolio: null[]
level: BEG
schedule: []]]]>
              </value>
            </param>
          </params>
          <reporter-output>
          </reporter-output>
        </test-method> <!-- testReadByLevel -->
        <test-method signature="testReadByLevel(by.jwd.finaltaskweb.entity.Level, java.util.List)[pri:0, instance:test.by.jwd.finaltaskweb.dao.suite.ReadGroupByLevelTest@77602954]" started-at="2022-04-07T12:59:52Z" name="testReadByLevel" data-provider="ReadByLevel" finished-at="2022-04-07T12:59:52Z" duration-ms="37" status="PASS">
          <params>
            <param index="0">
              <value>
                <![CDATA[PRO]]>
              </value>
            </param>
            <param index="1">
              <value>
                <![CDATA[[
Group:
id: 2
title: group2
teacher: 
Teacher:
id: 2
login: null
password: null
name: null
surname: null
role: TEACHER
dancestyle: null
portfolio: null[]
level: PRO
schedule: [], 
Group:
id: 4
title: group4
teacher: 
Teacher:
id: 3
login: null
password: null
name: null
surname: null
role: TEACHER
dancestyle: null
portfolio: null[]
level: PRO
schedule: [], 
Group:
id: 6
title: group6
teacher: 
Teacher:
id: 4
login: null
password: null
name: null
surname: null
role: TEACHER
dancestyle: null
portfolio: null[]
level: PRO
schedule: []]]]>
              </value>
            </param>
          </params>
          <reporter-output>
          </reporter-output>
        </test-method> <!-- testReadByLevel -->
      </class> <!-- test.by.jwd.finaltaskweb.dao.suite.ReadGroupByLevelTest -->
      <class name="test.by.jwd.finaltaskweb.dao.suite.ReadMembershipByPeriodTest">
        <test-method signature="testReadByPeriod(java.time.LocalDate, java.time.LocalDate, java.util.List)[pri:0, instance:test.by.jwd.finaltaskweb.dao.suite.ReadMembershipByPeriodTest@71ae31b0]" started-at="2022-04-07T12:59:52Z" name="testReadByPeriod" data-provider="readByPeriod" finished-at="2022-04-07T12:59:52Z" duration-ms="125" status="PASS">
          <params>
            <param index="0">
              <value>
                <![CDATA[2022-03-01]]>
              </value>
            </param>
            <param index="1">
              <value>
                <![CDATA[2022-03-31]]>
              </value>
            </param>
            <param index="2">
              <value>
                <![CDATA[[
Membership:

id: 2start date: 2022-03-12end date: 2022-03-13balanceClassQuantity: 0
Client:

id: 6
login: null
password: null
name: null
surname: null
role: CLIENT
patronymic: null
e-mail: null
phone: null[][]
MembershipType:

id: 1title: nullmax quantity of classes: 0price: 0.0, 
Membership:

id: 4start date: 2022-03-28end date: 2022-03-29balanceClassQuantity: 1
Client:

id: 7
login: null
password: null
name: null
surname: null
role: CLIENT
patronymic: null
e-mail: null
phone: null[][]
MembershipType:

id: 1title: nullmax quantity of classes: 0price: 0.0]]]>
              </value>
            </param>
          </params>
          <reporter-output>
          </reporter-output>
        </test-method> <!-- testReadByPeriod -->
        <test-method signature="testReadByPeriod(java.time.LocalDate, java.time.LocalDate, java.util.List)[pri:0, instance:test.by.jwd.finaltaskweb.dao.suite.ReadMembershipByPeriodTest@71ae31b0]" started-at="2022-04-07T12:59:52Z" name="testReadByPeriod" data-provider="readByPeriod" finished-at="2022-04-07T12:59:52Z" duration-ms="26" status="PASS">
          <params>
            <param index="0">
              <value>
                <![CDATA[2010-04-01]]>
              </value>
            </param>
            <param index="1">
              <value>
                <![CDATA[2010-04-11]]>
              </value>
            </param>
            <param index="2">
              <value>
                <![CDATA[[]]]>
              </value>
            </param>
          </params>
          <reporter-output>
          </reporter-output>
        </test-method> <!-- testReadByPeriod -->
      </class> <!-- test.by.jwd.finaltaskweb.dao.suite.ReadMembershipByPeriodTest -->
      <class name="test.by.jwd.finaltaskweb.dao.suite.ReadGroupByTeacherTest">
        <test-method signature="testReadByTeacher(java.lang.Integer, java.util.List)[pri:0, instance:test.by.jwd.finaltaskweb.dao.suite.ReadGroupByTeacherTest@5860f3d7]" started-at="2022-04-07T12:59:52Z" name="testReadByTeacher" data-provider="ReadByTeacher" finished-at="2022-04-07T12:59:53Z" duration-ms="39" status="PASS">
          <params>
            <param index="0">
              <value>
                <![CDATA[3]]>
              </value>
            </param>
            <param index="1">
              <value>
                <![CDATA[[
Group:
id: 3
title: group3
teacher: 
Teacher:
id: 3
login: null
password: null
name: null
surname: null
role: TEACHER
dancestyle: null
portfolio: null[]
level: BEG
schedule: [], 
Group:
id: 4
title: group4
teacher: 
Teacher:
id: 3
login: null
password: null
name: null
surname: null
role: TEACHER
dancestyle: null
portfolio: null[]
level: PRO
schedule: []]]]>
              </value>
            </param>
          </params>
          <reporter-output>
          </reporter-output>
        </test-method> <!-- testReadByTeacher -->
        <test-method signature="testReadByTeacher(java.lang.Integer, java.util.List)[pri:0, instance:test.by.jwd.finaltaskweb.dao.suite.ReadGroupByTeacherTest@5860f3d7]" started-at="2022-04-07T12:59:53Z" name="testReadByTeacher" data-provider="ReadByTeacher" finished-at="2022-04-07T12:59:53Z" duration-ms="22" status="PASS">
          <params>
            <param index="0">
              <value>
                <![CDATA[5]]>
              </value>
            </param>
            <param index="1">
              <value>
                <![CDATA[[
Group:
id: 7
title: group7
teacher: 
Teacher:
id: 5
login: null
password: null
name: null
surname: null
role: TEACHER
dancestyle: null
portfolio: null[]
level: BEG
schedule: []]]]>
              </value>
            </param>
          </params>
          <reporter-output>
          </reporter-output>
        </test-method> <!-- testReadByTeacher -->
      </class> <!-- test.by.jwd.finaltaskweb.dao.suite.ReadGroupByTeacherTest -->
      <class name="test.by.jwd.finaltaskweb.dao.suite.ReadMembershipEntityByIdTest">
        <test-method signature="testReadById(int, by.jwd.finaltaskweb.entity.Membership)[pri:0, instance:test.by.jwd.finaltaskweb.dao.suite.ReadMembershipEntityByIdTest@6f0ca692]" started-at="2022-04-07T12:59:53Z" name="testReadById" data-provider="readById" finished-at="2022-04-07T12:59:53Z" duration-ms="39" status="PASS">
          <params>
            <param index="0">
              <value>
                <![CDATA[3]]>
              </value>
            </param>
            <param index="1">
              <value>
                <![CDATA[
Membership:

id: 3start date: 2022-04-01end date: 2022-05-01balanceClassQuantity: 4
Client:

id: 7
login: null
password: null
name: null
surname: null
role: CLIENT
patronymic: null
e-mail: null
phone: null[][]
MembershipType:

id: 2title: nullmax quantity of classes: 0price: 0.0]]>
              </value>
            </param>
          </params>
          <reporter-output>
          </reporter-output>
        </test-method> <!-- testReadById -->
        <test-method signature="testReadById(int, by.jwd.finaltaskweb.entity.Membership)[pri:0, instance:test.by.jwd.finaltaskweb.dao.suite.ReadMembershipEntityByIdTest@6f0ca692]" started-at="2022-04-07T12:59:53Z" name="testReadById" data-provider="readById" finished-at="2022-04-07T12:59:53Z" duration-ms="20" status="PASS">
          <params>
            <param index="0">
              <value>
                <![CDATA[5]]>
              </value>
            </param>
            <param index="1">
              <value>
                <![CDATA[
Membership:

id: 5start date: 2022-04-10end date: 2022-05-10balanceClassQuantity: 16
Client:

id: 10
login: null
password: null
name: null
surname: null
role: CLIENT
patronymic: null
e-mail: null
phone: null[][]
MembershipType:

id: 4title: nullmax quantity of classes: 0price: 0.0]]>
              </value>
            </param>
          </params>
          <reporter-output>
          </reporter-output>
        </test-method> <!-- testReadById -->
        <test-method signature="testReadById(int, by.jwd.finaltaskweb.entity.Membership)[pri:0, instance:test.by.jwd.finaltaskweb.dao.suite.ReadMembershipEntityByIdTest@6f0ca692]" started-at="2022-04-07T12:59:53Z" name="testReadById" data-provider="readById" finished-at="2022-04-07T12:59:53Z" duration-ms="31" status="PASS">
          <params>
            <param index="0">
              <value>
                <![CDATA[7]]>
              </value>
            </param>
            <param index="1">
              <value>
                <![CDATA[
Membership:

id: 7start date: 2022-04-07end date: 2022-05-07balanceClassQuantity: 8
Client:

id: 9
login: null
password: null
name: null
surname: null
role: CLIENT
patronymic: null
e-mail: null
phone: null[][]
MembershipType:

id: 3title: nullmax quantity of classes: 0price: 0.0]]>
              </value>
            </param>
          </params>
          <reporter-output>
          </reporter-output>
        </test-method> <!-- testReadById -->
      </class> <!-- test.by.jwd.finaltaskweb.dao.suite.ReadMembershipEntityByIdTest -->
      <class name="test.by.jwd.finaltaskweb.dao.suite.ReadUserByLoginAndPasswordTest">
        <test-method signature="testReadByLoginAndPassword(java.lang.String, java.lang.String, by.jwd.finaltaskweb.entity.User)[pri:0, instance:test.by.jwd.finaltaskweb.dao.suite.ReadUserByLoginAndPasswordTest@e260766]" started-at="2022-04-07T12:59:53Z" name="testReadByLoginAndPassword" data-provider="ReadByLoginAndPassword" finished-at="2022-04-07T12:59:53Z" duration-ms="26" status="PASS">
          <params>
            <param index="0">
              <value>
                <![CDATA[vikkra]]>
              </value>
            </param>
            <param index="1">
              <value>
                <![CDATA[pfg78g4XWX8NI4PXz6h+c/vw==]]>
              </value>
            </param>
            <param index="2">
              <value>
                <![CDATA[
Client:

id: 8
login: vikkra
password: pfg78g4XWX8NI4PXz6h+c/vw==
name: Виктория
surname: Кратова
role: CLIENT
patronymic: Петровна
e-mail: kratkovavikki@gmail.com
phone: +375(44)789-41-78[][]]]>
              </value>
            </param>
          </params>
          <reporter-output>
          </reporter-output>
        </test-method> <!-- testReadByLoginAndPassword -->
        <test-method signature="testReadByLoginAndPassword(java.lang.String, java.lang.String, by.jwd.finaltaskweb.entity.User)[pri:0, instance:test.by.jwd.finaltaskweb.dao.suite.ReadUserByLoginAndPasswordTest@e260766]" started-at="2022-04-07T12:59:53Z" name="testReadByLoginAndPassword" data-provider="ReadByLoginAndPassword" finished-at="2022-04-07T12:59:53Z" duration-ms="43" status="PASS">
          <params>
            <param index="0">
              <value>
                <![CDATA[divanov]]>
              </value>
            </param>
            <param index="1">
              <value>
                <![CDATA[rZDdprnLVXNuvafESK0DUA==]]>
              </value>
            </param>
            <param index="2">
              <value>
                <![CDATA[
Teacher:
id: 3
login: divanov
password: rZDdprnLVXNuvafESK0DUA==
name: Дмитрий
surname: Иванов
role: TEACHER
dancestyle: hip-hop
portfolio: В танцах уже 18 лет. Опыт преподавания 6 лет. Постановщик и участник конкурсных программ, ТВ-Шоу, музыкальных клипов, рекламных видеороликов и подтанцовок[]]]>
              </value>
            </param>
          </params>
          <reporter-output>
          </reporter-output>
        </test-method> <!-- testReadByLoginAndPassword -->
        <test-method signature="testReadByLoginAndPassword(java.lang.String, java.lang.String, by.jwd.finaltaskweb.entity.User)[pri:0, instance:test.by.jwd.finaltaskweb.dao.suite.ReadUserByLoginAndPasswordTest@e260766]" started-at="2022-04-07T12:59:53Z" name="testReadByLoginAndPassword" data-provider="ReadByLoginAndPassword" finished-at="2022-04-07T12:59:53Z" duration-ms="49" status="PASS">
          <params>
            <param index="0">
              <value>
                <![CDATA[admin]]>
              </value>
            </param>
            <param index="1">
              <value>
                <![CDATA[ACNLVsim8ADv4Su/8w4loeSwTw2yH2R3++Pvrfx5xlDGlx0cDRdQ9t0TLJd1a5pvZw==]]>
              </value>
            </param>
            <param index="2">
              <value>
                <![CDATA[
id: 1
login: admin
password: ACNLVsim8ADv4Su/8w4loeSwTw2yH2R3++Pvrfx5xlDGlx0cDRdQ9t0TLJd1a5pvZw==
name: null
surname: null
role: ADMIN]]>
              </value>
            </param>
          </params>
          <reporter-output>
          </reporter-output>
        </test-method> <!-- testReadByLoginAndPassword -->
      </class> <!-- test.by.jwd.finaltaskweb.dao.suite.ReadUserByLoginAndPasswordTest -->
      <class name="test.by.jwd.finaltaskweb.dao.suite.ReadActiveDanceClassByDateTest">
        <test-method is-config="true" signature="beforeTest()[pri:0, instance:test.by.jwd.finaltaskweb.dao.suite.ReadActiveDanceClassByDateTest@3fc9dfc5]" started-at="2022-04-07T12:59:50Z" name="beforeTest" finished-at="2022-04-07T12:59:50Z" duration-ms="177" status="PASS">
          <reporter-output>
          </reporter-output>
        </test-method> <!-- beforeTest -->
        <test-method is-config="true" signature="beforeTest()[pri:0, instance:test.by.jwd.finaltaskweb.dao.suite.ReadActiveDanceClassByScheduleTest@2c3dec30]" started-at="2022-04-07T12:59:50Z" name="beforeTest" finished-at="2022-04-07T12:59:51Z" duration-ms="117" status="PASS">
          <reporter-output>
          </reporter-output>
        </test-method> <!-- beforeTest -->
        <test-method is-config="true" signature="beforeTest()[pri:0, instance:test.by.jwd.finaltaskweb.dao.suite.ReadAllDanceClassesTest@2cac4385]" started-at="2022-04-07T12:59:51Z" name="beforeTest" finished-at="2022-04-07T12:59:51Z" duration-ms="28" status="PASS">
          <reporter-output>
          </reporter-output>
        </test-method> <!-- beforeTest -->
        <test-method is-config="true" signature="beforeTest()[pri:0, instance:test.by.jwd.finaltaskweb.dao.suite.ReadAllDanceStyleTest@44e3760b]" started-at="2022-04-07T12:59:51Z" name="beforeTest" finished-at="2022-04-07T12:59:51Z" duration-ms="25" status="PASS">
          <reporter-output>
          </reporter-output>
        </test-method> <!-- beforeTest -->
        <test-method is-config="true" signature="beforeTest()[pri:0, instance:test.by.jwd.finaltaskweb.dao.suite.ReadAllGroupTest@7c56e013]" started-at="2022-04-07T12:59:51Z" name="beforeTest" finished-at="2022-04-07T12:59:51Z" duration-ms="24" status="PASS">
          <reporter-output>
          </reporter-output>
        </test-method> <!-- beforeTest -->
        <test-method is-config="true" signature="beforeTest()[pri:0, instance:test.by.jwd.finaltaskweb.dao.suite.ReadAllMembershipTest@6a66a204]" started-at="2022-04-07T12:59:51Z" name="beforeTest" finished-at="2022-04-07T12:59:51Z" duration-ms="28" status="PASS">
          <reporter-output>
          </reporter-output>
        </test-method> <!-- beforeTest -->
        <test-method is-config="true" signature="beforeTest()[pri:0, instance:test.by.jwd.finaltaskweb.dao.suite.ReadAllMembershipTypesTest@4e517165]" started-at="2022-04-07T12:59:51Z" name="beforeTest" finished-at="2022-04-07T12:59:51Z" duration-ms="37" status="PASS">
          <reporter-output>
          </reporter-output>
        </test-method> <!-- beforeTest -->
        <test-method is-config="true" signature="beforeTest()[pri:0, instance:test.by.jwd.finaltaskweb.dao.suite.ReadAllScheduleTest@64df9a61]" started-at="2022-04-07T12:59:51Z" name="beforeTest" finished-at="2022-04-07T12:59:51Z" duration-ms="21" status="PASS">
          <reporter-output>
          </reporter-output>
        </test-method> <!-- beforeTest -->
        <test-method is-config="true" signature="beforeTest()[pri:0, instance:test.by.jwd.finaltaskweb.dao.suite.ReadAllVisitTest@40258c2f]" started-at="2022-04-07T12:59:51Z" name="beforeTest" finished-at="2022-04-07T12:59:51Z" duration-ms="25" status="PASS">
          <reporter-output>
          </reporter-output>
        </test-method> <!-- beforeTest -->
        <test-method is-config="true" signature="beforeTest()[pri:0, instance:test.by.jwd.finaltaskweb.dao.suite.ReadDanceClassByDateAndScheduleTest@58bf8650]" started-at="2022-04-07T12:59:51Z" name="beforeTest" finished-at="2022-04-07T12:59:51Z" duration-ms="25" status="PASS">
          <reporter-output>
          </reporter-output>
        </test-method> <!-- beforeTest -->
        <test-method is-config="true" signature="beforeTest()[pri:0, instance:test.by.jwd.finaltaskweb.dao.suite.ReadDanceClassByIdTest@16f7b4af]" started-at="2022-04-07T12:59:51Z" name="beforeTest" finished-at="2022-04-07T12:59:51Z" duration-ms="27" status="PASS">
          <reporter-output>
          </reporter-output>
        </test-method> <!-- beforeTest -->
        <test-method is-config="true" signature="beforeTest()[pri:0, instance:test.by.jwd.finaltaskweb.dao.suite.ReadDanceClassByPeriodTest@1d7f7be7]" started-at="2022-04-07T12:59:51Z" name="beforeTest" finished-at="2022-04-07T12:59:51Z" duration-ms="28" status="PASS">
          <reporter-output>
          </reporter-output>
        </test-method> <!-- beforeTest -->
        <test-method is-config="true" signature="beforeTest()[pri:0, instance:test.by.jwd.finaltaskweb.dao.suite.ReadDanceClassByScheduleTest@2c104774]" started-at="2022-04-07T12:59:51Z" name="beforeTest" finished-at="2022-04-07T12:59:51Z" duration-ms="27" status="PASS">
          <reporter-output>
          </reporter-output>
        </test-method> <!-- beforeTest -->
        <test-method is-config="true" signature="beforeTest()[pri:0, instance:test.by.jwd.finaltaskweb.dao.suite.ReadGroupByLevelTest@77602954]" started-at="2022-04-07T12:59:51Z" name="beforeTest" finished-at="2022-04-07T12:59:51Z" duration-ms="70" status="PASS">
          <reporter-output>
          </reporter-output>
        </test-method> <!-- beforeTest -->
        <test-method is-config="true" signature="beforeTest()[pri:0, instance:test.by.jwd.finaltaskweb.dao.suite.ReadGroupByTeacherTest@5860f3d7]" started-at="2022-04-07T12:59:51Z" name="beforeTest" finished-at="2022-04-07T12:59:51Z" duration-ms="37" status="PASS">
          <reporter-output>
          </reporter-output>
        </test-method> <!-- beforeTest -->
        <test-method is-config="true" signature="beforeTest()[pri:0, instance:test.by.jwd.finaltaskweb.dao.suite.ReadGroupEntityByIdTest@34a1d21f]" started-at="2022-04-07T12:59:51Z" name="beforeTest" finished-at="2022-04-07T12:59:51Z" duration-ms="42" status="PASS">
          <reporter-output>
          </reporter-output>
        </test-method> <!-- beforeTest -->
        <test-method is-config="true" signature="beforeTest()[pri:0, instance:test.by.jwd.finaltaskweb.dao.suite.ReadMembershipByClientAndPeriodTest@6731787b]" started-at="2022-04-07T12:59:51Z" name="beforeTest" finished-at="2022-04-07T12:59:51Z" duration-ms="92" status="PASS">
          <reporter-output>
          </reporter-output>
        </test-method> <!-- beforeTest -->
        <test-method is-config="true" signature="beforeTest()[pri:0, instance:test.by.jwd.finaltaskweb.dao.suite.ReadMembershipByPeriodTest@71ae31b0]" started-at="2022-04-07T12:59:51Z" name="beforeTest" finished-at="2022-04-07T12:59:51Z" duration-ms="22" status="PASS">
          <reporter-output>
          </reporter-output>
        </test-method> <!-- beforeTest -->
        <test-method is-config="true" signature="beforeTest()[pri:0, instance:test.by.jwd.finaltaskweb.dao.suite.ReadMembershipEntityByIdTest@6f0ca692]" started-at="2022-04-07T12:59:51Z" name="beforeTest" finished-at="2022-04-07T12:59:51Z" duration-ms="33" status="PASS">
          <reporter-output>
          </reporter-output>
        </test-method> <!-- beforeTest -->
        <test-method is-config="true" signature="beforeTest()[pri:0, instance:test.by.jwd.finaltaskweb.dao.suite.ReadScheduleByGroupTest@4275c20c]" started-at="2022-04-07T12:59:51Z" name="beforeTest" finished-at="2022-04-07T12:59:51Z" duration-ms="35" status="PASS">
          <reporter-output>
          </reporter-output>
        </test-method> <!-- beforeTest -->
        <test-method is-config="true" signature="beforeTest()[pri:0, instance:test.by.jwd.finaltaskweb.dao.suite.ReadScheduleByWeekDayTest@5536379e]" started-at="2022-04-07T12:59:51Z" name="beforeTest" finished-at="2022-04-07T12:59:51Z" duration-ms="24" status="PASS">
          <reporter-output>
          </reporter-output>
        </test-method> <!-- beforeTest -->
        <test-method is-config="true" signature="beforeTest()[pri:0, instance:test.by.jwd.finaltaskweb.dao.suite.ReadScheduleEntityByIdTest@73c60324]" started-at="2022-04-07T12:59:51Z" name="beforeTest" finished-at="2022-04-07T12:59:51Z" duration-ms="22" status="PASS">
          <reporter-output>
          </reporter-output>
        </test-method> <!-- beforeTest -->
        <test-method is-config="true" signature="beforeTest()[pri:0, instance:test.by.jwd.finaltaskweb.dao.suite.ReadTeacherByDanceStyleTest@2cb3d0f7]" started-at="2022-04-07T12:59:51Z" name="beforeTest" finished-at="2022-04-07T12:59:51Z" duration-ms="25" status="PASS">
          <reporter-output>
          </reporter-output>
        </test-method> <!-- beforeTest -->
        <test-method is-config="true" signature="beforeTest()[pri:0, instance:test.by.jwd.finaltaskweb.dao.suite.ReadUserByLoginAndPasswordTest@e260766]" started-at="2022-04-07T12:59:51Z" name="beforeTest" finished-at="2022-04-07T12:59:51Z" duration-ms="18" status="PASS">
          <reporter-output>
          </reporter-output>
        </test-method> <!-- beforeTest -->
        <test-method is-config="true" signature="beforeTest()[pri:0, instance:test.by.jwd.finaltaskweb.dao.suite.ReadUserByLoginTest@4ba534b0]" started-at="2022-04-07T12:59:51Z" name="beforeTest" finished-at="2022-04-07T12:59:51Z" duration-ms="20" status="PASS">
          <reporter-output>
          </reporter-output>
        </test-method> <!-- beforeTest -->
        <test-method is-config="true" signature="beforeTest()[pri:0, instance:test.by.jwd.finaltaskweb.dao.suite.ReadUserByRoleTest@7adf16aa]" started-at="2022-04-07T12:59:51Z" name="beforeTest" finished-at="2022-04-07T12:59:51Z" duration-ms="20" status="PASS">
          <reporter-output>
          </reporter-output>
        </test-method> <!-- beforeTest -->
        <test-method is-config="true" signature="beforeTest()[pri:0, instance:test.by.jwd.finaltaskweb.dao.suite.ReadValidMembershipByClientTest@34a97744]" started-at="2022-04-07T12:59:51Z" name="beforeTest" finished-at="2022-04-07T12:59:51Z" duration-ms="19" status="PASS">
          <reporter-output>
          </reporter-output>
        </test-method> <!-- beforeTest -->
        <test-method signature="testReadActiveByDate(java.time.LocalDate, java.util.List)[pri:0, instance:test.by.jwd.finaltaskweb.dao.suite.ReadActiveDanceClassByDateTest@3fc9dfc5]" started-at="2022-04-07T12:59:53Z" name="testReadActiveByDate" data-provider="ReadActiveByDate" finished-at="2022-04-07T12:59:53Z" duration-ms="30" status="PASS">
          <params>
            <param index="0">
              <value>
                <![CDATA[2022-04-11]]>
              </value>
            </param>
            <param index="1">
              <value>
                <![CDATA[[
DanceClass:

id: 12
Schedule:

id: 1
weekday: null
time: nullnull
duration: 0
date: 2022-04-11null, 
DanceClass:

id: 14
Schedule:

id: 3
weekday: null
time: nullnull
duration: 0
date: 2022-04-11null]]]>
              </value>
            </param>
          </params>
          <reporter-output>
          </reporter-output>
        </test-method> <!-- testReadActiveByDate -->
        <test-method signature="testReadActiveByDate(java.time.LocalDate, java.util.List)[pri:0, instance:test.by.jwd.finaltaskweb.dao.suite.ReadActiveDanceClassByDateTest@3fc9dfc5]" started-at="2022-04-07T12:59:53Z" name="testReadActiveByDate" data-provider="ReadActiveByDate" finished-at="2022-04-07T12:59:53Z" duration-ms="36" status="PASS">
          <params>
            <param index="0">
              <value>
                <![CDATA[2022-04-12]]>
              </value>
            </param>
            <param index="1">
              <value>
                <![CDATA[[
DanceClass:

id: 15
Schedule:

id: 4
weekday: null
time: nullnull
duration: 0
date: 2022-04-12null, 
DanceClass:

id: 16
Schedule:

id: 5
weekday: null
time: nullnull
duration: 0
date: 2022-04-12null, 
DanceClass:

id: 17
Schedule:

id: 6
weekday: null
time: nullnull
duration: 0
date: 2022-04-12null]]]>
              </value>
            </param>
          </params>
          <reporter-output>
          </reporter-output>
        </test-method> <!-- testReadActiveByDate -->
        <test-method signature="testReadActiveByDate(java.time.LocalDate, java.util.List)[pri:0, instance:test.by.jwd.finaltaskweb.dao.suite.ReadActiveDanceClassByDateTest@3fc9dfc5]" started-at="2022-04-07T12:59:53Z" name="testReadActiveByDate" data-provider="ReadActiveByDate" finished-at="2022-04-07T12:59:53Z" duration-ms="19" status="PASS">
          <params>
            <param index="0">
              <value>
                <![CDATA[2022-03-15]]>
              </value>
            </param>
            <param index="1">
              <value>
                <![CDATA[[]]]>
              </value>
            </param>
          </params>
          <reporter-output>
          </reporter-output>
        </test-method> <!-- testReadActiveByDate -->
      </class> <!-- test.by.jwd.finaltaskweb.dao.suite.ReadActiveDanceClassByDateTest -->
      <class name="test.by.jwd.finaltaskweb.dao.suite.ReadUserByLoginTest">
        <test-method signature="testReadByLogin(java.lang.String, by.jwd.finaltaskweb.entity.User)[pri:0, instance:test.by.jwd.finaltaskweb.dao.suite.ReadUserByLoginTest@4ba534b0]" started-at="2022-04-07T12:59:53Z" name="testReadByLogin" data-provider="ReadByLogin" finished-at="2022-04-07T12:59:53Z" duration-ms="32" status="PASS">
          <params>
            <param index="0">
              <value>
                <![CDATA[vikkra]]>
              </value>
            </param>
            <param index="1">
              <value>
                <![CDATA[
Client:

id: 8
login: vikkra
password: pfg78g4XWX8NI4PXz6h+c/vw==
name: Виктория
surname: Кратова
role: CLIENT
patronymic: Петровна
e-mail: kratkovavikki@gmail.com
phone: +375(44)789-41-78[][]]]>
              </value>
            </param>
          </params>
          <reporter-output>
          </reporter-output>
        </test-method> <!-- testReadByLogin -->
        <test-method signature="testReadByLogin(java.lang.String, by.jwd.finaltaskweb.entity.User)[pri:0, instance:test.by.jwd.finaltaskweb.dao.suite.ReadUserByLoginTest@4ba534b0]" started-at="2022-04-07T12:59:53Z" name="testReadByLogin" data-provider="ReadByLogin" finished-at="2022-04-07T12:59:53Z" duration-ms="45" status="PASS">
          <params>
            <param index="0">
              <value>
                <![CDATA[divanov]]>
              </value>
            </param>
            <param index="1">
              <value>
                <![CDATA[
Teacher:
id: 3
login: divanov
password: rZDdprnLVXNuvafESK0DUA==
name: Дмитрий
surname: Иванов
role: TEACHER
dancestyle: hip-hop
portfolio: В танцах уже 18 лет. Опыт преподавания 6 лет. Постановщик и участник конкурсных программ, ТВ-Шоу, музыкальных клипов, рекламных видеороликов и подтанцовок[]]]>
              </value>
            </param>
          </params>
          <reporter-output>
          </reporter-output>
        </test-method> <!-- testReadByLogin -->
        <test-method signature="testReadByLogin(java.lang.String, by.jwd.finaltaskweb.entity.User)[pri:0, instance:test.by.jwd.finaltaskweb.dao.suite.ReadUserByLoginTest@4ba534b0]" started-at="2022-04-07T12:59:53Z" name="testReadByLogin" data-provider="ReadByLogin" finished-at="2022-04-07T12:59:53Z" duration-ms="80" status="PASS">
          <params>
            <param index="0">
              <value>
                <![CDATA[admin]]>
              </value>
            </param>
            <param index="1">
              <value>
                <![CDATA[
id: 1
login: admin
password: ACNLVsim8ADv4Su/8w4loeSwTw2yH2R3++Pvrfx5xlDGlx0cDRdQ9t0TLJd1a5pvZw==
name: null
surname: null
role: ADMIN]]>
              </value>
            </param>
          </params>
          <reporter-output>
          </reporter-output>
        </test-method> <!-- testReadByLogin -->
      </class> <!-- test.by.jwd.finaltaskweb.dao.suite.ReadUserByLoginTest -->
      <class name="test.by.jwd.finaltaskweb.dao.suite.ReadAllDanceClassesTest">
        <test-method signature="testReadAllDanceClass()[pri:0, instance:test.by.jwd.finaltaskweb.dao.suite.ReadAllDanceClassesTest@2cac4385]" started-at="2022-04-07T12:59:53Z" name="testReadAllDanceClass" description="readAllDanceClass" finished-at="2022-04-07T12:59:53Z" duration-ms="23" status="PASS">
          <reporter-output>
          </reporter-output>
        </test-method> <!-- testReadAllDanceClass -->
      </class> <!-- test.by.jwd.finaltaskweb.dao.suite.ReadAllDanceClassesTest -->
      <class name="test.by.jwd.finaltaskweb.dao.suite.ReadValidMembershipByClientTest">
        <test-method signature="testReadByClientAndPeriod(int, java.util.List)[pri:0, instance:test.by.jwd.finaltaskweb.dao.suite.ReadValidMembershipByClientTest@34a97744]" started-at="2022-04-07T12:59:53Z" name="testReadByClientAndPeriod" data-provider="readValidByClient" finished-at="2022-04-07T12:59:53Z" duration-ms="24" status="PASS">
          <params>
            <param index="0">
              <value>
                <![CDATA[7]]>
              </value>
            </param>
            <param index="1">
              <value>
                <![CDATA[[
Membership:

id: 3start date: 2022-04-01end date: 2022-05-01balanceClassQuantity: 4
Client:

id: 7
login: null
password: null
name: null
surname: null
role: CLIENT
patronymic: null
e-mail: null
phone: null[][]
MembershipType:

id: 2title: nullmax quantity of classes: 0price: 0.0]]]>
              </value>
            </param>
          </params>
          <reporter-output>
          </reporter-output>
        </test-method> <!-- testReadByClientAndPeriod -->
        <test-method signature="testReadByClientAndPeriod(int, java.util.List)[pri:0, instance:test.by.jwd.finaltaskweb.dao.suite.ReadValidMembershipByClientTest@34a97744]" started-at="2022-04-07T12:59:53Z" name="testReadByClientAndPeriod" data-provider="readValidByClient" finished-at="2022-04-07T12:59:53Z" duration-ms="41" status="PASS">
          <params>
            <param index="0">
              <value>
                <![CDATA[6]]>
              </value>
            </param>
            <param index="1">
              <value>
                <![CDATA[[]]]>
              </value>
            </param>
          </params>
          <reporter-output>
          </reporter-output>
        </test-method> <!-- testReadByClientAndPeriod -->
      </class> <!-- test.by.jwd.finaltaskweb.dao.suite.ReadValidMembershipByClientTest -->
      <class name="test.by.jwd.finaltaskweb.dao.suite.ReadMembershipByClientAndPeriodTest">
        <test-method signature="testReadByClientAndPeriod(int, java.time.LocalDate, java.time.LocalDate, java.util.List)[pri:0, instance:test.by.jwd.finaltaskweb.dao.suite.ReadMembershipByClientAndPeriodTest@6731787b]" started-at="2022-04-07T12:59:53Z" name="testReadByClientAndPeriod" data-provider="readByClientAndPeriod" finished-at="2022-04-07T12:59:53Z" duration-ms="19" status="PASS">
          <params>
            <param index="0">
              <value>
                <![CDATA[7]]>
              </value>
            </param>
            <param index="1">
              <value>
                <![CDATA[2022-03-01]]>
              </value>
            </param>
            <param index="2">
              <value>
                <![CDATA[2022-03-31]]>
              </value>
            </param>
            <param index="3">
              <value>
                <![CDATA[[
Membership:

id: 4start date: 2022-03-28end date: 2022-03-29balanceClassQuantity: 1
Client:

id: 7
login: null
password: null
name: null
surname: null
role: CLIENT
patronymic: null
e-mail: null
phone: null[][]
MembershipType:

id: 1title: nullmax quantity of classes: 0price: 0.0]]]>
              </value>
            </param>
          </params>
          <reporter-output>
          </reporter-output>
        </test-method> <!-- testReadByClientAndPeriod -->
        <test-method signature="testReadByClientAndPeriod(int, java.time.LocalDate, java.time.LocalDate, java.util.List)[pri:0, instance:test.by.jwd.finaltaskweb.dao.suite.ReadMembershipByClientAndPeriodTest@6731787b]" started-at="2022-04-07T12:59:53Z" name="testReadByClientAndPeriod" data-provider="readByClientAndPeriod" finished-at="2022-04-07T12:59:53Z" duration-ms="22" status="PASS">
          <params>
            <param index="0">
              <value>
                <![CDATA[6]]>
              </value>
            </param>
            <param index="1">
              <value>
                <![CDATA[2022-03-12]]>
              </value>
            </param>
            <param index="2">
              <value>
                <![CDATA[2022-03-12]]>
              </value>
            </param>
            <param index="3">
              <value>
                <![CDATA[[
Membership:

id: 2start date: 2022-03-12end date: 2022-03-13balanceClassQuantity: 0
Client:

id: 6
login: null
password: null
name: null
surname: null
role: CLIENT
patronymic: null
e-mail: null
phone: null[][]
MembershipType:

id: 1title: nullmax quantity of classes: 0price: 0.0]]]>
              </value>
            </param>
          </params>
          <reporter-output>
          </reporter-output>
        </test-method> <!-- testReadByClientAndPeriod -->
        <test-method signature="testReadByClientAndPeriod(int, java.time.LocalDate, java.time.LocalDate, java.util.List)[pri:0, instance:test.by.jwd.finaltaskweb.dao.suite.ReadMembershipByClientAndPeriodTest@6731787b]" started-at="2022-04-07T12:59:53Z" name="testReadByClientAndPeriod" data-provider="readByClientAndPeriod" finished-at="2022-04-07T12:59:53Z" duration-ms="37" status="PASS">
          <params>
            <param index="0">
              <value>
                <![CDATA[10]]>
              </value>
            </param>
            <param index="1">
              <value>
                <![CDATA[2022-04-01]]>
              </value>
            </param>
            <param index="2">
              <value>
                <![CDATA[2022-04-04]]>
              </value>
            </param>
            <param index="3">
              <value>
                <![CDATA[[]]]>
              </value>
            </param>
          </params>
          <reporter-output>
          </reporter-output>
        </test-method> <!-- testReadByClientAndPeriod -->
      </class> <!-- test.by.jwd.finaltaskweb.dao.suite.ReadMembershipByClientAndPeriodTest -->
      <class name="test.by.jwd.finaltaskweb.dao.suite.ReadDanceClassByDateAndScheduleTest">
        <test-method signature="testReadByDateAndSchedule(by.jwd.finaltaskweb.entity.Schedule, java.time.LocalDate, by.jwd.finaltaskweb.entity.DanceClass)[pri:0, instance:test.by.jwd.finaltaskweb.dao.suite.ReadDanceClassByDateAndScheduleTest@58bf8650]" started-at="2022-04-07T12:59:53Z" name="testReadByDateAndSchedule" data-provider="ReadByDateAndSchedule" finished-at="2022-04-07T12:59:53Z" duration-ms="32" status="PASS">
          <params>
            <param index="0">
              <value>
                <![CDATA[
Schedule:

id: 7
weekday: null
time: nullnull
duration: 0]]>
              </value>
            </param>
            <param index="1">
              <value>
                <![CDATA[2022-03-09]]>
              </value>
            </param>
            <param index="2">
              <value>
                <![CDATA[
DanceClass:

id: 6
Schedule:

id: 7
weekday: null
time: nullnull
duration: 0
date: 2022-03-09null]]>
              </value>
            </param>
          </params>
          <reporter-output>
          </reporter-output>
        </test-method> <!-- testReadByDateAndSchedule -->
        <test-method signature="testReadByDateAndSchedule(by.jwd.finaltaskweb.entity.Schedule, java.time.LocalDate, by.jwd.finaltaskweb.entity.DanceClass)[pri:0, instance:test.by.jwd.finaltaskweb.dao.suite.ReadDanceClassByDateAndScheduleTest@58bf8650]" started-at="2022-04-07T12:59:53Z" name="testReadByDateAndSchedule" data-provider="ReadByDateAndSchedule" finished-at="2022-04-07T12:59:53Z" duration-ms="42" status="PASS">
          <params>
            <param index="0">
              <value>
                <![CDATA[
Schedule:

id: 10
weekday: null
time: nullnull
duration: 0]]>
              </value>
            </param>
            <param index="1">
              <value>
                <![CDATA[2022-03-16]]>
              </value>
            </param>
            <param index="2">
              <value>
                <![CDATA[
DanceClass:

id: 0null
date: nullnull]]>
              </value>
            </param>
          </params>
          <reporter-output>
          </reporter-output>
        </test-method> <!-- testReadByDateAndSchedule -->
        <test-method signature="testReadByDateAndSchedule(by.jwd.finaltaskweb.entity.Schedule, java.time.LocalDate, by.jwd.finaltaskweb.entity.DanceClass)[pri:0, instance:test.by.jwd.finaltaskweb.dao.suite.ReadDanceClassByDateAndScheduleTest@58bf8650]" started-at="2022-04-07T12:59:53Z" name="testReadByDateAndSchedule" data-provider="ReadByDateAndSchedule" finished-at="2022-04-07T12:59:53Z" duration-ms="17" status="PASS">
          <params>
            <param index="0">
              <value>
                <![CDATA[
Schedule:

id: 4
weekday: null
time: nullnull
duration: 0]]>
              </value>
            </param>
            <param index="1">
              <value>
                <![CDATA[2022-03-15]]>
              </value>
            </param>
            <param index="2">
              <value>
                <![CDATA[
DanceClass:

id: 10
Schedule:

id: 4
weekday: null
time: nullnull
duration: 0
date: 2022-03-15null]]>
              </value>
            </param>
          </params>
          <reporter-output>
          </reporter-output>
        </test-method> <!-- testReadByDateAndSchedule -->
      </class> <!-- test.by.jwd.finaltaskweb.dao.suite.ReadDanceClassByDateAndScheduleTest -->
      <class name="test.by.jwd.finaltaskweb.dao.suite.ReadTeacherByDanceStyleTest">
        <test-method signature="testReadByDanceStyle(java.lang.String, java.util.List)[pri:0, instance:test.by.jwd.finaltaskweb.dao.suite.ReadTeacherByDanceStyleTest@2cb3d0f7]" started-at="2022-04-07T12:59:53Z" name="testReadByDanceStyle" data-provider="ReadByDanceStyle" finished-at="2022-04-07T12:59:53Z" duration-ms="20" status="PASS">
          <params>
            <param index="0">
              <value>
                <![CDATA[vogue]]>
              </value>
            </param>
            <param index="1">
              <value>
                <![CDATA[[
Teacher:
id: 5
login: atalai
password: qas64XWX8NI4PXz6h+b/vw==
name: Александра
surname: Талай
role: TEACHER
dancestyle: vogue
portfolio: Танцевальный опыт - более 15 лет! Стажировка в театре в Берлине. Участие в международных конкурсах и мастер-классах.[]]]]>
              </value>
            </param>
          </params>
          <reporter-output>
          </reporter-output>
        </test-method> <!-- testReadByDanceStyle -->
        <test-method signature="testReadByDanceStyle(java.lang.String, java.util.List)[pri:0, instance:test.by.jwd.finaltaskweb.dao.suite.ReadTeacherByDanceStyleTest@2cb3d0f7]" started-at="2022-04-07T12:59:53Z" name="testReadByDanceStyle" data-provider="ReadByDanceStyle" finished-at="2022-04-07T12:59:53Z" duration-ms="24" status="PASS">
          <params>
            <param index="0">
              <value>
                <![CDATA[hip-hop]]>
              </value>
            </param>
            <param index="1">
              <value>
                <![CDATA[[
Teacher:
id: 3
login: divanov
password: rZDdprnLVXNuvafESK0DUA==
name: Дмитрий
surname: Иванов
role: TEACHER
dancestyle: hip-hop
portfolio: В танцах уже 18 лет. Опыт преподавания 6 лет. Постановщик и участник конкурсных программ, ТВ-Шоу, музыкальных клипов, рекламных видеороликов и подтанцовок[]]]]>
              </value>
            </param>
          </params>
          <reporter-output>
          </reporter-output>
        </test-method> <!-- testReadByDanceStyle -->
      </class> <!-- test.by.jwd.finaltaskweb.dao.suite.ReadTeacherByDanceStyleTest -->
      <class name="test.by.jwd.finaltaskweb.dao.suite.ReadAllMembershipTypesTest">
        <test-method signature="testReadAllTypes()[pri:0, instance:test.by.jwd.finaltaskweb.dao.suite.ReadAllMembershipTypesTest@4e517165]" started-at="2022-04-07T12:59:53Z" name="testReadAllTypes" description="readAllTypes" finished-at="2022-04-07T12:59:53Z" duration-ms="47" status="PASS">
          <reporter-output>
          </reporter-output>
        </test-method> <!-- testReadAllTypes -->
      </class> <!-- test.by.jwd.finaltaskweb.dao.suite.ReadAllMembershipTypesTest -->
      <class name="test.by.jwd.finaltaskweb.dao.suite.ReadScheduleByWeekDayTest">
        <test-method signature="testReadScheduleById(by.jwd.finaltaskweb.entity.WeekDay, java.util.List)[pri:0, instance:test.by.jwd.finaltaskweb.dao.suite.ReadScheduleByWeekDayTest@5536379e]" started-at="2022-04-07T12:59:53Z" name="testReadScheduleById" data-provider="ReadScheduleByWeekDay" finished-at="2022-04-07T12:59:53Z" duration-ms="40" status="PASS">
          <params>
            <param index="0">
              <value>
                <![CDATA[WEDNESDAY]]>
              </value>
            </param>
            <param index="1">
              <value>
                <![CDATA[[
Schedule:

id: 5
weekday: WEDNESDAY
time: 18:00
Group:
id: 1
title: null
teacher: null
level: null
schedule: []
duration: 60, 
Schedule:

id: 6
weekday: WEDNESDAY
time: 19:00
Group:
id: 2
title: null
teacher: null
level: null
schedule: []
duration: 60]]]>
              </value>
            </param>
          </params>
          <reporter-output>
          </reporter-output>
        </test-method> <!-- testReadScheduleById -->
        <test-method signature="testReadScheduleById(by.jwd.finaltaskweb.entity.WeekDay, java.util.List)[pri:0, instance:test.by.jwd.finaltaskweb.dao.suite.ReadScheduleByWeekDayTest@5536379e]" started-at="2022-04-07T12:59:53Z" name="testReadScheduleById" data-provider="ReadScheduleByWeekDay" finished-at="2022-04-07T12:59:53Z" duration-ms="53" status="PASS">
          <params>
            <param index="0">
              <value>
                <![CDATA[FRIDAY]]>
              </value>
            </param>
            <param index="1">
              <value>
                <![CDATA[[
Schedule:

id: 8
weekday: FRIDAY
time: 18:00
Group:
id: 7
title: null
teacher: null
level: null
schedule: []
duration: 90]]]>
              </value>
            </param>
          </params>
          <reporter-output>
          </reporter-output>
        </test-method> <!-- testReadScheduleById -->
      </class> <!-- test.by.jwd.finaltaskweb.dao.suite.ReadScheduleByWeekDayTest -->
      <class name="test.by.jwd.finaltaskweb.dao.suite.ReadScheduleByGroupTest">
        <test-method signature="testReadScheduleById(java.lang.Integer, java.util.List)[pri:0, instance:test.by.jwd.finaltaskweb.dao.suite.ReadScheduleByGroupTest@4275c20c]" started-at="2022-04-07T12:59:53Z" name="testReadScheduleById" data-provider="ReadScheduleByGroup" finished-at="2022-04-07T12:59:54Z" duration-ms="30" status="PASS">
          <params>
            <param index="0">
              <value>
                <![CDATA[2]]>
              </value>
            </param>
            <param index="1">
              <value>
                <![CDATA[[
Schedule:

id: 3
weekday: MONDAY
time: 19:00
Group:
id: 2
title: null
teacher: null
level: null
schedule: []
duration: 60, 
Schedule:

id: 6
weekday: WEDNESDAY
time: 19:00
Group:
id: 2
title: null
teacher: null
level: null
schedule: []
duration: 60]]]>
              </value>
            </param>
          </params>
          <reporter-output>
          </reporter-output>
        </test-method> <!-- testReadScheduleById -->
        <test-method signature="testReadScheduleById(java.lang.Integer, java.util.List)[pri:0, instance:test.by.jwd.finaltaskweb.dao.suite.ReadScheduleByGroupTest@4275c20c]" started-at="2022-04-07T12:59:54Z" name="testReadScheduleById" data-provider="ReadScheduleByGroup" finished-at="2022-04-07T12:59:54Z" duration-ms="22" status="PASS">
          <params>
            <param index="0">
              <value>
                <![CDATA[1]]>
              </value>
            </param>
            <param index="1">
              <value>
                <![CDATA[[
Schedule:

id: 1
weekday: MONDAY
time: 18:00
Group:
id: 1
title: null
teacher: null
level: null
schedule: []
duration: 60, 
Schedule:

id: 5
weekday: WEDNESDAY
time: 18:00
Group:
id: 1
title: null
teacher: null
level: null
schedule: []
duration: 60]]]>
              </value>
            </param>
          </params>
          <reporter-output>
          </reporter-output>
        </test-method> <!-- testReadScheduleById -->
      </class> <!-- test.by.jwd.finaltaskweb.dao.suite.ReadScheduleByGroupTest -->
      <class name="test.by.jwd.finaltaskweb.dao.suite.ReadDanceClassByPeriodTest">
        <test-method signature="testReadDanceClassByPeriod(java.time.LocalDate, java.time.LocalDate, java.util.List)[pri:0, instance:test.by.jwd.finaltaskweb.dao.suite.ReadDanceClassByPeriodTest@1d7f7be7]" started-at="2022-04-07T12:59:54Z" name="testReadDanceClassByPeriod" data-provider="ReadDanceClassByPeriod" finished-at="2022-04-07T12:59:54Z" duration-ms="22" status="PASS">
          <params>
            <param index="0">
              <value>
                <![CDATA[2022-03-01]]>
              </value>
            </param>
            <param index="1">
              <value>
                <![CDATA[2022-03-31]]>
              </value>
            </param>
            <param index="2">
              <value>
                <![CDATA[[
DanceClass:

id: 1
Schedule:

id: 4
weekday: null
time: nullnull
duration: 0
date: 2022-03-01null, 
DanceClass:

id: 2
Schedule:

id: 5
weekday: null
time: nullnull
duration: 0
date: 2022-03-01null, 
DanceClass:

id: 3
Schedule:

id: 6
weekday: null
time: nullnull
duration: 0
date: 2022-03-01null, 
DanceClass:

id: 4
Schedule:

id: 7
weekday: null
time: nullnull
duration: 0
date: 2022-03-02null, 
DanceClass:

id: 5
Schedule:

id: 8
weekday: null
time: nullnull
duration: 0
date: 2022-03-02null, 
DanceClass:

id: 6
Schedule:

id: 7
weekday: null
time: nullnull
duration: 0
date: 2022-03-09null, 
DanceClass:

id: 8
Schedule:

id: 1
weekday: null
time: nullnull
duration: 0
date: 2022-03-14null, 
DanceClass:

id: 9
Schedule:

id: 3
weekday: null
time: nullnull
duration: 0
date: 2022-03-14null, 
DanceClass:

id: 10
Schedule:

id: 4
weekday: null
time: nullnull
duration: 0
date: 2022-03-15null, 
DanceClass:

id: 11
Schedule:

id: 5
weekday: null
time: nullnull
duration: 0
date: 2022-03-15null]]]>
              </value>
            </param>
          </params>
          <reporter-output>
          </reporter-output>
        </test-method> <!-- testReadDanceClassByPeriod -->
        <test-method signature="testReadDanceClassByPeriod(java.time.LocalDate, java.time.LocalDate, java.util.List)[pri:0, instance:test.by.jwd.finaltaskweb.dao.suite.ReadDanceClassByPeriodTest@1d7f7be7]" started-at="2022-04-07T12:59:54Z" name="testReadDanceClassByPeriod" data-provider="ReadDanceClassByPeriod" finished-at="2022-04-07T12:59:54Z" duration-ms="20" status="PASS">
          <params>
            <param index="0">
              <value>
                <![CDATA[2022-04-01]]>
              </value>
            </param>
            <param index="1">
              <value>
                <![CDATA[2022-04-30]]>
              </value>
            </param>
            <param index="2">
              <value>
                <![CDATA[[
DanceClass:

id: 12
Schedule:

id: 1
weekday: null
time: nullnull
duration: 0
date: 2022-04-11null, 
DanceClass:

id: 14
Schedule:

id: 3
weekday: null
time: nullnull
duration: 0
date: 2022-04-11null, 
DanceClass:

id: 15
Schedule:

id: 4
weekday: null
time: nullnull
duration: 0
date: 2022-04-12null, 
DanceClass:

id: 16
Schedule:

id: 5
weekday: null
time: nullnull
duration: 0
date: 2022-04-12null, 
DanceClass:

id: 17
Schedule:

id: 6
weekday: null
time: nullnull
duration: 0
date: 2022-04-12null]]]>
              </value>
            </param>
          </params>
          <reporter-output>
          </reporter-output>
        </test-method> <!-- testReadDanceClassByPeriod -->
      </class> <!-- test.by.jwd.finaltaskweb.dao.suite.ReadDanceClassByPeriodTest -->
      <class name="test.by.jwd.finaltaskweb.dao.suite.ReadAllGroupTest">
        <test-method signature="testReadAll()[pri:0, instance:test.by.jwd.finaltaskweb.dao.suite.ReadAllGroupTest@7c56e013]" started-at="2022-04-07T12:59:54Z" name="testReadAll" description="readAll" finished-at="2022-04-07T12:59:54Z" duration-ms="17" status="PASS">
          <reporter-output>
          </reporter-output>
        </test-method> <!-- testReadAll -->
      </class> <!-- test.by.jwd.finaltaskweb.dao.suite.ReadAllGroupTest -->
      <class name="test.by.jwd.finaltaskweb.dao.suite.ReadActiveDanceClassByScheduleTest">
        <test-method signature="testReadActiveBySchedule(by.jwd.finaltaskweb.entity.Schedule, java.util.List)[pri:0, instance:test.by.jwd.finaltaskweb.dao.suite.ReadActiveDanceClassByScheduleTest@2c3dec30]" started-at="2022-04-07T12:59:54Z" name="testReadActiveBySchedule" data-provider="ReadActiveBySchedule" finished-at="2022-04-07T12:59:54Z" duration-ms="21" status="PASS">
          <params>
            <param index="0">
              <value>
                <![CDATA[
Schedule:

id: 4
weekday: null
time: nullnull
duration: 0]]>
              </value>
            </param>
            <param index="1">
              <value>
                <![CDATA[[
DanceClass:

id: 15
Schedule:

id: 4
weekday: null
time: nullnull
duration: 0
date: 2022-04-12null]]]>
              </value>
            </param>
          </params>
          <reporter-output>
          </reporter-output>
        </test-method> <!-- testReadActiveBySchedule -->
        <test-method signature="testReadActiveBySchedule(by.jwd.finaltaskweb.entity.Schedule, java.util.List)[pri:0, instance:test.by.jwd.finaltaskweb.dao.suite.ReadActiveDanceClassByScheduleTest@2c3dec30]" started-at="2022-04-07T12:59:54Z" name="testReadActiveBySchedule" data-provider="ReadActiveBySchedule" finished-at="2022-04-07T12:59:54Z" duration-ms="20" status="PASS">
          <params>
            <param index="0">
              <value>
                <![CDATA[
Schedule:

id: 1
weekday: null
time: nullnull
duration: 0]]>
              </value>
            </param>
            <param index="1">
              <value>
                <![CDATA[[
DanceClass:

id: 12
Schedule:

id: 1
weekday: null
time: nullnull
duration: 0
date: 2022-04-11null]]]>
              </value>
            </param>
          </params>
          <reporter-output>
          </reporter-output>
        </test-method> <!-- testReadActiveBySchedule -->
      </class> <!-- test.by.jwd.finaltaskweb.dao.suite.ReadActiveDanceClassByScheduleTest -->
      <class name="test.by.jwd.finaltaskweb.dao.suite.ReadAllVisitTest">
        <test-method signature="testReadAllVisit()[pri:0, instance:test.by.jwd.finaltaskweb.dao.suite.ReadAllVisitTest@40258c2f]" started-at="2022-04-07T12:59:54Z" name="testReadAllVisit" description="readAllVisit" finished-at="2022-04-07T12:59:54Z" duration-ms="71" status="PASS">
          <reporter-output>
          </reporter-output>
        </test-method> <!-- testReadAllVisit -->
      </class> <!-- test.by.jwd.finaltaskweb.dao.suite.ReadAllVisitTest -->
      <class name="test.by.jwd.finaltaskweb.dao.suite.ReadAllMembershipTest">
        <test-method signature="testReadAll()[pri:0, instance:test.by.jwd.finaltaskweb.dao.suite.ReadAllMembershipTest@6a66a204]" started-at="2022-04-07T12:59:54Z" name="testReadAll" description="readAll" finished-at="2022-04-07T12:59:54Z" duration-ms="23" status="PASS">
          <reporter-output>
          </reporter-output>
        </test-method> <!-- testReadAll -->
      </class> <!-- test.by.jwd.finaltaskweb.dao.suite.ReadAllMembershipTest -->
      <class name="test.by.jwd.finaltaskweb.dao.suite.ReadDanceClassByScheduleTest">
        <test-method signature="testReadBySchedule(by.jwd.finaltaskweb.entity.Schedule, java.util.List)[pri:0, instance:test.by.jwd.finaltaskweb.dao.suite.ReadDanceClassByScheduleTest@2c104774]" started-at="2022-04-07T12:59:54Z" name="testReadBySchedule" data-provider="ReadBySchedule" finished-at="2022-04-07T12:59:54Z" duration-ms="68" status="PASS">
          <params>
            <param index="0">
              <value>
                <![CDATA[
Schedule:

id: 4
weekday: null
time: nullnull
duration: 0]]>
              </value>
            </param>
            <param index="1">
              <value>
                <![CDATA[[
DanceClass:

id: 1
Schedule:

id: 4
weekday: null
time: nullnull
duration: 0
date: 2022-03-01null, 
DanceClass:

id: 10
Schedule:

id: 4
weekday: null
time: nullnull
duration: 0
date: 2022-03-15null, 
DanceClass:

id: 15
Schedule:

id: 4
weekday: null
time: nullnull
duration: 0
date: 2022-04-12null]]]>
              </value>
            </param>
          </params>
          <reporter-output>
          </reporter-output>
        </test-method> <!-- testReadBySchedule -->
        <test-method signature="testReadBySchedule(by.jwd.finaltaskweb.entity.Schedule, java.util.List)[pri:0, instance:test.by.jwd.finaltaskweb.dao.suite.ReadDanceClassByScheduleTest@2c104774]" started-at="2022-04-07T12:59:54Z" name="testReadBySchedule" data-provider="ReadBySchedule" finished-at="2022-04-07T12:59:54Z" duration-ms="37" status="PASS">
          <params>
            <param index="0">
              <value>
                <![CDATA[
Schedule:

id: 8
weekday: null
time: nullnull
duration: 0]]>
              </value>
            </param>
            <param index="1">
              <value>
                <![CDATA[[
DanceClass:

id: 5
Schedule:

id: 8
weekday: null
time: nullnull
duration: 0
date: 2022-03-02null]]]>
              </value>
            </param>
          </params>
          <reporter-output>
          </reporter-output>
        </test-method> <!-- testReadBySchedule -->
      </class> <!-- test.by.jwd.finaltaskweb.dao.suite.ReadDanceClassByScheduleTest -->
    </test> <!-- Default test -->
  </suite> <!-- Default suite -->
</testng-results>
