<?xml version="1.0" encoding="UTF-8"?>
<!-- Generated by org.testng.reporters.JUnitXMLReporter -->
<testsuite ignored="0" hostname="WIN-JD5AAM1B6TV" failures="0" tests="56" name="CheckGroup" time="0.287" errors="0" timestamp="2021-12-17T00:03:11 MSK">
  <testcase classname="test.jwd.task02array.BubbleSortTest" name="testDataForArraySorting" time="0.008"/>
  <testcase classname="test.jwd.task02array.BubbleSortTest" name="testDataForArraySorting" time="0.001"/>
  <testcase classname="test.jwd.task02array.BubbleSortTest" name="testDataForArraySorting" time="0.002"/>
  <testcase classname="test.jwd.task02array.BubbleSortTest" name="testDataForArraySorting" time="0.0"/>
  <testcase classname="test.jwd.task02array.BubbleSortTest" name="testDataForArraySorting" time="0.001"/>
  <testcase classname="test.jwd.task02array.BubbleSortTest" name="testDataForArraySorting" time="0.002"/>
  <testcase classname="test.jwd.task02array.BubbleSortTest" name="testDataForArraySorting" time="0.001"/>
  <testcase classname="test.jwd.task02array.BubbleSortTest" name="testDataForArraySorting" time="0.002"/>
  <testcase classname="test.jwd.task02array.InsertionSortByAddressCalculationTest" name="testDataForArraySorting" time="0.003"/>
  <testcase classname="test.jwd.task02array.InsertionSortByAddressCalculationTest" name="testDataForArraySorting" time="0.001"/>
  <testcase classname="test.jwd.task02array.InsertionSortByAddressCalculationTest" name="testDataForArraySorting" time="0.002"/>
  <testcase classname="test.jwd.task02array.InsertionSortByAddressCalculationTest" name="testDataForArraySorting" time="0.002"/>
  <testcase classname="test.jwd.task02array.InsertionSortByAddressCalculationTest" name="testDataForArraySorting" time="0.002"/>
  <testcase classname="test.jwd.task02array.InsertionSortByAddressCalculationTest" name="testDataForArraySorting" time="0.002"/>
  <testcase classname="test.jwd.task02array.InsertionSortByAddressCalculationTest" name="testDataForArraySorting" time="0.002"/>
  <testcase classname="test.jwd.task02array.InsertionSortByAddressCalculationTest" name="testDataForArraySorting" time="0.001"/>
  <testcase classname="test.jwd.task02array.InsertionSortTest" name="testDataForArraySorting" time="0.001"/>
  <testcase classname="test.jwd.task02array.InsertionSortTest" name="testDataForArraySorting" time="0.001"/>
  <testcase classname="test.jwd.task02array.InsertionSortTest" name="testDataForArraySorting" time="0.0"/>
  <testcase classname="test.jwd.task02array.InsertionSortTest" name="testDataForArraySorting" time="0.001"/>
  <testcase classname="test.jwd.task02array.InsertionSortTest" name="testDataForArraySorting" time="0.002"/>
  <testcase classname="test.jwd.task02array.InsertionSortTest" name="testDataForArraySorting" time="0.001"/>
  <testcase classname="test.jwd.task02array.InsertionSortTest" name="testDataForArraySorting" time="0.001"/>
  <testcase classname="test.jwd.task02array.InsertionSortTest" name="testDataForArraySorting" time="0.002"/>
  <testcase classname="test.jwd.task02array.SelectionSortTest" name="testDataForArraySorting" time="0.001"/>
  <testcase classname="test.jwd.task02array.SelectionSortTest" name="testDataForArraySorting" time="0.001"/>
  <testcase classname="test.jwd.task02array.SelectionSortTest" name="testDataForArraySorting" time="0.001"/>
  <testcase classname="test.jwd.task02array.SelectionSortTest" name="testDataForArraySorting" time="0.001"/>
  <testcase classname="test.jwd.task02array.SelectionSortTest" name="testDataForArraySorting" time="0.001"/>
  <testcase classname="test.jwd.task02array.SelectionSortTest" name="testDataForArraySorting" time="0.001"/>
  <testcase classname="test.jwd.task02array.SelectionSortTest" name="testDataForArraySorting" time="0.002"/>
  <testcase classname="test.jwd.task02array.SelectionSortTest" name="testDataForArraySorting" time="0.001"/>
  <testcase classname="test.jwd.task02array.ShakerSortTest" name="testDataForArraySorting" time="0.001"/>
  <testcase classname="test.jwd.task02array.ShakerSortTest" name="testDataForArraySorting" time="0.001"/>
  <testcase classname="test.jwd.task02array.ShakerSortTest" name="testDataForArraySorting" time="0.0"/>
  <testcase classname="test.jwd.task02array.ShakerSortTest" name="testDataForArraySorting" time="0.013"/>
  <testcase classname="test.jwd.task02array.ShakerSortTest" name="testDataForArraySorting" time="0.001"/>
  <testcase classname="test.jwd.task02array.ShakerSortTest" name="testDataForArraySorting" time="0.013"/>
  <testcase classname="test.jwd.task02array.ShakerSortTest" name="testDataForArraySorting" time="0.049"/>
  <testcase classname="test.jwd.task02array.ShakerSortTest" name="testDataForArraySorting" time="0.027"/>
  <testcase classname="test.jwd.task02array.ShellSortTest" name="testDataForArraySorting" time="0.001"/>
  <testcase classname="test.jwd.task02array.ShellSortTest" name="testDataForArraySorting" time="0.0"/>
  <testcase classname="test.jwd.task02array.ShellSortTest" name="testDataForArraySorting" time="0.001"/>
  <testcase classname="test.jwd.task02array.ShellSortTest" name="testDataForArraySorting" time="0.005"/>
  <testcase classname="test.jwd.task02array.ShellSortTest" name="testDataForArraySorting" time="0.001"/>
  <testcase classname="test.jwd.task02array.ShellSortTest" name="testDataForArraySorting" time="0.0"/>
  <testcase classname="test.jwd.task02array.ShellSortTest" name="testDataForArraySorting" time="0.001"/>
  <testcase classname="test.jwd.task02array.ShellSortTest" name="testDataForArraySorting" time="0.001"/>
  <testcase classname="test.jwd.task02array.TwoWayMergeSortTest" name="testDataForArraySorting" time="0.001"/>
  <testcase classname="test.jwd.task02array.TwoWayMergeSortTest" name="testDataForArraySorting" time="0.0"/>
  <testcase classname="test.jwd.task02array.TwoWayMergeSortTest" name="testDataForArraySorting" time="0.001"/>
  <testcase classname="test.jwd.task02array.TwoWayMergeSortTest" name="testDataForArraySorting" time="0.001"/>
  <testcase classname="test.jwd.task02array.TwoWayMergeSortTest" name="testDataForArraySorting" time="0.001"/>
  <testcase classname="test.jwd.task02array.TwoWayMergeSortTest" name="testDataForArraySorting" time="0.001"/>
  <testcase classname="test.jwd.task02array.TwoWayMergeSortTest" name="testDataForArraySorting" time="0.001"/>
  <testcase classname="test.jwd.task02array.TwoWayMergeSortTest" name="testDataForArraySorting" time="0.0"/>
</testsuite> <!-- CheckGroup -->
