<?xml version="1.0" encoding="UTF-8"?>
<!-- Generated by org.testng.reporters.JUnitXMLReporter -->
<testsuite hostname="WIN-JD5AAM1B6TV" failures="0" tests="57" name="Default test" time="3.562" errors="0" timestamp="7 Apr 2022 09:59:54 GMT">
  <testcase classname="test.by.jwd.finaltaskweb.dao.suite.ReadAllDanceStyleTest" name="testReadAllDanceStyle" time="0.133"/>
  <testcase classname="test.by.jwd.finaltaskweb.dao.suite.ReadAllScheduleTest" name="testReadAllSchedule" time="0.048"/>
  <testcase classname="test.by.jwd.finaltaskweb.dao.suite.ReadDanceClassByIdTest" name="testReadById" time="0.039"/>
  <testcase classname="test.by.jwd.finaltaskweb.dao.suite.ReadDanceClassByIdTest" name="testReadById" time="0.03"/>
  <testcase classname="test.by.jwd.finaltaskweb.dao.suite.ReadDanceClassByIdTest" name="testReadById" time="0.055"/>
  <testcase classname="test.by.jwd.finaltaskweb.dao.suite.ReadDanceClassByIdTest" name="testReadById" time="0.04"/>
  <testcase classname="test.by.jwd.finaltaskweb.dao.suite.ReadUserByRoleTest" name="testReadByRole" time="0.112"/>
  <testcase classname="test.by.jwd.finaltaskweb.dao.suite.ReadUserByRoleTest" name="testReadByRole" time="0.08"/>
  <testcase classname="test.by.jwd.finaltaskweb.dao.suite.ReadUserByRoleTest" name="testReadByRole" time="0.092"/>
  <testcase classname="test.by.jwd.finaltaskweb.dao.suite.ReadScheduleEntityByIdTest" name="testReadScheduleById" time="0.043"/>
  <testcase classname="test.by.jwd.finaltaskweb.dao.suite.ReadScheduleEntityByIdTest" name="testReadScheduleById" time="0.032"/>
  <testcase classname="test.by.jwd.finaltaskweb.dao.suite.ReadGroupEntityByIdTest" name="testReadById" time="0.077"/>
  <testcase classname="test.by.jwd.finaltaskweb.dao.suite.ReadGroupEntityByIdTest" name="testReadById" time="0.039"/>
  <testcase classname="test.by.jwd.finaltaskweb.dao.suite.ReadGroupEntityByIdTest" name="testReadById" time="0.058"/>
  <testcase classname="test.by.jwd.finaltaskweb.dao.suite.ReadGroupByLevelTest" name="testReadByLevel" time="0.047"/>
  <testcase classname="test.by.jwd.finaltaskweb.dao.suite.ReadGroupByLevelTest" name="testReadByLevel" time="0.037"/>
  <testcase classname="test.by.jwd.finaltaskweb.dao.suite.ReadMembershipByPeriodTest" name="testReadByPeriod" time="0.125"/>
  <testcase classname="test.by.jwd.finaltaskweb.dao.suite.ReadMembershipByPeriodTest" name="testReadByPeriod" time="0.026"/>
  <testcase classname="test.by.jwd.finaltaskweb.dao.suite.ReadGroupByTeacherTest" name="testReadByTeacher" time="0.039"/>
  <testcase classname="test.by.jwd.finaltaskweb.dao.suite.ReadGroupByTeacherTest" name="testReadByTeacher" time="0.022"/>
  <testcase classname="test.by.jwd.finaltaskweb.dao.suite.ReadMembershipEntityByIdTest" name="testReadById" time="0.039"/>
  <testcase classname="test.by.jwd.finaltaskweb.dao.suite.ReadMembershipEntityByIdTest" name="testReadById" time="0.02"/>
  <testcase classname="test.by.jwd.finaltaskweb.dao.suite.ReadMembershipEntityByIdTest" name="testReadById" time="0.031"/>
  <testcase classname="test.by.jwd.finaltaskweb.dao.suite.ReadUserByLoginAndPasswordTest" name="testReadByLoginAndPassword" time="0.026"/>
  <testcase classname="test.by.jwd.finaltaskweb.dao.suite.ReadUserByLoginAndPasswordTest" name="testReadByLoginAndPassword" time="0.043"/>
  <testcase classname="test.by.jwd.finaltaskweb.dao.suite.ReadUserByLoginAndPasswordTest" name="testReadByLoginAndPassword" time="0.049"/>
  <testcase classname="test.by.jwd.finaltaskweb.dao.suite.ReadUserByLoginTest" name="testReadByLogin" time="0.032"/>
  <testcase classname="test.by.jwd.finaltaskweb.dao.suite.ReadUserByLoginTest" name="testReadByLogin" time="0.045"/>
  <testcase classname="test.by.jwd.finaltaskweb.dao.suite.ReadUserByLoginTest" name="testReadByLogin" time="0.08"/>
  <testcase classname="test.by.jwd.finaltaskweb.dao.suite.ReadActiveDanceClassByDateTest" name="testReadActiveByDate" time="0.03"/>
  <testcase classname="test.by.jwd.finaltaskweb.dao.suite.ReadActiveDanceClassByDateTest" name="testReadActiveByDate" time="0.036"/>
  <testcase classname="test.by.jwd.finaltaskweb.dao.suite.ReadActiveDanceClassByDateTest" name="testReadActiveByDate" time="0.019"/>
  <testcase classname="test.by.jwd.finaltaskweb.dao.suite.ReadAllDanceClassesTest" name="testReadAllDanceClass" time="0.023"/>
  <testcase classname="test.by.jwd.finaltaskweb.dao.suite.ReadValidMembershipByClientTest" name="testReadByClientAndPeriod" time="0.024"/>
  <testcase classname="test.by.jwd.finaltaskweb.dao.suite.ReadValidMembershipByClientTest" name="testReadByClientAndPeriod" time="0.041"/>
  <testcase classname="test.by.jwd.finaltaskweb.dao.suite.ReadMembershipByClientAndPeriodTest" name="testReadByClientAndPeriod" time="0.019"/>
  <testcase classname="test.by.jwd.finaltaskweb.dao.suite.ReadMembershipByClientAndPeriodTest" name="testReadByClientAndPeriod" time="0.022"/>
  <testcase classname="test.by.jwd.finaltaskweb.dao.suite.ReadMembershipByClientAndPeriodTest" name="testReadByClientAndPeriod" time="0.037"/>
  <testcase classname="test.by.jwd.finaltaskweb.dao.suite.ReadDanceClassByDateAndScheduleTest" name="testReadByDateAndSchedule" time="0.032"/>
  <testcase classname="test.by.jwd.finaltaskweb.dao.suite.ReadDanceClassByDateAndScheduleTest" name="testReadByDateAndSchedule" time="0.042"/>
  <testcase classname="test.by.jwd.finaltaskweb.dao.suite.ReadDanceClassByDateAndScheduleTest" name="testReadByDateAndSchedule" time="0.017"/>
  <testcase classname="test.by.jwd.finaltaskweb.dao.suite.ReadTeacherByDanceStyleTest" name="testReadByDanceStyle" time="0.02"/>
  <testcase classname="test.by.jwd.finaltaskweb.dao.suite.ReadTeacherByDanceStyleTest" name="testReadByDanceStyle" time="0.024"/>
  <testcase classname="test.by.jwd.finaltaskweb.dao.suite.ReadScheduleByWeekDayTest" name="testReadScheduleById" time="0.04"/>
  <testcase classname="test.by.jwd.finaltaskweb.dao.suite.ReadScheduleByWeekDayTest" name="testReadScheduleById" time="0.053"/>
  <testcase classname="test.by.jwd.finaltaskweb.dao.suite.ReadAllMembershipTypesTest" name="testReadAllTypes" time="0.047"/>
  <testcase classname="test.by.jwd.finaltaskweb.dao.suite.ReadScheduleByGroupTest" name="testReadScheduleById" time="0.03"/>
  <testcase classname="test.by.jwd.finaltaskweb.dao.suite.ReadScheduleByGroupTest" name="testReadScheduleById" time="0.022"/>
  <testcase classname="test.by.jwd.finaltaskweb.dao.suite.ReadDanceClassByPeriodTest" name="testReadDanceClassByPeriod" time="0.022"/>
  <testcase classname="test.by.jwd.finaltaskweb.dao.suite.ReadDanceClassByPeriodTest" name="testReadDanceClassByPeriod" time="0.02"/>
  <testcase classname="test.by.jwd.finaltaskweb.dao.suite.ReadAllGroupTest" name="testReadAll" time="0.017"/>
  <testcase classname="test.by.jwd.finaltaskweb.dao.suite.ReadActiveDanceClassByScheduleTest" name="testReadActiveBySchedule" time="0.021"/>
  <testcase classname="test.by.jwd.finaltaskweb.dao.suite.ReadActiveDanceClassByScheduleTest" name="testReadActiveBySchedule" time="0.02"/>
  <testcase classname="test.by.jwd.finaltaskweb.dao.suite.ReadAllMembershipTest" name="testReadAll" time="0.023"/>
  <testcase classname="test.by.jwd.finaltaskweb.dao.suite.ReadAllVisitTest" name="testReadAllVisit" time="0.071"/>
  <testcase classname="test.by.jwd.finaltaskweb.dao.suite.ReadDanceClassByScheduleTest" name="testReadBySchedule" time="0.068"/>
  <testcase classname="test.by.jwd.finaltaskweb.dao.suite.ReadDanceClassByScheduleTest" name="testReadBySchedule" time="0.037"/>
</testsuite> <!-- Default test -->
